#
# There is insufficient memory for the Java Runtime Environment to continue.
# Native memory allocation (malloc) failed to allocate 357392 bytes for Chunk::new
# Possible reasons:
#   The system is out of physical RAM or swap space
#   In 32 bit mode, the process size limit was hit
# Possible solutions:
#   Reduce memory load on the system
#   Increase physical memory or swap space
#   Check if swap backing store is full
#   Use 64 bit Java on a 64 bit OS
#   Decrease Java heap size (-Xmx/-Xms)
#   Decrease number of Java threads
#   Decrease Java thread stack sizes (-Xss)
#   Set larger code cache with -XX:ReservedCodeCacheSize=
# This output file may be truncated or incomplete.
#
#  Out of Memory Error (allocation.cpp:390), pid=17788, tid=17828
#
# JRE version: Java(TM) SE Runtime Environment (8.0_51-b16) (build 1.8.0_51-b16)
# Java VM: Java HotSpot(TM) 64-Bit Server VM (25.51-b03 mixed mode windows-amd64 compressed oops)
# Failed to write core dump. Minidumps are not enabled by default on client versions of Windows
#

---------------  T H R E A D  ---------------

Current thread (0x0000000017f14800):  JavaThread "C2 CompilerThread1" daemon [_thread_in_native, id=17828, stack(0x00000000185e0000,0x00000000186e0000)]

Stack: [0x00000000185e0000,0x00000000186e0000]
Native frames: (J=compiled Java code, j=interpreted, Vv=VM code, C=native code)
V  [jvm.dll+0x32b4ca]


Current CompileTask:
C2:   2521 1566       4       com.android.dx.ssa.SCCP::simulateStmt (481 bytes)


---------------  P R O C E S S  ---------------

Java Threads: ( => current thread )
  0x0000000018217000 JavaThread "pool-2-thread-4" [_thread_in_vm, id=18280, stack(0x00000000196e0000,0x00000000197e0000)]
  0x00000000182ab000 JavaThread "pool-2-thread-3" [_thread_blocked, id=4084, stack(0x00000000195e0000,0x00000000196e0000)]
  0x00000000182aa000 JavaThread "pool-2-thread-2" [_thread_in_Java, id=14132, stack(0x00000000194e0000,0x00000000195e0000)]
  0x00000000182a6000 JavaThread "pool-3-thread-1" [_thread_blocked, id=7956, stack(0x00000000193e0000,0x00000000194e0000)]
  0x00000000182db000 JavaThread "pool-2-thread-1" [_thread_blocked, id=18196, stack(0x00000000192e0000,0x00000000193e0000)]
  0x0000000017ff1000 JavaThread "Service Thread" daemon [_thread_blocked, id=13068, stack(0x00000000188e0000,0x00000000189e0000)]
  0x0000000017f6c800 JavaThread "C1 CompilerThread3" daemon [_thread_in_vm, id=12316, stack(0x00000000187e0000,0x00000000188e0000)]
  0x0000000017f64000 JavaThread "C2 CompilerThread2" daemon [_thread_in_native, id=16020, stack(0x00000000186e0000,0x00000000187e0000)]
=>0x0000000017f14800 JavaThread "C2 CompilerThread1" daemon [_thread_in_native, id=17828, stack(0x00000000185e0000,0x00000000186e0000)]
  0x0000000017f11000 JavaThread "C2 CompilerThread0" daemon [_thread_in_native, id=15872, stack(0x00000000184e0000,0x00000000185e0000)]
  0x0000000017f0e800 JavaThread "Attach Listener" daemon [_thread_blocked, id=9720, stack(0x00000000183e0000,0x00000000184e0000)]
  0x0000000017f63800 JavaThread "Signal Dispatcher" daemon [_thread_blocked, id=11784, stack(0x00000000182e0000,0x00000000183e0000)]
  0x0000000003399000 JavaThread "Finalizer" daemon [_thread_blocked, id=9544, stack(0x0000000017dc0000,0x0000000017ec0000)]
  0x0000000003392000 JavaThread "Reference Handler" daemon [_thread_blocked, id=16784, stack(0x0000000017cc0000,0x0000000017dc0000)]
  0x00000000032a3000 JavaThread "main" [_thread_blocked, id=5000, stack(0x00000000031a0000,0x00000000032a0000)]

Other Threads:
  0x0000000015eb9800 VMThread [stack: 0x0000000017bc0000,0x0000000017cc0000] [id=10232]
  0x0000000017ff4000 WatcherThread [stack: 0x00000000189e0000,0x0000000018ae0000] [id=7404]

VM state:not at safepoint (normal execution)

VM Mutex/Monitor currently owned by a thread: None

Heap:
 PSYoungGen      total 76288K, used 16092K [0x00000000eab00000, 0x00000000f4000000, 0x0000000100000000)
  eden space 65536K, 8% used [0x00000000eab00000,0x00000000eb0399e8,0x00000000eeb00000)
  from space 10752K, 99% used [0x00000000eeb00000,0x00000000ef57d638,0x00000000ef580000)
  to   space 10752K, 0% used [0x00000000f3580000,0x00000000f3580000,0x00000000f4000000)
 ParOldGen       total 175104K, used 496K [0x00000000c0000000, 0x00000000cab00000, 0x00000000eab00000)
  object space 175104K, 0% used [0x00000000c0000000,0x00000000c007c298,0x00000000cab00000)
 Metaspace       used 6282K, capacity 7128K, committed 7424K, reserved 1056768K
  class space    used 617K, capacity 656K, committed 768K, reserved 1048576K

Card table byte_map: [0x0000000012760000,0x0000000012970000] byte_map_base: 0x0000000012160000

Marking Bits: (ParMarkBitMap*) 0x0000000077a14040
 Begin Bits: [0x00000000132d0000, 0x00000000142d0000)
 End Bits:   [0x00000000142d0000, 0x00000000152d0000)

Polling page: 0x0000000001670000

CodeCache: size=245760Kb used=6994Kb max_used=6994Kb free=238765Kb
 bounds [0x00000000033a0000, 0x0000000003a80000, 0x00000000123a0000]
 total_blobs=1866 nmethods=1595 adapters=184
 compilation: enabled

Compilation events (10 events):
Event: 2.486 Thread 0x0000000017f6c800 nmethod 1599 0x0000000003a584d0 code [0x0000000003a58a60, 0x0000000003a5c758]
Event: 2.486 Thread 0x0000000017f6c800 1600       3       java.util.concurrent.locks.ReentrantLock::unlock (10 bytes)
Event: 2.486 Thread 0x0000000017f6c800 nmethod 1600 0x0000000003a5f810 code [0x0000000003a5f9a0, 0x0000000003a5fd98]
Event: 2.498 Thread 0x0000000017f6c800 1601       3       java.util.Collections$UnmodifiableList::get (11 bytes)
Event: 2.498 Thread 0x0000000017f6c800 nmethod 1601 0x0000000003a5fed0 code [0x0000000003a60040, 0x0000000003a60268]
Event: 2.498 Thread 0x0000000017f6c800 1602       3       com.android.dx.cf.code.Frame::initializeWithParameters (49 bytes)
Event: 2.499 Thread 0x0000000017f6c800 nmethod 1602 0x0000000003a60310 code [0x0000000003a604c0, 0x0000000003a60be8]
Event: 2.499 Thread 0x0000000017f6c800 1603       3       com.android.dx.cf.code.Ropper::addSetupBlocks (535 bytes)
Event: 2.505 Thread 0x0000000017f6c800 nmethod 1603 0x0000000003a60ed0 code [0x0000000003a61980, 0x0000000003a69d08]
Event: 2.516 Thread 0x0000000017f6c800 1604       3       com.android.dx.ssa.Optimizer::runSsaFormSteps (117 bytes)

GC Heap History (2 events):
Event: 2.365 GC heap before
{Heap before GC invocations=1 (full 0):
 PSYoungGen      total 76288K, used 65536K [0x00000000eab00000, 0x00000000f0000000, 0x0000000100000000)
  eden space 65536K, 100% used [0x00000000eab00000,0x00000000eeb00000,0x00000000eeb00000)
  from space 10752K, 0% used [0x00000000ef580000,0x00000000ef580000,0x00000000f0000000)
  to   space 10752K, 0% used [0x00000000eeb00000,0x00000000eeb00000,0x00000000ef580000)
 ParOldGen       total 175104K, used 0K [0x00000000c0000000, 0x00000000cab00000, 0x00000000eab00000)
  object space 175104K, 0% used [0x00000000c0000000,0x00000000c0000000,0x00000000cab00000)
 Metaspace       used 6262K, capacity 7128K, committed 7424K, reserved 1056768K
  class space    used 617K, capacity 656K, committed 768K, reserved 1048576K
Event: 2.400 GC heap after
Heap after GC invocations=1 (full 0):
 PSYoungGen      total 76288K, used 10741K [0x00000000eab00000, 0x00000000f4000000, 0x0000000100000000)
  eden space 65536K, 0% used [0x00000000eab00000,0x00000000eab00000,0x00000000eeb00000)
  from space 10752K, 99% used [0x00000000eeb00000,0x00000000ef57d638,0x00000000ef580000)
  to   space 10752K, 0% used [0x00000000f3580000,0x00000000f3580000,0x00000000f4000000)
 ParOldGen       total 175104K, used 496K [0x00000000c0000000, 0x00000000cab00000, 0x00000000eab00000)
  object space 175104K, 0% used [0x00000000c0000000,0x00000000c007c298,0x00000000cab00000)
 Metaspace       used 6262K, capacity 7128K, committed 7424K, reserved 1056768K
  class space    used 617K, capacity 656K, committed 768K, reserved 1048576K
}

Deoptimization events (10 events):
Event: 1.783 Thread 0x00000000182db000 Uncommon trap: reason=unstable_if action=reinterpret pc=0x0000000003692410 method=com.android.dx.rop.code.RegisterSpec.equals(ILcom/android/dx/rop/type/TypeBearer;Lcom/android/dx/rop/code/LocalItem;)Z @ 42
Event: 1.885 Thread 0x00000000182aa000 Uncommon trap: reason=unstable_if action=reinterpret pc=0x0000000003990a7c method=java.util.HashMap.resize()[Ljava/util/HashMap$Node; @ 206
Event: 2.153 Thread 0x00000000032a3000 Uncommon trap: reason=unstable_if action=reinterpret pc=0x00000000039bf158 method=com.android.dx.rop.code.LocalItem.hashCode()I @ 25
Event: 2.153 Thread 0x00000000032a3000 Uncommon trap: reason=unstable_if action=reinterpret pc=0x000000000368415c method=com.android.dx.rop.code.LocalItem.hashCode()I @ 25
Event: 2.156 Thread 0x00000000032a3000 Uncommon trap: reason=null_check action=make_not_entrant pc=0x00000000036fd4e0 method=com.android.dx.rop.type.Type.equals(Ljava/lang/Object;)Z @ 8
Event: 2.166 Thread 0x00000000032a3000 Uncommon trap: reason=unstable_if action=reinterpret pc=0x0000000003820d5c method=java.util.HashMap.putVal(ILjava/lang/Object;Ljava/lang/Object;ZZ)Ljava/lang/Object; @ 109
Event: 2.236 Thread 0x00000000182db000 Uncommon trap: reason=class_check action=maybe_recompile pc=0x00000000039e25ac method=com.android.dx.rop.code.RegisterSpec.withSimpleType()Lcom/android/dx/rop/code/RegisterSpec; @ 21
Event: 2.236 Thread 0x00000000182db000 Uncommon trap: reason=unstable_if action=reinterpret pc=0x00000000039e1050 method=com.android.dx.rop.code.RegisterSpec.equals(ILcom/android/dx/rop/type/TypeBearer;Lcom/android/dx/rop/code/LocalItem;)Z @ 42
Event: 2.264 Thread 0x00000000182db000 Uncommon trap: reason=unstable_if action=reinterpret pc=0x0000000003971900 method=com.android.dx.rop.code.RegisterSpecSet.localItemToSpec(Lcom/android/dx/rop/code/LocalItem;)Lcom/android/dx/rop/code/RegisterSpec; @ 35
Event: 2.306 Thread 0x0000000018217000 Uncommon trap: reason=null_check action=make_not_entrant pc=0x00000000039b48ec method=com.android.dx.ssa.SsaRenamer.getLocalForNewReg(I)Lcom/android/dx/rop/code/LocalItem; @ 19

Internal exceptions (7 events):
Event: 0.039 Thread 0x00000000032a3000 Exception <a 'java/lang/NoSuchMethodError': Method sun.misc.Unsafe.defineClass(Ljava/lang/String;[BII)Ljava/lang/Class; name or signature does not match> (0x00000000eab12d00) thrown at [C:\re\workspace\8-2-build-windows-amd64-cygwin\jdk8u51\3951\hotspot\sr5\yË	¤?
Event: 0.039 Thread 0x00000000032a3000 Exception <a 'java/lang/NoSuchMethodError': Method sun.misc.Unsafe.prefetchRead(Ljava/lang/Object;J)V name or signature does not match> (0x00000000eab12f90) thrown at [C:\re\workspace\8-2-build-windows-amd64-cygwin\jdk8u51\3951\hotspot\src\share\vm\prims\j›—m¾Õ•û?
Event: 1.724 Thread 0x0000000018217000 Exception <a 'java/lang/ArrayIndexOutOfBoundsException': 18> (0x00000000ed978378) thrown at [C:\re\workspace\8-2-build-windows-amd64-cygwin\jdk8u51\3951\hotspot\src\share\vm\interpreter\interpreterRuntime.cpp, line 366]
Event: 1.725 Thread 0x0000000018217000 Exception <a 'java/lang/ArrayIndexOutOfBoundsException'> (0x00000000ed979e48) thrown at [C:\re\workspace\8-2-build-windows-amd64-cygwin\jdk8u51\3951\hotspot\src\share\vm\runtime\sharedRuntime.cpp, line 605]
Event: 1.725 Thread 0x0000000018217000 Exception <a 'java/lang/ArrayIndexOutOfBoundsException'> (0x00000000ed97b080) thrown at [C:\re\workspace\8-2-build-windows-amd64-cygwin\jdk8u51\3951\hotspot\src\share\vm\runtime\sharedRuntime.cpp, line 605]
Event: 2.156 Thread 0x00000000032a3000 Implicit null exception at 0x00000000036fd3e2 to 0x00000000036fd4d2
Event: 2.306 Thread 0x0000000018217000 Implicit null exception at 0x00000000039b1b83 to 0x00000000039b48bd

Events (10 events):
Event: 2.236 Thread 0x00000000182db000 DEOPT PACKING pc=0x00000000039e1050 sp=0x00000000193de8b0
Event: 2.236 Thread 0x00000000182db000 DEOPT UNPACKING pc=0x00000000033e582a sp=0x00000000193de7d8 mode 2
Event: 2.264 Thread 0x00000000182db000 Uncommon trap: trap_request=0xffffff65 fr.pc=0x0000000003971900
Event: 2.264 Thread 0x00000000182db000 DEOPT PACKING pc=0x0000000003971900 sp=0x00000000193de880
Event: 2.264 Thread 0x00000000182db000 DEOPT UNPACKING pc=0x00000000033e582a sp=0x00000000193de820 mode 2
Event: 2.306 Thread 0x0000000018217000 Uncommon trap: trap_request=0xfffffff4 fr.pc=0x00000000039b48ec
Event: 2.306 Thread 0x0000000018217000 DEOPT PACKING pc=0x00000000039b48ec sp=0x00000000197debb0
Event: 2.306 Thread 0x0000000018217000 DEOPT UNPACKING pc=0x00000000033e582a sp=0x00000000197de970 mode 2
Event: 2.329 Executing VM operation: ParallelGCFailedAllocation
Event: 2.400 Executing VM operation: ParallelGCFailedAllocation done


Dynamic libraries:
0x00007ff760050000 - 0x00007ff760087000 	C:\Program Files\Java\jdk1.8.0_51\bin\java.exe
0x00007ff9ddac0000 - 0x00007ff9ddc81000 	C:\WINDOWS\SYSTEM32\ntdll.dll
0x00007ff9dbcd0000 - 0x00007ff9dbd7d000 	C:\WINDOWS\system32\KERNEL32.DLL
0x00007ff9dabd0000 - 0x00007ff9dadb8000 	C:\WINDOWS\system32\KERNELBASE.dll
0x00007ff9dba60000 - 0x00007ff9dbb07000 	C:\WINDOWS\system32\ADVAPI32.dll
0x00007ff9dda20000 - 0x00007ff9ddabd000 	C:\WINDOWS\system32\msvcrt.dll
0x00007ff9dd850000 - 0x00007ff9dd8ab000 	C:\WINDOWS\system32\sechost.dll
0x00007ff9db760000 - 0x00007ff9db87c000 	C:\WINDOWS\system32\RPCRT4.dll
0x00007ff9dd8c0000 - 0x00007ff9dda16000 	C:\WINDOWS\system32\USER32.dll
0x00007ff9dd500000 - 0x00007ff9dd686000 	C:\WINDOWS\system32\GDI32.dll
0x00007ff9cab00000 - 0x00007ff9cad74000 	C:\WINDOWS\WinSxS\amd64_microsoft.windows.common-controls_6595b64144ccf1df_6.0.10586.672_none_a2d6b3cea53ff843\COMCTL32.dll
0x00007ff9db4e0000 - 0x00007ff9db75d000 	C:\WINDOWS\system32\combase.dll
0x00007ff9dab60000 - 0x00007ff9dabca000 	C:\WINDOWS\system32\bcryptPrimitives.dll
0x00007ff9db880000 - 0x00007ff9db8bb000 	C:\WINDOWS\system32\IMM32.DLL
0x0000000077030000 - 0x0000000077102000 	C:\Program Files\Java\jdk1.8.0_51\jre\bin\msvcr100.dll
0x0000000077210000 - 0x0000000077a93000 	C:\Program Files\Java\jdk1.8.0_51\jre\bin\server\jvm.dll
0x00007ff9dd8b0000 - 0x00007ff9dd8b8000 	C:\WINDOWS\system32\PSAPI.DLL
0x00007ff9c9f90000 - 0x00007ff9c9f99000 	C:\WINDOWS\SYSTEM32\WSOCK32.dll
0x00007ff9dd430000 - 0x00007ff9dd49b000 	C:\WINDOWS\system32\WS2_32.dll
0x00007ff9d69a0000 - 0x00007ff9d69c3000 	C:\WINDOWS\SYSTEM32\WINMM.dll
0x00007ff9d7520000 - 0x00007ff9d752a000 	C:\WINDOWS\SYSTEM32\VERSION.dll
0x00007ff9d6870000 - 0x00007ff9d689c000 	C:\WINDOWS\SYSTEM32\WINMMBASE.dll
0x00007ff9dadc0000 - 0x00007ff9dae03000 	C:\WINDOWS\system32\cfgmgr32.dll
0x0000000052390000 - 0x000000005239f000 	C:\Program Files\Java\jdk1.8.0_51\jre\bin\verify.dll
0x0000000052360000 - 0x0000000052389000 	C:\Program Files\Java\jdk1.8.0_51\jre\bin\java.dll
0x0000000051d20000 - 0x0000000051d36000 	C:\Program Files\Java\jdk1.8.0_51\jre\bin\zip.dll
0x00007ff9dbed0000 - 0x00007ff9dd42c000 	C:\WINDOWS\system32\SHELL32.dll
0x00007ff9da510000 - 0x00007ff9dab55000 	C:\WINDOWS\system32\windows.storage.dll
0x00007ff9dd4a0000 - 0x00007ff9dd4f2000 	C:\WINDOWS\system32\shlwapi.dll
0x00007ff9da160000 - 0x00007ff9da16f000 	C:\WINDOWS\system32\kernel.appcore.dll
0x00007ff9da450000 - 0x00007ff9da505000 	C:\WINDOWS\system32\shcore.dll
0x00007ff9da110000 - 0x00007ff9da15b000 	C:\WINDOWS\system32\powrprof.dll
0x00007ff9da0f0000 - 0x00007ff9da104000 	C:\WINDOWS\system32\profapi.dll
0x00007ff9a6800000 - 0x00007ff9a698c000 	C:\WINDOWS\SYSTEM32\dbghelp.dll

VM Arguments:
jvm_args: -Djava.awt.headless=true -Xmx1024M -Dfile.encoding=windows-31j -Duser.country=CA -Duser.language=en -Duser.variant 
java_command: com.android.dx.command.Main --dex --force-jumbo --num-threads=4 --multi-dex --output D:\Downloads\CookHelper\CookHelper\app\build\intermediates\transforms\dex\debug\folders\1000\10\com.android.support-support-core-ui-24.2.0_da74e76a522c964a4772759ddac5b666fa4ab34f D:\Downloads\CookHelper\CookHelper\app\build\intermediates\exploded-aar\com.android.support\support-core-ui\24.2.0\jars\classes.jar
java_class_path (initial): C:\Users\Ahns\AppData\Local\Android\Sdk\build-tools\24.0.1\lib\dx.jar
Launcher Type: SUN_STANDARD

Environment Variables:
PATH=C:\Program Files (x86)\NVIDIA Corporation\PhysX\Common;c:\programdata\oracle\java\javapath;c:\windows\system32;c:\windows;c:\windows\system32\wbem;c:\windows\system32\windowspowershell\v1.0\;c:\program files\widcomm\bluetooth software\;c:\program files\widcomm\bluetooth software\syswow64;c:/python34;c:\program files (x86)\quicktime\qtsystem\;C:\Program Files (x86)\Skype\Phone\;C:\Program Files (x86)\ATI Technologies\ATI.ACE\Core-Static;C:\Program Files\Git\cmd;C:\WINDOWS\system32;C:\WINDOWS;C:\WINDOWS\System32\Wbem;C:\WINDOWS\System32\WindowsPowerShell\v1.0\;C:\Program Files (x86)\Windows Kits\8.1\Windows Performance Toolkit\;C:\Program Files\Microsoft SQL Server\110\Tools\Binn\;C:\Users\Ahns\AppData\Local\Programs\Python\Python35-32\Scripts\;C:\Users\Ahns\AppData\Local\Programs\Python\Python35-32\;C:\Program Files (x86)\Java\jdk1.8.0_51\bin
USERNAME=Ahns
OS=Windows_NT
PROCESSOR_IDENTIFIER=Intel64 Family 6 Model 62 Stepping 4, GenuineIntel



---------------  S Y S T E M  ---------------

OS: Windows 10.0 , 64 bit Build 10586 (10.0.10586.589)

CPU:total 8 (4 cores per cpu, 2 threads per core) family 6 model 62 stepping 4, cmov, cx8, fxsr, mmx, sse, sse2, sse3, ssse3, sse4.1, sse4.2, popcnt, avx, aes, clmul, erms, ht, tsc, tscinvbit

Memory: 4k page, physical 16689932k(4016100k free), swap 20387284k(5200k free)

vm_info: Java HotSpot(TM) 64-Bit Server VM (25.51-b03) for windows-amd64 JRE (1.8.0_51-b16), built on Jun  8 2015 18:03:07 by "java_re" with MS VC++ 10.0 (VS2010)

time: Sat Nov 19 16:14:59 2016
elapsed time: 2 seconds (0d 0h 0m 2s)

