#
# There is insufficient memory for the Java Runtime Environment to continue.
# Native memory allocation (malloc) failed to allocate 117616 bytes for Chunk::new
# Possible reasons:
#   The system is out of physical RAM or swap space
#   In 32 bit mode, the process size limit was hit
# Possible solutions:
#   Reduce memory load on the system
#   Increase physical memory or swap space
#   Check if swap backing store is full
#   Use 64 bit Java on a 64 bit OS
#   Decrease Java heap size (-Xmx/-Xms)
#   Decrease number of Java threads
#   Decrease Java thread stack sizes (-Xss)
#   Set larger code cache with -XX:ReservedCodeCacheSize=
# This output file may be truncated or incomplete.
#
#  Out of Memory Error (allocation.cpp:390), pid=1740, tid=6756
#
# JRE version: Java(TM) SE Runtime Environment (8.0_51-b16) (build 1.8.0_51-b16)
# Java VM: Java HotSpot(TM) 64-Bit Server VM (25.51-b03 mixed mode windows-amd64 compressed oops)
# Failed to write core dump. Minidumps are not enabled by default on client versions of Windows
#

---------------  T H R E A D  ---------------

Current thread (0x00000000172db000):  JavaThread "C2 CompilerThread1" daemon [_thread_in_native, id=6756, stack(0x0000000017900000,0x0000000017a00000)]

Stack: [0x0000000017900000,0x0000000017a00000]
Native frames: (J=compiled Java code, j=interpreted, Vv=VM code, C=native code)
V  [jvm.dll+0x32b4ca]


Current CompileTask:
C2:   2013 1728       4       com.android.dx.ssa.LiteralOpUpgrader$1::visitNonMoveInsn (203 bytes)


---------------  P R O C E S S  ---------------

Java Threads: ( => current thread )
  0x000000001758d000 JavaThread "pool-2-thread-4" [_thread_in_Java, id=16120, stack(0x0000000018a00000,0x0000000018b00000)]
  0x0000000017564000 JavaThread "pool-2-thread-3" [_thread_in_Java, id=5516, stack(0x0000000018900000,0x0000000018a00000)]
  0x0000000017563000 JavaThread "pool-2-thread-2" [_thread_blocked, id=7032, stack(0x0000000018800000,0x0000000018900000)]
  0x00000000175fa800 JavaThread "pool-3-thread-1" [_thread_blocked, id=13532, stack(0x0000000018700000,0x0000000018800000)]
  0x00000000175f8000 JavaThread "pool-2-thread-1" [_thread_in_Java, id=17600, stack(0x0000000018600000,0x0000000018700000)]
  0x0000000017237800 JavaThread "Service Thread" daemon [_thread_blocked, id=17112, stack(0x0000000017c00000,0x0000000017d00000)]
  0x00000000172df800 JavaThread "C1 CompilerThread3" daemon [_thread_blocked, id=12620, stack(0x0000000017b00000,0x0000000017c00000)]
  0x00000000172dd000 JavaThread "C2 CompilerThread2" daemon [_thread_in_native, id=18052, stack(0x0000000017a00000,0x0000000017b00000)]
=>0x00000000172db000 JavaThread "C2 CompilerThread1" daemon [_thread_in_native, id=6756, stack(0x0000000017900000,0x0000000017a00000)]
  0x0000000017230800 JavaThread "C2 CompilerThread0" daemon [_thread_in_native, id=15104, stack(0x0000000017800000,0x0000000017900000)]
  0x000000001722e800 JavaThread "Attach Listener" daemon [_thread_blocked, id=13256, stack(0x0000000017700000,0x0000000017800000)]
  0x0000000017283800 JavaThread "Signal Dispatcher" daemon [_thread_blocked, id=14700, stack(0x0000000017600000,0x0000000017700000)]
  0x00000000026f9000 JavaThread "Finalizer" daemon [_thread_blocked, id=1472, stack(0x0000000017100000,0x0000000017200000)]
  0x000000001521d000 JavaThread "Reference Handler" daemon [_thread_blocked, id=18144, stack(0x0000000017000000,0x0000000017100000)]
  0x0000000002603000 JavaThread "main" [_thread_in_vm, id=5184, stack(0x0000000002440000,0x0000000002540000)]

Other Threads:
  0x0000000015218800 VMThread [stack: 0x0000000016f00000,0x0000000017000000] [id=13844]
  0x00000000172e9800 WatcherThread [stack: 0x0000000017d00000,0x0000000017e00000] [id=15880]

VM state:not at safepoint (normal execution)

VM Mutex/Monitor currently owned by a thread: None

Heap:
 PSYoungGen      total 76288K, used 60366K [0x00000000eab00000, 0x00000000f4000000, 0x0000000100000000)
  eden space 65536K, 75% used [0x00000000eab00000,0x00000000edb78ca0,0x00000000eeb00000)
  from space 10752K, 99% used [0x00000000eeb00000,0x00000000ef57ae98,0x00000000ef580000)
  to   space 10752K, 0% used [0x00000000f3580000,0x00000000f3580000,0x00000000f4000000)
 ParOldGen       total 175104K, used 1626K [0x00000000c0000000, 0x00000000cab00000, 0x00000000eab00000)
  object space 175104K, 0% used [0x00000000c0000000,0x00000000c0196b58,0x00000000cab00000)
 Metaspace       used 6348K, capacity 7192K, committed 7424K, reserved 1056768K
  class space    used 616K, capacity 656K, committed 768K, reserved 1048576K

Card table byte_map: [0x0000000011ac0000,0x0000000011cd0000] byte_map_base: 0x00000000114c0000

Marking Bits: (ParMarkBitMap*) 0x0000000077a14040
 Begin Bits: [0x0000000012630000, 0x0000000013630000)
 End Bits:   [0x0000000013630000, 0x0000000014630000)

Polling page: 0x0000000000930000

CodeCache: size=245760Kb used=7339Kb max_used=7351Kb free=238420Kb
 bounds [0x0000000002700000, 0x0000000002e40000, 0x0000000011700000]
 total_blobs=1970 nmethods=1699 adapters=184
 compilation: enabled

Compilation events (10 events):
Event: 1.986 Thread 0x00000000172df800 1727       2       com.android.dx.rop.cst.CstDouble::getType (4 bytes)
Event: 1.986 Thread 0x00000000172df800 nmethod 1727 0x0000000002e0d590 code [0x0000000002e0d6e0, 0x0000000002e0d830]
Event: 1.999 Thread 0x00000000172db000 nmethod 1706 0x0000000002e33910 code [0x0000000002e33bc0, 0x0000000002e360a8]
Event: 1.999 Thread 0x00000000172df800 1729       1       com.android.dx.rop.cst.CstLiteral32::fitsInInt (2 bytes)
Event: 1.999 Thread 0x00000000172df800 nmethod 1729 0x0000000002def4d0 code [0x0000000002def620, 0x0000000002def730]
Event: 1.999 Thread 0x00000000172db000 1728       4       com.android.dx.ssa.LiteralOpUpgrader$1::visitNonMoveInsn (203 bytes)
Event: 2.000 Thread 0x00000000172df800 1731       2       com.android.dx.ssa.SsaMethod$1::visitMoveInsn (17 bytes)
Event: 2.000 Thread 0x00000000172df800 nmethod 1731 0x0000000002e0d050 code [0x0000000002e0d1c0, 0x0000000002e0d3d0]
Event: 2.002 Thread 0x00000000172df800 1734       2       com.android.dx.rop.code.Rops::opConv (231 bytes)
Event: 2.004 Thread 0x00000000172df800 nmethod 1734 0x0000000002e25bd0 code [0x0000000002e25e60, 0x0000000002e269f8]

GC Heap History (2 events):
Event: 1.623 GC heap before
{Heap before GC invocations=1 (full 0):
 PSYoungGen      total 76288K, used 65536K [0x00000000eab00000, 0x00000000f0000000, 0x0000000100000000)
  eden space 65536K, 100% used [0x00000000eab00000,0x00000000eeb00000,0x00000000eeb00000)
  from space 10752K, 0% used [0x00000000ef580000,0x00000000ef580000,0x00000000f0000000)
  to   space 10752K, 0% used [0x00000000eeb00000,0x00000000eeb00000,0x00000000ef580000)
 ParOldGen       total 175104K, used 0K [0x00000000c0000000, 0x00000000cab00000, 0x00000000eab00000)
  object space 175104K, 0% used [0x00000000c0000000,0x00000000c0000000,0x00000000cab00000)
 Metaspace       used 6284K, capacity 7128K, committed 7424K, reserved 1056768K
  class space    used 616K, capacity 656K, committed 768K, reserved 1048576K
Event: 1.714 GC heap after
Heap after GC invocations=1 (full 0):
 PSYoungGen      total 76288K, used 10731K [0x00000000eab00000, 0x00000000f4000000, 0x0000000100000000)
  eden space 65536K, 0% used [0x00000000eab00000,0x00000000eab00000,0x00000000eeb00000)
  from space 10752K, 99% used [0x00000000eeb00000,0x00000000ef57ae98,0x00000000ef580000)
  to   space 10752K, 0% used [0x00000000f3580000,0x00000000f3580000,0x00000000f4000000)
 ParOldGen       total 175104K, used 1626K [0x00000000c0000000, 0x00000000cab00000, 0x00000000eab00000)
  object space 175104K, 0% used [0x00000000c0000000,0x00000000c0196b58,0x00000000cab00000)
 Metaspace       used 6284K, capacity 7128K, committed 7424K, reserved 1056768K
  class space    used 616K, capacity 656K, committed 768K, reserved 1048576K
}

Deoptimization events (10 events):
Event: 1.367 Thread 0x000000001758d000 Uncommon trap: reason=unstable_if action=reinterpret pc=0x0000000002a292cc method=java.util.HashMap.putVal(ILjava/lang/Object;Ljava/lang/Object;ZZ)Ljava/lang/Object; @ 162
Event: 1.386 Thread 0x000000001758d000 Uncommon trap: reason=uninitialized action=reinterpret pc=0x0000000002cdb0d8 method=com.android.dx.cf.code.BytecodeArray.parseInstruction(ILcom/android/dx/cf/code/BytecodeArray$Visitor;)I @ 999
Event: 1.398 Thread 0x0000000002603000 Uncommon trap: reason=unstable_if action=reinterpret pc=0x0000000002cc45d8 method=java.util.HashMap.getNode(ILjava/lang/Object;)Ljava/util/HashMap$Node; @ 84
Event: 1.544 Thread 0x000000001758d000 Uncommon trap: reason=unstable_if action=reinterpret pc=0x0000000002b3e6dc method=java.util.HashMap.putVal(ILjava/lang/Object;Ljava/lang/Object;ZZ)Ljava/lang/Object; @ 109
Event: 1.562 Thread 0x000000001758d000 Uncommon trap: reason=bimorphic action=maybe_recompile pc=0x000000000293925c method=java.util.HashMap.getNode(ILjava/lang/Object;)Ljava/util/HashMap$Node; @ 126
Event: 1.574 Thread 0x0000000002603000 Uncommon trap: reason=unstable_if action=reinterpret pc=0x0000000002ca16bc method=com.android.dx.ssa.LiteralOpUpgrader$1.visitNonMoveInsn(Lcom/android/dx/ssa/NormalSsaInsn;)V @ 176
Event: 1.589 Thread 0x00000000175f8000 Uncommon trap: reason=null_check action=make_not_entrant pc=0x0000000002af82a0 method=com.android.dx.rop.type.Type.equals(Ljava/lang/Object;)Z @ 8
Event: 1.612 Thread 0x0000000017564000 Uncommon trap: reason=unstable_if action=reinterpret pc=0x0000000002a11ad0 method=com.android.dx.rop.code.RegisterSpec.equals(ILcom/android/dx/rop/type/TypeBearer;Lcom/android/dx/rop/code/LocalItem;)Z @ 42
Event: 1.768 Thread 0x000000001758d000 Uncommon trap: reason=unstable_if action=reinterpret pc=0x0000000002bea574 method=com.android.dx.ssa.SCCP.simulateStmt(Lcom/android/dx/ssa/SsaInsn;)V @ 59
Event: 1.895 Thread 0x0000000017564000 Uncommon trap: reason=unstable_if action=reinterpret pc=0x0000000002dfb6bc method=com.android.dx.rop.code.RegisterSpec.equals(ILcom/android/dx/rop/type/TypeBearer;Lcom/android/dx/rop/code/LocalItem;)Z @ 42

Internal exceptions (7 events):
Event: 0.040 Thread 0x0000000002603000 Exception <a 'java/lang/NoSuchMethodError': Method sun.misc.Unsafe.defineClass(Ljava/lang/String;[BII)Ljava/lang/Class; name or signature does not match> (0x00000000eab12f08) thrown at [C:\re\workspace\8-2-build-windows-amd64-cygwin\jdk8u51\3951\hotspot\srX•K∏äñ§?
Event: 0.040 Thread 0x0000000002603000 Exception <a 'java/lang/NoSuchMethodError': Method sun.misc.Unsafe.prefetchRead(Ljava/lang/Object;J)V name or signature does not match> (0x00000000eab13198) thrown at [C:\re\workspace\8-2-build-windows-amd64-cygwin\jdk8u51\3951\hotspot\src\share\vm\prims\j8Z•Å›ãı?
Event: 1.347 Thread 0x000000001758d000 Implicit null exception at 0x0000000002a466ac to 0x0000000002a49751
Event: 1.369 Thread 0x000000001758d000 Exception <a 'java/lang/ArrayIndexOutOfBoundsException': 18> (0x00000000ed543188) thrown at [C:\re\workspace\8-2-build-windows-amd64-cygwin\jdk8u51\3951\hotspot\src\share\vm\interpreter\interpreterRuntime.cpp, line 366]
Event: 1.370 Thread 0x000000001758d000 Exception <a 'java/lang/ArrayIndexOutOfBoundsException': 145> (0x00000000ed544c58) thrown at [C:\re\workspace\8-2-build-windows-amd64-cygwin\jdk8u51\3951\hotspot\src\share\vm\interpreter\interpreterRuntime.cpp, line 366]
Event: 1.371 Thread 0x000000001758d000 Exception <a 'java/lang/ArrayIndexOutOfBoundsException': 40> (0x00000000ed545e90) thrown at [C:\re\workspace\8-2-build-windows-amd64-cygwin\jdk8u51\3951\hotspot\src\share\vm\interpreter\interpreterRuntime.cpp, line 366]
Event: 1.589 Thread 0x00000000175f8000 Implicit null exception at 0x0000000002af81a2 to 0x0000000002af8292

Events (10 events):
Event: 1.612 Thread 0x0000000017564000 DEOPT PACKING pc=0x0000000002a11ad0 sp=0x00000000189feca0
Event: 1.612 Thread 0x0000000017564000 DEOPT UNPACKING pc=0x000000000274582a sp=0x00000000189fec28 mode 2
Event: 1.622 Executing VM operation: ParallelGCFailedAllocation
Event: 1.714 Executing VM operation: ParallelGCFailedAllocation done
Event: 1.768 Thread 0x000000001758d000 Uncommon trap: trap_request=0xffffff65 fr.pc=0x0000000002bea574
Event: 1.768 Thread 0x000000001758d000 DEOPT PACKING pc=0x0000000002bea574 sp=0x0000000018afe830
Event: 1.768 Thread 0x000000001758d000 DEOPT UNPACKING pc=0x000000000274582a sp=0x0000000018afe818 mode 2
Event: 1.895 Thread 0x0000000017564000 Uncommon trap: trap_request=0xffffff65 fr.pc=0x0000000002dfb6bc
Event: 1.895 Thread 0x0000000017564000 DEOPT PACKING pc=0x0000000002dfb6bc sp=0x00000000189fecd0
Event: 1.895 Thread 0x0000000017564000 DEOPT UNPACKING pc=0x000000000274582a sp=0x00000000189febe8 mode 2


Dynamic libraries:
0x00007ff760050000 - 0x00007ff760087000 	C:\Program Files\Java\jdk1.8.0_51\bin\java.exe
0x00007ff9ddac0000 - 0x00007ff9ddc81000 	C:\WINDOWS\SYSTEM32\ntdll.dll
0x00007ff9dbcd0000 - 0x00007ff9dbd7d000 	C:\WINDOWS\system32\KERNEL32.DLL
0x00007ff9dabd0000 - 0x00007ff9dadb8000 	C:\WINDOWS\system32\KERNELBASE.dll
0x00007ff9dba60000 - 0x00007ff9dbb07000 	C:\WINDOWS\system32\ADVAPI32.dll
0x00007ff9dda20000 - 0x00007ff9ddabd000 	C:\WINDOWS\system32\msvcrt.dll
0x00007ff9dd850000 - 0x00007ff9dd8ab000 	C:\WINDOWS\system32\sechost.dll
0x00007ff9db760000 - 0x00007ff9db87c000 	C:\WINDOWS\system32\RPCRT4.dll
0x00007ff9dd8c0000 - 0x00007ff9dda16000 	C:\WINDOWS\system32\USER32.dll
0x00007ff9dd500000 - 0x00007ff9dd686000 	C:\WINDOWS\system32\GDI32.dll
0x00007ff9cab00000 - 0x00007ff9cad74000 	C:\WINDOWS\WinSxS\amd64_microsoft.windows.common-controls_6595b64144ccf1df_6.0.10586.672_none_a2d6b3cea53ff843\COMCTL32.dll
0x00007ff9db4e0000 - 0x00007ff9db75d000 	C:\WINDOWS\system32\combase.dll
0x00007ff9dab60000 - 0x00007ff9dabca000 	C:\WINDOWS\system32\bcryptPrimitives.dll
0x00007ff9db880000 - 0x00007ff9db8bb000 	C:\WINDOWS\system32\IMM32.DLL
0x0000000077030000 - 0x0000000077102000 	C:\Program Files\Java\jdk1.8.0_51\jre\bin\msvcr100.dll
0x0000000077210000 - 0x0000000077a93000 	C:\Program Files\Java\jdk1.8.0_51\jre\bin\server\jvm.dll
0x00007ff9dd8b0000 - 0x00007ff9dd8b8000 	C:\WINDOWS\system32\PSAPI.DLL
0x00007ff9c9f90000 - 0x00007ff9c9f99000 	C:\WINDOWS\SYSTEM32\WSOCK32.dll
0x00007ff9dd430000 - 0x00007ff9dd49b000 	C:\WINDOWS\system32\WS2_32.dll
0x00007ff9d69a0000 - 0x00007ff9d69c3000 	C:\WINDOWS\SYSTEM32\WINMM.dll
0x00007ff9d7520000 - 0x00007ff9d752a000 	C:\WINDOWS\SYSTEM32\VERSION.dll
0x00007ff9d6870000 - 0x00007ff9d689c000 	C:\WINDOWS\SYSTEM32\WINMMBASE.dll
0x00007ff9dadc0000 - 0x00007ff9dae03000 	C:\WINDOWS\system32\cfgmgr32.dll
0x0000000052390000 - 0x000000005239f000 	C:\Program Files\Java\jdk1.8.0_51\jre\bin\verify.dll
0x0000000052360000 - 0x0000000052389000 	C:\Program Files\Java\jdk1.8.0_51\jre\bin\java.dll
0x0000000051d20000 - 0x0000000051d36000 	C:\Program Files\Java\jdk1.8.0_51\jre\bin\zip.dll
0x00007ff9dbed0000 - 0x00007ff9dd42c000 	C:\WINDOWS\system32\SHELL32.dll
0x00007ff9da510000 - 0x00007ff9dab55000 	C:\WINDOWS\system32\windows.storage.dll
0x00007ff9dd4a0000 - 0x00007ff9dd4f2000 	C:\WINDOWS\system32\shlwapi.dll
0x00007ff9da160000 - 0x00007ff9da16f000 	C:\WINDOWS\system32\kernel.appcore.dll
0x00007ff9da450000 - 0x00007ff9da505000 	C:\WINDOWS\system32\shcore.dll
0x00007ff9da110000 - 0x00007ff9da15b000 	C:\WINDOWS\system32\powrprof.dll
0x00007ff9da0f0000 - 0x00007ff9da104000 	C:\WINDOWS\system32\profapi.dll

VM Arguments:
jvm_args: -Djava.awt.headless=true -Xmx1024M -Dfile.encoding=windows-31j -Duser.country=CA -Duser.language=en -Duser.variant 
java_command: com.android.dx.command.Main --dex --force-jumbo --num-threads=4 --multi-dex --output D:\Downloads\CookHelper\CookHelper\app\build\intermediates\transforms\dex\debug\folders\1000\10\com.android.support-support-core-ui-24.2.0_da74e76a522c964a4772759ddac5b666fa4ab34f D:\Downloads\CookHelper\CookHelper\app\build\intermediates\exploded-aar\com.android.support\support-core-ui\24.2.0\jars\classes.jar
java_class_path (initial): C:\Users\Ahns\AppData\Local\Android\Sdk\build-tools\24.0.1\lib\dx.jar
Launcher Type: SUN_STANDARD

Environment Variables:
PATH=C:\Program Files (x86)\NVIDIA Corporation\PhysX\Common;c:\programdata\oracle\java\javapath;c:\windows\system32;c:\windows;c:\windows\system32\wbem;c:\windows\system32\windowspowershell\v1.0\;c:\program files\widcomm\bluetooth software\;c:\program files\widcomm\bluetooth software\syswow64;c:/python34;c:\program files (x86)\quicktime\qtsystem\;C:\Program Files (x86)\Skype\Phone\;C:\Program Files (x86)\ATI Technologies\ATI.ACE\Core-Static;C:\Program Files\Git\cmd;C:\WINDOWS\system32;C:\WINDOWS;C:\WINDOWS\System32\Wbem;C:\WINDOWS\System32\WindowsPowerShell\v1.0\;C:\Program Files (x86)\Windows Kits\8.1\Windows Performance Toolkit\;C:\Program Files\Microsoft SQL Server\110\Tools\Binn\;C:\Users\Ahns\AppData\Local\Programs\Python\Python35-32\Scripts\;C:\Users\Ahns\AppData\Local\Programs\Python\Python35-32\;C:\Program Files (x86)\Java\jdk1.8.0_51\bin
USERNAME=Ahns
OS=Windows_NT
PROCESSOR_IDENTIFIER=Intel64 Family 6 Model 62 Stepping 4, GenuineIntel



---------------  S Y S T E M  ---------------

OS: Windows 10.0 , 64 bit Build 10586 (10.0.10586.589)

CPU:total 8 (4 cores per cpu, 2 threads per core) family 6 model 62 stepping 4, cmov, cx8, fxsr, mmx, sse, sse2, sse3, ssse3, sse4.1, sse4.2, popcnt, avx, aes, clmul, erms, ht, tsc, tscinvbit

Memory: 4k page, physical 16689932k(4101184k free), swap 20387284k(4148k free)

vm_info: Java HotSpot(TM) 64-Bit Server VM (25.51-b03) for windows-amd64 JRE (1.8.0_51-b16), built on Jun  8 2015 18:03:07 by "java_re" with MS VC++ 10.0 (VS2010)

time: Sat Nov 19 16:13:57 2016
elapsed time: 2 seconds (0d 0h 0m 2s)

