#
# There is insufficient memory for the Java Runtime Environment to continue.
# Native memory allocation (malloc) failed to allocate 1820976 bytes for Chunk::new
# Possible reasons:
#   The system is out of physical RAM or swap space
#   In 32 bit mode, the process size limit was hit
# Possible solutions:
#   Reduce memory load on the system
#   Increase physical memory or swap space
#   Check if swap backing store is full
#   Use 64 bit Java on a 64 bit OS
#   Decrease Java heap size (-Xmx/-Xms)
#   Decrease number of Java threads
#   Decrease Java thread stack sizes (-Xss)
#   Set larger code cache with -XX:ReservedCodeCacheSize=
# This output file may be truncated or incomplete.
#
#  Out of Memory Error (allocation.cpp:390), pid=17864, tid=15936
#
# JRE version: Java(TM) SE Runtime Environment (8.0_51-b16) (build 1.8.0_51-b16)
# Java VM: Java HotSpot(TM) 64-Bit Server VM (25.51-b03 mixed mode windows-amd64 compressed oops)
# Failed to write core dump. Minidumps are not enabled by default on client versions of Windows
#

---------------  T H R E A D  ---------------

Current thread (0x0000000017856000):  JavaThread "C2 CompilerThread1" daemon [_thread_in_native, id=15936, stack(0x0000000017f20000,0x0000000018020000)]

Stack: [0x0000000017f20000,0x0000000018020000]
Native frames: (J=compiled Java code, j=interpreted, Vv=VM code, C=native code)
V  [jvm.dll+0x32b4ca]
V  [jvm.dll+0x2797e3]
V  [jvm.dll+0x27a479]
V  [jvm.dll+0x271765]
V  [jvm.dll+0xcba02]
V  [jvm.dll+0xcbecc]
V  [jvm.dll+0x476f72]
V  [jvm.dll+0x4b95ff]
V  [jvm.dll+0x46b745]
V  [jvm.dll+0x46cd4e]
V  [jvm.dll+0x4501a2]
V  [jvm.dll+0xa43a2]
V  [jvm.dll+0xa4cdf]
V  [jvm.dll+0x2418a4]
V  [jvm.dll+0x29846a]
C  [msvcr100.dll+0x21d9f]
C  [msvcr100.dll+0x21e3b]
C  [KERNEL32.DLL+0x18102]
C  [ntdll.dll+0x5c5b4]


Current CompileTask:
C2:   3000 1617   !   4       com.android.dx.cf.code.BytecodeArray::parseInstruction (2764 bytes)


---------------  P R O C E S S  ---------------

Java Threads: ( => current thread )
  0x0000000017c17800 JavaThread "pool-2-thread-4" [_thread_in_Java, id=11708, stack(0x0000000019020000,0x0000000019120000)]
  0x0000000017c15000 JavaThread "pool-2-thread-3" [_thread_in_Java, id=16092, stack(0x0000000018f20000,0x0000000019020000)]
  0x0000000017b0b800 JavaThread "pool-2-thread-2" [_thread_in_Java, id=17808, stack(0x0000000018e20000,0x0000000018f20000)]
  0x0000000017b09000 JavaThread "pool-3-thread-1" [_thread_blocked, id=12852, stack(0x0000000018d20000,0x0000000018e20000)]
  0x0000000017b06800 JavaThread "pool-2-thread-1" [_thread_in_Java, id=17700, stack(0x0000000018c20000,0x0000000018d20000)]
  0x000000001793f800 JavaThread "Service Thread" daemon [_thread_blocked, id=16020, stack(0x0000000018220000,0x0000000018320000)]
  0x00000000178ab000 JavaThread "C1 CompilerThread3" daemon [_thread_blocked, id=17780, stack(0x0000000018120000,0x0000000018220000)]
  0x0000000017857000 JavaThread "C2 CompilerThread2" daemon [_thread_in_native, id=14864, stack(0x0000000018020000,0x0000000018120000)]
=>0x0000000017856000 JavaThread "C2 CompilerThread1" daemon [_thread_in_native, id=15936, stack(0x0000000017f20000,0x0000000018020000)]
  0x0000000017853000 JavaThread "C2 CompilerThread0" daemon [_thread_in_native, id=4428, stack(0x0000000017e20000,0x0000000017f20000)]
  0x0000000017850800 JavaThread "Attach Listener" daemon [_thread_blocked, id=18248, stack(0x0000000017d20000,0x0000000017e20000)]
  0x000000001784f800 JavaThread "Signal Dispatcher" daemon [_thread_blocked, id=6644, stack(0x0000000017c20000,0x0000000017d20000)]
  0x0000000002d0a000 JavaThread "Finalizer" daemon [_thread_blocked, id=12120, stack(0x0000000017720000,0x0000000017820000)]
  0x0000000002d02000 JavaThread "Reference Handler" daemon [_thread_blocked, id=17160, stack(0x0000000017620000,0x0000000017720000)]
  0x0000000002c13000 JavaThread "main" [_thread_in_Java, id=17900, stack(0x0000000002a40000,0x0000000002b40000)]

Other Threads:
  0x0000000015829800 VMThread [stack: 0x0000000017520000,0x0000000017620000] [id=16632]
  0x0000000017940800 WatcherThread [stack: 0x0000000018320000,0x0000000018420000] [id=14488]

VM state:not at safepoint (normal execution)

VM Mutex/Monitor currently owned by a thread: None

Heap:
 PSYoungGen      total 76288K, used 54115K [0x00000000eab00000, 0x00000000f0000000, 0x0000000100000000)
  eden space 65536K, 66% used [0x00000000eab00000,0x00000000ed55b100,0x00000000eeb00000)
  from space 10752K, 99% used [0x00000000eeb00000,0x00000000ef57dc40,0x00000000ef580000)
  to   space 10752K, 0% used [0x00000000ef580000,0x00000000ef580000,0x00000000f0000000)
 ParOldGen       total 175104K, used 1147K [0x00000000c0000000, 0x00000000cab00000, 0x00000000eab00000)
  object space 175104K, 0% used [0x00000000c0000000,0x00000000c011ed90,0x00000000cab00000)
 Metaspace       used 6298K, capacity 7128K, committed 7424K, reserved 1056768K
  class space    used 616K, capacity 656K, committed 768K, reserved 1048576K

Card table byte_map: [0x00000000120d0000,0x00000000122e0000] byte_map_base: 0x0000000011ad0000

Marking Bits: (ParMarkBitMap*) 0x0000000077a14040
 Begin Bits: [0x0000000012c40000, 0x0000000013c40000)
 End Bits:   [0x0000000013c40000, 0x0000000014c40000)

Polling page: 0x00000000026b0000

CodeCache: size=245760Kb used=7129Kb max_used=7129Kb free=238630Kb
 bounds [0x0000000002d10000, 0x0000000003410000, 0x0000000011d10000]
 total_blobs=1980 nmethods=1709 adapters=184
 compilation: enabled

Compilation events (10 events):
Event: 2.986 Thread 0x00000000178ab000 1729       2       com.android.dx.rop.cst.CstString::<init> (42 bytes)
Event: 2.987 Thread 0x00000000178ab000 nmethod 1729 0x00000000034039d0 code [0x0000000003403b60, 0x0000000003403e78]
Event: 2.987 Thread 0x00000000178ab000 1728       2       com.android.dx.rop.annotation.Annotations::<init> (16 bytes)
Event: 2.987 Thread 0x00000000178ab000 nmethod 1728 0x0000000003404050 code [0x00000000034041a0, 0x0000000003404370]
Event: 2.988 Thread 0x00000000178ab000 1731       2       com.android.dx.dex.file.ValueEncoder::addContents (75 bytes)
Event: 2.989 Thread 0x00000000178ab000 nmethod 1731 0x0000000003404410 code [0x0000000003404600, 0x0000000003404cb8]
Event: 2.989 Thread 0x00000000178ab000 1732       2       com.android.dx.rop.code.CstInsn::contentEquals (31 bytes)
Event: 2.989 Thread 0x00000000178ab000 nmethod 1732 0x0000000003405310 code [0x0000000003405480, 0x0000000003405698]
Event: 2.989 Thread 0x00000000178ab000 1733       2       java.util.Arrays::copyOf (19 bytes)
Event: 2.989 Thread 0x00000000178ab000 nmethod 1733 0x0000000003405790 code [0x0000000003405900, 0x0000000003405b68]

GC Heap History (2 events):
Event: 2.634 GC heap before
{Heap before GC invocations=1 (full 0):
 PSYoungGen      total 76288K, used 65536K [0x00000000eab00000, 0x00000000f0000000, 0x0000000100000000)
  eden space 65536K, 100% used [0x00000000eab00000,0x00000000eeb00000,0x00000000eeb00000)
  from space 10752K, 0% used [0x00000000ef580000,0x00000000ef580000,0x00000000f0000000)
  to   space 10752K, 0% used [0x00000000eeb00000,0x00000000eeb00000,0x00000000ef580000)
 ParOldGen       total 175104K, used 0K [0x00000000c0000000, 0x00000000cab00000, 0x00000000eab00000)
  object space 175104K, 0% used [0x00000000c0000000,0x00000000c0000000,0x00000000cab00000)
 Metaspace       used 6069K, capacity 6960K, committed 7040K, reserved 1056768K
  class space    used 594K, capacity 616K, committed 640K, reserved 1048576K
Event: 2.709 GC heap after
Heap after GC invocations=1 (full 0):
 PSYoungGen      total 76288K, used 10743K [0x00000000eab00000, 0x00000000f0000000, 0x0000000100000000)
  eden space 65536K, 0% used [0x00000000eab00000,0x00000000eab00000,0x00000000eeb00000)
  from space 10752K, 99% used [0x00000000eeb00000,0x00000000ef57dc40,0x00000000ef580000)
  to   space 10752K, 0% used [0x00000000ef580000,0x00000000ef580000,0x00000000f0000000)
 ParOldGen       total 175104K, used 1147K [0x00000000c0000000, 0x00000000cab00000, 0x00000000eab00000)
  object space 175104K, 0% used [0x00000000c0000000,0x00000000c011ed90,0x00000000cab00000)
 Metaspace       used 6069K, capacity 6960K, committed 7040K, reserved 1056768K
  class space    used 594K, capacity 616K, committed 640K, reserved 1048576K
}

Deoptimization events (10 events):
Event: 2.955 Thread 0x0000000017b0b800 Uncommon trap: reason=bimorphic action=maybe_recompile pc=0x00000000033df3a0 method=com.android.dx.rop.code.Rops.opMoveResultPseudo(Lcom/android/dx/rop/type/TypeBearer;)Lcom/android/dx/rop/code/Rop; @ 7
Event: 2.956 Thread 0x0000000017b0b800 Uncommon trap: reason=unstable_if action=reinterpret pc=0x00000000031474bc method=com.android.dx.util.IntList.binarysearch(I)I @ 105
Event: 2.957 Thread 0x0000000017b0b800 Uncommon trap: reason=unstable_if action=reinterpret pc=0x00000000033e8e5c method=com.android.dx.ssa.SsaBasicBlock.newFromRop(Lcom/android/dx/rop/code/RopMethod;ILcom/android/dx/ssa/SsaMethod;)Lcom/android/dx/ssa/SsaBasicBlock; @ 164
Event: 2.960 Thread 0x0000000017b0b800 Uncommon trap: reason=bimorphic action=maybe_recompile pc=0x00000000032b4de0 method=com.android.dx.ssa.LiteralOpUpgrader.tryReplacingWithConstant(Lcom/android/dx/ssa/NormalSsaInsn;)Z @ 52
Event: 2.961 Thread 0x0000000017b06800 Uncommon trap: reason=class_check action=maybe_recompile pc=0x0000000003345f80 method=com.android.dx.rop.code.RegisterSpec.withSimpleType()Lcom/android/dx/rop/code/RegisterSpec; @ 21
Event: 2.961 Thread 0x0000000017b06800 Uncommon trap: reason=class_check action=maybe_recompile pc=0x0000000003345f80 method=com.android.dx.rop.code.RegisterSpec.withSimpleType()Lcom/android/dx/rop/code/RegisterSpec; @ 21
Event: 2.964 Thread 0x0000000017b0b800 Uncommon trap: reason=bimorphic action=maybe_recompile pc=0x00000000033df3a0 method=com.android.dx.rop.code.Rops.opMoveResultPseudo(Lcom/android/dx/rop/type/TypeBearer;)Lcom/android/dx/rop/code/Rop; @ 7
Event: 2.964 Thread 0x0000000017b0b800 Uncommon trap: reason=bimorphic action=maybe_recompile pc=0x00000000032b4de0 method=com.android.dx.ssa.LiteralOpUpgrader.tryReplacingWithConstant(Lcom/android/dx/ssa/NormalSsaInsn;)Z @ 52
Event: 2.971 Thread 0x0000000002c13000 Uncommon trap: reason=unstable_if action=reinterpret pc=0x000000000326ef04 method=java.util.HashMap.putVal(ILjava/lang/Object;Ljava/lang/Object;ZZ)Ljava/lang/Object; @ 162
Event: 2.989 Thread 0x0000000017b06800 Uncommon trap: reason=class_check action=maybe_recompile pc=0x0000000003345f80 method=com.android.dx.rop.code.RegisterSpec.withSimpleType()Lcom/android/dx/rop/code/RegisterSpec; @ 21

Internal exceptions (7 events):
Event: 0.036 Thread 0x0000000002c13000 Exception <a 'java/lang/NoSuchMethodError': Method sun.misc.Unsafe.defineClass(Ljava/lang/String;[BII)Ljava/lang/Class; name or signature does not match> (0x00000000eab12f08) thrown at [C:\re\workspace\8-2-build-windows-amd64-cygwin\jdk8u51\3951\hotspot\sr1ÿ$
Event: 0.036 Thread 0x0000000002c13000 Exception <a 'java/lang/NoSuchMethodError': Method sun.misc.Unsafe.prefetchRead(Ljava/lang/Object;J)V name or signature does not match> (0x00000000eab13198) thrown at [C:\re\workspace\8-2-build-windows-amd64-cygwin\jdk8u51\3951\hotspot\src\share\vm\prims\j≈7!ù Z˚?
Event: 1.710 Thread 0x0000000002c13000 Implicit null exception at 0x000000000302708d to 0x000000000302937d
Event: 1.713 Thread 0x0000000002c13000 Implicit null exception at 0x000000000301daaa to 0x000000000301fc59
Event: 2.935 Thread 0x0000000017b0b800 Exception <a 'java/lang/ArrayIndexOutOfBoundsException': 18> (0x00000000ebccdb10) thrown at [C:\re\workspace\8-2-build-windows-amd64-cygwin\jdk8u51\3951\hotspot\src\share\vm\interpreter\interpreterRuntime.cpp, line 366]
Event: 2.935 Thread 0x0000000017b0b800 Exception <a 'java/lang/ArrayIndexOutOfBoundsException': 145> (0x00000000ebccf5e0) thrown at [C:\re\workspace\8-2-build-windows-amd64-cygwin\jdk8u51\3951\hotspot\src\share\vm\interpreter\interpreterRuntime.cpp, line 366]
Event: 2.936 Thread 0x0000000017b0b800 Exception <a 'java/lang/ArrayIndexOutOfBoundsException'> (0x00000000ebcd0818) thrown at [C:\re\workspace\8-2-build-windows-amd64-cygwin\jdk8u51\3951\hotspot\src\share\vm\runtime\sharedRuntime.cpp, line 605]

Events (10 events):
Event: 2.964 Thread 0x0000000017b0b800 Uncommon trap: trap_request=0xffffffc6 fr.pc=0x00000000032b4de0
Event: 2.964 Thread 0x0000000017b0b800 DEOPT PACKING pc=0x00000000032b4de0 sp=0x0000000018f1e4d0
Event: 2.964 Thread 0x0000000017b0b800 DEOPT UNPACKING pc=0x0000000002d5582a sp=0x0000000018f1e470 mode 2
Event: 2.971 Thread 0x0000000002c13000 Uncommon trap: trap_request=0xffffff65 fr.pc=0x000000000326ef04
Event: 2.971 Thread 0x0000000002c13000 DEOPT PACKING pc=0x000000000326ef04 sp=0x0000000002b3dfb0
Event: 2.971 Thread 0x0000000002c13000 DEOPT UNPACKING pc=0x0000000002d5582a sp=0x0000000002b3df28 mode 2
Event: 2.989 Thread 0x0000000017b06800 Uncommon trap: trap_request=0xffffffde fr.pc=0x0000000003345f80
Event: 2.989 Thread 0x0000000017b06800 DEOPT PACKING pc=0x0000000003345f80 sp=0x0000000018d1eaa0
Event: 2.989 Thread 0x0000000017b06800 DEOPT UNPACKING pc=0x0000000002d5582a sp=0x0000000018d1e9b8 mode 2
Event: 2.989 Thread 0x0000000017b06800 Uncommon trap: trap_request=0xffffffde fr.pc=0x0000000003345f80


Dynamic libraries:
0x00007ff760050000 - 0x00007ff760087000 	C:\Program Files\Java\jdk1.8.0_51\bin\java.exe
0x00007ff9ddac0000 - 0x00007ff9ddc81000 	C:\WINDOWS\SYSTEM32\ntdll.dll
0x00007ff9dbcd0000 - 0x00007ff9dbd7d000 	C:\WINDOWS\system32\KERNEL32.DLL
0x00007ff9dabd0000 - 0x00007ff9dadb8000 	C:\WINDOWS\system32\KERNELBASE.dll
0x00007ff9dba60000 - 0x00007ff9dbb07000 	C:\WINDOWS\system32\ADVAPI32.dll
0x00007ff9dda20000 - 0x00007ff9ddabd000 	C:\WINDOWS\system32\msvcrt.dll
0x00007ff9dd850000 - 0x00007ff9dd8ab000 	C:\WINDOWS\system32\sechost.dll
0x00007ff9db760000 - 0x00007ff9db87c000 	C:\WINDOWS\system32\RPCRT4.dll
0x00007ff9dd8c0000 - 0x00007ff9dda16000 	C:\WINDOWS\system32\USER32.dll
0x00007ff9dd500000 - 0x00007ff9dd686000 	C:\WINDOWS\system32\GDI32.dll
0x00007ff9cab00000 - 0x00007ff9cad74000 	C:\WINDOWS\WinSxS\amd64_microsoft.windows.common-controls_6595b64144ccf1df_6.0.10586.672_none_a2d6b3cea53ff843\COMCTL32.dll
0x00007ff9db4e0000 - 0x00007ff9db75d000 	C:\WINDOWS\system32\combase.dll
0x00007ff9dab60000 - 0x00007ff9dabca000 	C:\WINDOWS\system32\bcryptPrimitives.dll
0x00007ff9db880000 - 0x00007ff9db8bb000 	C:\WINDOWS\system32\IMM32.DLL
0x0000000077030000 - 0x0000000077102000 	C:\Program Files\Java\jdk1.8.0_51\jre\bin\msvcr100.dll
0x0000000077210000 - 0x0000000077a93000 	C:\Program Files\Java\jdk1.8.0_51\jre\bin\server\jvm.dll
0x00007ff9dd8b0000 - 0x00007ff9dd8b8000 	C:\WINDOWS\system32\PSAPI.DLL
0x00007ff9c9f90000 - 0x00007ff9c9f99000 	C:\WINDOWS\SYSTEM32\WSOCK32.dll
0x00007ff9d69a0000 - 0x00007ff9d69c3000 	C:\WINDOWS\SYSTEM32\WINMM.dll
0x00007ff9dd430000 - 0x00007ff9dd49b000 	C:\WINDOWS\system32\WS2_32.dll
0x0000000002640000 - 0x000000000266c000 	C:\WINDOWS\SYSTEM32\WINMMBASE.dll
0x00007ff9d7520000 - 0x00007ff9d752a000 	C:\WINDOWS\SYSTEM32\VERSION.dll
0x00007ff9dadc0000 - 0x00007ff9dae03000 	C:\WINDOWS\system32\cfgmgr32.dll
0x0000000052390000 - 0x000000005239f000 	C:\Program Files\Java\jdk1.8.0_51\jre\bin\verify.dll
0x0000000052360000 - 0x0000000052389000 	C:\Program Files\Java\jdk1.8.0_51\jre\bin\java.dll
0x0000000051d20000 - 0x0000000051d36000 	C:\Program Files\Java\jdk1.8.0_51\jre\bin\zip.dll
0x00007ff9dbed0000 - 0x00007ff9dd42c000 	C:\WINDOWS\system32\SHELL32.dll
0x00007ff9da510000 - 0x00007ff9dab55000 	C:\WINDOWS\system32\windows.storage.dll
0x00007ff9dd4a0000 - 0x00007ff9dd4f2000 	C:\WINDOWS\system32\shlwapi.dll
0x00007ff9da160000 - 0x00007ff9da16f000 	C:\WINDOWS\system32\kernel.appcore.dll
0x00007ff9da450000 - 0x00007ff9da505000 	C:\WINDOWS\system32\shcore.dll
0x00007ff9da110000 - 0x00007ff9da15b000 	C:\WINDOWS\system32\powrprof.dll
0x00007ff9da0f0000 - 0x00007ff9da104000 	C:\WINDOWS\system32\profapi.dll
0x00007ff9a6800000 - 0x00007ff9a698c000 	C:\WINDOWS\SYSTEM32\dbghelp.dll

VM Arguments:
jvm_args: -Djava.awt.headless=true -Xmx1024M -Dfile.encoding=windows-31j -Duser.country=CA -Duser.language=en -Duser.variant 
java_command: com.android.dx.command.Main --dex --force-jumbo --num-threads=4 --multi-dex --output D:\Downloads\CookHelper\CookHelper\app\build\intermediates\transforms\dex\debug\folders\1000\10\com.android.support-recyclerview-v7-24.2.0_a08db7b127855dcddee0a42c151dafa890e9f12d D:\Downloads\CookHelper\CookHelper\app\build\intermediates\exploded-aar\com.android.support\recyclerview-v7\24.2.0\jars\classes.jar
java_class_path (initial): C:\Users\Ahns\AppData\Local\Android\Sdk\build-tools\24.0.1\lib\dx.jar
Launcher Type: SUN_STANDARD

Environment Variables:
PATH=C:\Program Files (x86)\NVIDIA Corporation\PhysX\Common;c:\programdata\oracle\java\javapath;c:\windows\system32;c:\windows;c:\windows\system32\wbem;c:\windows\system32\windowspowershell\v1.0\;c:\program files\widcomm\bluetooth software\;c:\program files\widcomm\bluetooth software\syswow64;c:/python34;c:\program files (x86)\quicktime\qtsystem\;C:\Program Files (x86)\Skype\Phone\;C:\Program Files (x86)\ATI Technologies\ATI.ACE\Core-Static;C:\Program Files\Git\cmd;C:\WINDOWS\system32;C:\WINDOWS;C:\WINDOWS\System32\Wbem;C:\WINDOWS\System32\WindowsPowerShell\v1.0\;C:\Program Files (x86)\Windows Kits\8.1\Windows Performance Toolkit\;C:\Program Files\Microsoft SQL Server\110\Tools\Binn\;C:\Users\Ahns\AppData\Local\Programs\Python\Python35-32\Scripts\;C:\Users\Ahns\AppData\Local\Programs\Python\Python35-32\;C:\Program Files (x86)\Java\jdk1.8.0_51\bin
USERNAME=Ahns
OS=Windows_NT
PROCESSOR_IDENTIFIER=Intel64 Family 6 Model 62 Stepping 4, GenuineIntel



---------------  S Y S T E M  ---------------

OS: Windows 10.0 , 64 bit Build 10586 (10.0.10586.589)

CPU:total 8 (4 cores per cpu, 2 threads per core) family 6 model 62 stepping 4, cmov, cx8, fxsr, mmx, sse, sse2, sse3, ssse3, sse4.1, sse4.2, popcnt, avx, aes, clmul, erms, ht, tsc, tscinvbit

Memory: 4k page, physical 16689932k(4305084k free), swap 20462244k(5128k free)

vm_info: Java HotSpot(TM) 64-Bit Server VM (25.51-b03) for windows-amd64 JRE (1.8.0_51-b16), built on Jun  8 2015 18:03:07 by "java_re" with MS VC++ 10.0 (VS2010)

time: Sat Nov 19 15:32:29 2016
elapsed time: 3 seconds (0d 0h 0m 3s)

