#
# There is insufficient memory for the Java Runtime Environment to continue.
# Native memory allocation (malloc) failed to allocate 1683456 bytes for Chunk::new
# Possible reasons:
#   The system is out of physical RAM or swap space
#   In 32 bit mode, the process size limit was hit
# Possible solutions:
#   Reduce memory load on the system
#   Increase physical memory or swap space
#   Check if swap backing store is full
#   Use 64 bit Java on a 64 bit OS
#   Decrease Java heap size (-Xmx/-Xms)
#   Decrease number of Java threads
#   Decrease Java thread stack sizes (-Xss)
#   Set larger code cache with -XX:ReservedCodeCacheSize=
# This output file may be truncated or incomplete.
#
#  Out of Memory Error (allocation.cpp:390), pid=9420, tid=12024
#
# JRE version: Java(TM) SE Runtime Environment (8.0_51-b16) (build 1.8.0_51-b16)
# Java VM: Java HotSpot(TM) 64-Bit Server VM (25.51-b03 mixed mode windows-amd64 compressed oops)
# Failed to write core dump. Minidumps are not enabled by default on client versions of Windows
#

---------------  T H R E A D  ---------------

Current thread (0x00000000174d1000):  JavaThread "C2 CompilerThread0" daemon [_thread_in_native, id=12024, stack(0x0000000017aa0000,0x0000000017ba0000)]

Stack: [0x0000000017aa0000,0x0000000017ba0000]
Native frames: (J=compiled Java code, j=interpreted, Vv=VM code, C=native code)
V  [jvm.dll+0x32b4ca]
V  [jvm.dll+0x2797e3]
V  [jvm.dll+0x27a479]
V  [jvm.dll+0x271765]
V  [jvm.dll+0xcba02]
V  [jvm.dll+0xcbecc]
V  [jvm.dll+0x476f72]
V  [jvm.dll+0x4b95ff]
V  [jvm.dll+0x46bca4]
V  [jvm.dll+0x46cd4e]
V  [jvm.dll+0x4501a2]
V  [jvm.dll+0xa43a2]
V  [jvm.dll+0xa4cdf]
V  [jvm.dll+0x2418a4]
V  [jvm.dll+0x29846a]
C  [msvcr100.dll+0x21d9f]
C  [msvcr100.dll+0x21e3b]
C  [KERNEL32.DLL+0x18102]
C  [ntdll.dll+0x5c5b4]


Current CompileTask:
C2:   3079 1641       4       com.android.dx.rop.code.Rops::ropFor (771 bytes)


---------------  P R O C E S S  ---------------

Java Threads: ( => current thread )
  0x0000000017830000 JavaThread "pool-2-thread-4" [_thread_blocked, id=12940, stack(0x0000000018ca0000,0x0000000018da0000)]
  0x000000001782f800 JavaThread "pool-2-thread-3" [_thread_in_Java, id=10684, stack(0x0000000018ba0000,0x0000000018ca0000)]
  0x00000000177ed000 JavaThread "pool-2-thread-2" [_thread_blocked, id=4148, stack(0x0000000018aa0000,0x0000000018ba0000)]
  0x000000001780c800 JavaThread "pool-3-thread-1" [_thread_blocked, id=12680, stack(0x00000000189a0000,0x0000000018aa0000)]
  0x0000000017809800 JavaThread "pool-2-thread-1" [_thread_blocked, id=13460, stack(0x00000000188a0000,0x00000000189a0000)]
  0x00000000175ca000 JavaThread "Service Thread" daemon [_thread_blocked, id=16440, stack(0x0000000017ea0000,0x0000000017fa0000)]
  0x0000000017532800 JavaThread "C1 CompilerThread3" daemon [_thread_blocked, id=12548, stack(0x0000000017da0000,0x0000000017ea0000)]
  0x000000001752a000 JavaThread "C2 CompilerThread2" daemon [_thread_in_native, id=16664, stack(0x0000000017ca0000,0x0000000017da0000)]
  0x00000000174d4000 JavaThread "C2 CompilerThread1" daemon [_thread_in_native, id=14532, stack(0x0000000017ba0000,0x0000000017ca0000)]
=>0x00000000174d1000 JavaThread "C2 CompilerThread0" daemon [_thread_in_native, id=12024, stack(0x0000000017aa0000,0x0000000017ba0000)]
  0x00000000174ce800 JavaThread "Attach Listener" daemon [_thread_blocked, id=17248, stack(0x00000000179a0000,0x0000000017aa0000)]
  0x0000000017523800 JavaThread "Signal Dispatcher" daemon [_thread_blocked, id=12860, stack(0x00000000178a0000,0x00000000179a0000)]
  0x0000000002899000 JavaThread "Finalizer" daemon [_thread_blocked, id=6296, stack(0x00000000172a0000,0x00000000173a0000)]
  0x0000000002892000 JavaThread "Reference Handler" daemon [_thread_blocked, id=6380, stack(0x00000000171a0000,0x00000000172a0000)]
  0x00000000027a3000 JavaThread "main" [_thread_blocked, id=2964, stack(0x00000000025a0000,0x00000000026a0000)]

Other Threads:
  0x00000000153b9800 VMThread [stack: 0x00000000170a0000,0x00000000171a0000] [id=13804]
  0x00000000175cb000 WatcherThread [stack: 0x0000000017fa0000,0x00000000180a0000] [id=7944]

VM state:not at safepoint (normal execution)

VM Mutex/Monitor currently owned by a thread: None

Heap:
 PSYoungGen      total 76288K, used 75745K [0x00000000eab00000, 0x00000000f4000000, 0x0000000100000000)
  eden space 65536K, 99% used [0x00000000eab00000,0x00000000eea79808,0x00000000eeb00000)
  from space 10752K, 99% used [0x00000000eeb00000,0x00000000ef57ecf8,0x00000000ef580000)
  to   space 10752K, 0% used [0x00000000f3580000,0x00000000f3580000,0x00000000f4000000)
 ParOldGen       total 175104K, used 545K [0x00000000c0000000, 0x00000000cab00000, 0x00000000eab00000)
  object space 175104K, 0% used [0x00000000c0000000,0x00000000c00885e0,0x00000000cab00000)
 Metaspace       used 6345K, capacity 7192K, committed 7424K, reserved 1056768K
  class space    used 617K, capacity 656K, committed 768K, reserved 1048576K

Card table byte_map: [0x0000000011c60000,0x0000000011e70000] byte_map_base: 0x0000000011660000

Marking Bits: (ParMarkBitMap*) 0x0000000077a14040
 Begin Bits: [0x00000000127d0000, 0x00000000137d0000)
 End Bits:   [0x00000000137d0000, 0x00000000147d0000)

Polling page: 0x0000000000a00000

CodeCache: size=245760Kb used=7680Kb max_used=7688Kb free=238080Kb
 bounds [0x00000000028a0000, 0x0000000003030000, 0x00000000118a0000]
 total_blobs=2009 nmethods=1738 adapters=184
 compilation: enabled

Compilation events (10 events):
Event: 2.970 Thread 0x0000000017532800 1782       2       com.android.dx.ssa.SsaMethod$1::visitMoveInsn (17 bytes)
Event: 2.971 Thread 0x0000000017532800 nmethod 1782 0x0000000003009190 code [0x0000000003009300, 0x0000000003009510]
Event: 2.971 Thread 0x00000000174d1000 nmethod 1650 0x000000000301d9d0 code [0x000000000301db20, 0x000000000301dd98]
Event: 2.971 Thread 0x00000000174d1000 1761       4       com.android.dx.util.BitIntSet::iterator (9 bytes)
Event: 2.973 Thread 0x00000000174d1000 nmethod 1761 0x000000000301c050 code [0x000000000301c1a0, 0x000000000301c2f8]
Event: 2.973 Thread 0x00000000174d1000 1641       4       com.android.dx.rop.code.Rops::ropFor (771 bytes)
Event: 2.987 Thread 0x0000000017532800 1787       2       com.android.dx.ssa.SsaMethod::updateOneDefinition (70 bytes)
Event: 2.988 Thread 0x0000000017532800 nmethod 1787 0x000000000301d210 code [0x000000000301d3a0, 0x000000000301d6e8]
Event: 2.995 Thread 0x0000000017532800 1790       2       java.util.concurrent.locks.ReentrantLock$FairSync::tryAcquire (74 bytes)
Event: 2.996 Thread 0x0000000017532800 nmethod 1790 0x000000000301ccd0 code [0x000000000301ce40, 0x000000000301d118]

GC Heap History (2 events):
Event: 1.839 GC heap before
{Heap before GC invocations=1 (full 0):
 PSYoungGen      total 76288K, used 65536K [0x00000000eab00000, 0x00000000f0000000, 0x0000000100000000)
  eden space 65536K, 100% used [0x00000000eab00000,0x00000000eeb00000,0x00000000eeb00000)
  from space 10752K, 0% used [0x00000000ef580000,0x00000000ef580000,0x00000000f0000000)
  to   space 10752K, 0% used [0x00000000eeb00000,0x00000000eeb00000,0x00000000ef580000)
 ParOldGen       total 175104K, used 0K [0x00000000c0000000, 0x00000000cab00000, 0x00000000eab00000)
  object space 175104K, 0% used [0x00000000c0000000,0x00000000c0000000,0x00000000cab00000)
 Metaspace       used 6226K, capacity 7064K, committed 7424K, reserved 1056768K
  class space    used 616K, capacity 656K, committed 768K, reserved 1048576K
Event: 2.334 GC heap after
Heap after GC invocations=1 (full 0):
 PSYoungGen      total 76288K, used 10747K [0x00000000eab00000, 0x00000000f4000000, 0x0000000100000000)
  eden space 65536K, 0% used [0x00000000eab00000,0x00000000eab00000,0x00000000eeb00000)
  from space 10752K, 99% used [0x00000000eeb00000,0x00000000ef57ecf8,0x00000000ef580000)
  to   space 10752K, 0% used [0x00000000f3580000,0x00000000f3580000,0x00000000f4000000)
 ParOldGen       total 175104K, used 545K [0x00000000c0000000, 0x00000000cab00000, 0x00000000eab00000)
  object space 175104K, 0% used [0x00000000c0000000,0x00000000c00885e0,0x00000000cab00000)
 Metaspace       used 6226K, capacity 7064K, committed 7424K, reserved 1056768K
  class space    used 616K, capacity 656K, committed 768K, reserved 1048576K
}

Deoptimization events (10 events):
Event: 1.598 Thread 0x000000001782f800 Uncommon trap: reason=class_check action=maybe_recompile pc=0x0000000002ef15e8 method=com.android.dx.rop.code.RegisterSpec.withSimpleType()Lcom/android/dx/rop/code/RegisterSpec; @ 21
Event: 2.398 Thread 0x000000001782f800 Uncommon trap: reason=class_check action=maybe_recompile pc=0x0000000002ef15e8 method=com.android.dx.rop.code.RegisterSpec.withSimpleType()Lcom/android/dx/rop/code/RegisterSpec; @ 21
Event: 2.399 Thread 0x000000001782f800 Uncommon trap: reason=class_check action=maybe_recompile pc=0x0000000002ef15e8 method=com.android.dx.rop.code.RegisterSpec.withSimpleType()Lcom/android/dx/rop/code/RegisterSpec; @ 21
Event: 2.591 Thread 0x00000000027a3000 Uncommon trap: reason=unloaded action=reinterpret pc=0x0000000002d7d594 method=com.android.dx.cf.cst.ConstantPoolParser.parse0(ILjava/util/BitSet;)Lcom/android/dx/rop/cst/Constant; @ 198
Event: 2.742 Thread 0x00000000177ed000 Uncommon trap: reason=unstable_if action=reinterpret pc=0x0000000002f4d68c method=java.util.HashMap.putVal(ILjava/lang/Object;Ljava/lang/Object;ZZ)Ljava/lang/Object; @ 94
Event: 2.747 Thread 0x00000000177ed000 Uncommon trap: reason=unstable_if action=reinterpret pc=0x0000000002ed3104 method=com.android.dx.ssa.LiteralOpUpgrader$1.visitNonMoveInsn(Lcom/android/dx/ssa/NormalSsaInsn;)V @ 176
Event: 2.768 Thread 0x0000000017830000 Uncommon trap: reason=bimorphic action=maybe_recompile pc=0x0000000002fab0d8 method=com.android.dx.rop.code.RegisterSpec.withSimpleType()Lcom/android/dx/rop/code/RegisterSpec; @ 21
Event: 2.812 Thread 0x0000000017830000 Uncommon trap: reason=unstable_if action=reinterpret pc=0x0000000002f40c20 method=com.android.dx.ssa.SCCP.simulateStmt(Lcom/android/dx/ssa/SsaInsn;)V @ 59
Event: 2.840 Thread 0x0000000017809800 Uncommon trap: reason=bimorphic action=maybe_recompile pc=0x0000000002fab0d8 method=com.android.dx.rop.code.RegisterSpec.withSimpleType()Lcom/android/dx/rop/code/RegisterSpec; @ 21
Event: 2.986 Thread 0x00000000177ed000 Uncommon trap: reason=unstable_if action=reinterpret pc=0x0000000002ce9a9c method=com.android.dx.ssa.SsaMethod.updateOneDefinition(Lcom/android/dx/ssa/SsaInsn;Lcom/android/dx/rop/code/RegisterSpec;)V @ 4

Internal exceptions (7 events):
Event: 0.052 Thread 0x00000000027a3000 Exception <a 'java/lang/NoSuchMethodError': Method sun.misc.Unsafe.defineClass(Ljava/lang/String;[BII)Ljava/lang/Class; name or signature does not match> (0x00000000eab12f08) thrown at [C:\re\workspace\8-2-build-windows-amd64-cygwin\jdk8u51\3951\hotspot\sryÝ!ÕIÇª?
Event: 0.052 Thread 0x00000000027a3000 Exception <a 'java/lang/NoSuchMethodError': Method sun.misc.Unsafe.prefetchRead(Ljava/lang/Object;J)V name or signature does not match> (0x00000000eab13198) thrown at [C:\re\workspace\8-2-build-windows-amd64-cygwin\jdk8u51\3951\hotspot\src\share\vm\prims\jäZ/:û%ò?
Event: 1.134 Thread 0x0000000017830000 Exception <a 'java/lang/ArrayIndexOutOfBoundsException': 18> (0x00000000ecd2dc60) thrown at [C:\re\workspace\8-2-build-windows-amd64-cygwin\jdk8u51\3951\hotspot\src\share\vm\interpreter\interpreterRuntime.cpp, line 366]
Event: 1.135 Thread 0x0000000017830000 Exception <a 'java/lang/ArrayIndexOutOfBoundsException': 145> (0x00000000ecd2f730) thrown at [C:\re\workspace\8-2-build-windows-amd64-cygwin\jdk8u51\3951\hotspot\src\share\vm\interpreter\interpreterRuntime.cpp, line 366]
Event: 1.135 Thread 0x0000000017830000 Exception <a 'java/lang/ArrayIndexOutOfBoundsException'> (0x00000000ecd30968) thrown at [C:\re\workspace\8-2-build-windows-amd64-cygwin\jdk8u51\3951\hotspot\src\share\vm\runtime\sharedRuntime.cpp, line 605]
Event: 1.250 Thread 0x00000000027a3000 Implicit null exception at 0x0000000002bd4ae2 to 0x0000000002bd4bd2
Event: 1.339 Thread 0x0000000017830000 Implicit null exception at 0x0000000002b8c7f7 to 0x0000000002b8ec69

Events (10 events):
Event: 2.856 Thread 0x00000000177ed000 DEOPT UNPACKING pc=0x00000000028e787f sp=0x0000000018b9e850 mode 0
Event: 2.858 Thread 0x00000000177ed000 DEOPT PACKING pc=0x0000000002ca9d2c sp=0x0000000018b9ea40
Event: 2.858 Thread 0x00000000177ed000 DEOPT UNPACKING pc=0x00000000028e787f sp=0x0000000018b9e7c0 mode 0
Event: 2.977 Thread 0x00000000177ed000 DEOPT PACKING pc=0x0000000002ca9d2c sp=0x0000000018b9ea40
Event: 2.977 Thread 0x00000000177ed000 DEOPT UNPACKING pc=0x00000000028e787f sp=0x0000000018b9e7c0 mode 0
Event: 2.985 loading class com/android/dx/rop/code/RegOps
Event: 2.985 loading class com/android/dx/rop/code/RegOps done
Event: 2.986 Thread 0x00000000177ed000 Uncommon trap: trap_request=0xffffff65 fr.pc=0x0000000002ce9a9c
Event: 2.986 Thread 0x00000000177ed000 DEOPT PACKING pc=0x0000000002ce9a9c sp=0x0000000018b9e7b0
Event: 2.986 Thread 0x00000000177ed000 DEOPT UNPACKING pc=0x00000000028e582a sp=0x0000000018b9e758 mode 2


Dynamic libraries:
0x00007ff760050000 - 0x00007ff760087000 	C:\Program Files\Java\jdk1.8.0_51\bin\java.exe
0x00007ff9ddac0000 - 0x00007ff9ddc81000 	C:\WINDOWS\SYSTEM32\ntdll.dll
0x00007ff9dbcd0000 - 0x00007ff9dbd7d000 	C:\WINDOWS\system32\KERNEL32.DLL
0x00007ff9dabd0000 - 0x00007ff9dadb8000 	C:\WINDOWS\system32\KERNELBASE.dll
0x00007ff9dba60000 - 0x00007ff9dbb07000 	C:\WINDOWS\system32\ADVAPI32.dll
0x00007ff9dda20000 - 0x00007ff9ddabd000 	C:\WINDOWS\system32\msvcrt.dll
0x00007ff9dd850000 - 0x00007ff9dd8ab000 	C:\WINDOWS\system32\sechost.dll
0x00007ff9db760000 - 0x00007ff9db87c000 	C:\WINDOWS\system32\RPCRT4.dll
0x00007ff9dd8c0000 - 0x00007ff9dda16000 	C:\WINDOWS\system32\USER32.dll
0x00007ff9dd500000 - 0x00007ff9dd686000 	C:\WINDOWS\system32\GDI32.dll
0x00007ff9cab00000 - 0x00007ff9cad74000 	C:\WINDOWS\WinSxS\amd64_microsoft.windows.common-controls_6595b64144ccf1df_6.0.10586.672_none_a2d6b3cea53ff843\COMCTL32.dll
0x00007ff9db4e0000 - 0x00007ff9db75d000 	C:\WINDOWS\system32\combase.dll
0x00007ff9dab60000 - 0x00007ff9dabca000 	C:\WINDOWS\system32\bcryptPrimitives.dll
0x00007ff9db880000 - 0x00007ff9db8bb000 	C:\WINDOWS\system32\IMM32.DLL
0x0000000077030000 - 0x0000000077102000 	C:\Program Files\Java\jdk1.8.0_51\jre\bin\msvcr100.dll
0x0000000077210000 - 0x0000000077a93000 	C:\Program Files\Java\jdk1.8.0_51\jre\bin\server\jvm.dll
0x00007ff9dd8b0000 - 0x00007ff9dd8b8000 	C:\WINDOWS\system32\PSAPI.DLL
0x00007ff9c9f90000 - 0x00007ff9c9f99000 	C:\WINDOWS\SYSTEM32\WSOCK32.dll
0x00007ff9dd430000 - 0x00007ff9dd49b000 	C:\WINDOWS\system32\WS2_32.dll
0x00007ff9d69a0000 - 0x00007ff9d69c3000 	C:\WINDOWS\SYSTEM32\WINMM.dll
0x00007ff9d7520000 - 0x00007ff9d752a000 	C:\WINDOWS\SYSTEM32\VERSION.dll
0x00007ff9d6870000 - 0x00007ff9d689c000 	C:\WINDOWS\SYSTEM32\WINMMBASE.dll
0x00007ff9dadc0000 - 0x00007ff9dae03000 	C:\WINDOWS\system32\cfgmgr32.dll
0x0000000052390000 - 0x000000005239f000 	C:\Program Files\Java\jdk1.8.0_51\jre\bin\verify.dll
0x0000000052360000 - 0x0000000052389000 	C:\Program Files\Java\jdk1.8.0_51\jre\bin\java.dll
0x0000000051d20000 - 0x0000000051d36000 	C:\Program Files\Java\jdk1.8.0_51\jre\bin\zip.dll
0x00007ff9dbed0000 - 0x00007ff9dd42c000 	C:\WINDOWS\system32\SHELL32.dll
0x00007ff9da510000 - 0x00007ff9dab55000 	C:\WINDOWS\system32\windows.storage.dll
0x00007ff9dd4a0000 - 0x00007ff9dd4f2000 	C:\WINDOWS\system32\shlwapi.dll
0x00007ff9da160000 - 0x00007ff9da16f000 	C:\WINDOWS\system32\kernel.appcore.dll
0x00007ff9da450000 - 0x00007ff9da505000 	C:\WINDOWS\system32\shcore.dll
0x00007ff9da110000 - 0x00007ff9da15b000 	C:\WINDOWS\system32\powrprof.dll
0x00007ff9da0f0000 - 0x00007ff9da104000 	C:\WINDOWS\system32\profapi.dll
0x00007ff9a6800000 - 0x00007ff9a698c000 	C:\WINDOWS\SYSTEM32\dbghelp.dll

VM Arguments:
jvm_args: -Djava.awt.headless=true -Xmx1024M -Dfile.encoding=windows-31j -Duser.country=CA -Duser.language=en -Duser.variant 
java_command: com.android.dx.command.Main --dex --force-jumbo --num-threads=4 --multi-dex --output D:\Downloads\CookHelper\CookHelper\app\build\intermediates\transforms\dex\debug\folders\1000\10\com.android.support-support-core-ui-24.2.0_da74e76a522c964a4772759ddac5b666fa4ab34f D:\Downloads\CookHelper\CookHelper\app\build\intermediates\exploded-aar\com.android.support\support-core-ui\24.2.0\jars\classes.jar
java_class_path (initial): C:\Users\Ahns\AppData\Local\Android\Sdk\build-tools\24.0.1\lib\dx.jar
Launcher Type: SUN_STANDARD

Environment Variables:
PATH=C:\Program Files (x86)\NVIDIA Corporation\PhysX\Common;c:\programdata\oracle\java\javapath;c:\windows\system32;c:\windows;c:\windows\system32\wbem;c:\windows\system32\windowspowershell\v1.0\;c:\program files\widcomm\bluetooth software\;c:\program files\widcomm\bluetooth software\syswow64;c:/python34;c:\program files (x86)\quicktime\qtsystem\;C:\Program Files (x86)\Skype\Phone\;C:\Program Files (x86)\ATI Technologies\ATI.ACE\Core-Static;C:\Program Files\Git\cmd;C:\WINDOWS\system32;C:\WINDOWS;C:\WINDOWS\System32\Wbem;C:\WINDOWS\System32\WindowsPowerShell\v1.0\;C:\Program Files (x86)\Windows Kits\8.1\Windows Performance Toolkit\;C:\Program Files\Microsoft SQL Server\110\Tools\Binn\;C:\Users\Ahns\AppData\Local\Programs\Python\Python35-32\Scripts\;C:\Users\Ahns\AppData\Local\Programs\Python\Python35-32\;C:\Program Files (x86)\Java\jdk1.8.0_51\bin
USERNAME=Ahns
OS=Windows_NT
PROCESSOR_IDENTIFIER=Intel64 Family 6 Model 62 Stepping 4, GenuineIntel



---------------  S Y S T E M  ---------------

OS: Windows 10.0 , 64 bit Build 10586 (10.0.10586.589)

CPU:total 8 (4 cores per cpu, 2 threads per core) family 6 model 62 stepping 4, cmov, cx8, fxsr, mmx, sse, sse2, sse3, ssse3, sse4.1, sse4.2, popcnt, avx, aes, clmul, erms, ht, tsc, tscinvbit

Memory: 4k page, physical 16689932k(4306324k free), swap 20462244k(5140k free)

vm_info: Java HotSpot(TM) 64-Bit Server VM (25.51-b03) for windows-amd64 JRE (1.8.0_51-b16), built on Jun  8 2015 18:03:07 by "java_re" with MS VC++ 10.0 (VS2010)

time: Sat Nov 19 15:32:29 2016
elapsed time: 3 seconds (0d 0h 0m 3s)

