#
# There is insufficient memory for the Java Runtime Environment to continue.
# Native memory allocation (malloc) failed to allocate 1079584 bytes for Chunk::new
# Possible reasons:
#   The system is out of physical RAM or swap space
#   In 32 bit mode, the process size limit was hit
# Possible solutions:
#   Reduce memory load on the system
#   Increase physical memory or swap space
#   Check if swap backing store is full
#   Use 64 bit Java on a 64 bit OS
#   Decrease Java heap size (-Xmx/-Xms)
#   Decrease number of Java threads
#   Decrease Java thread stack sizes (-Xss)
#   Set larger code cache with -XX:ReservedCodeCacheSize=
# This output file may be truncated or incomplete.
#
#  Out of Memory Error (allocation.cpp:390), pid=15056, tid=892
#
# JRE version: Java(TM) SE Runtime Environment (8.0_51-b16) (build 1.8.0_51-b16)
# Java VM: Java HotSpot(TM) 64-Bit Server VM (25.51-b03 mixed mode windows-amd64 compressed oops)
# Failed to write core dump. Minidumps are not enabled by default on client versions of Windows
#

---------------  T H R E A D  ---------------

Current thread (0x0000000017ef6800):  JavaThread "C2 CompilerThread2" daemon [_thread_in_native, id=892, stack(0x0000000018670000,0x0000000018770000)]

Stack: [0x0000000018670000,0x0000000018770000]
Native frames: (J=compiled Java code, j=interpreted, Vv=VM code, C=native code)
V  [jvm.dll+0x32b4ca]
V  [jvm.dll+0x2797e3]
V  [jvm.dll+0x27a479]
V  [jvm.dll+0x271765]
V  [jvm.dll+0xcba02]
V  [jvm.dll+0xcbecc]
V  [jvm.dll+0x492ad7]
V  [jvm.dll+0x45f98a]
V  [jvm.dll+0x46a7cb]
V  [jvm.dll+0x46cde2]
V  [jvm.dll+0x4501a2]
V  [jvm.dll+0xa43a2]
V  [jvm.dll+0xa4cdf]
V  [jvm.dll+0x2418a4]
V  [jvm.dll+0x29846a]
C  [msvcr100.dll+0x21d9f]
C  [msvcr100.dll+0x21e3b]
C  [KERNEL32.DLL+0x18102]
C  [ntdll.dll+0x5c5b4]


Current CompileTask:
C2:   2593 1512   !   4       com.android.dx.cf.code.Ropper::processBlock (1101 bytes)


---------------  P R O C E S S  ---------------

Java Threads: ( => current thread )
  0x0000000018072800 JavaThread "pool-1-thread-1" [_thread_in_vm, id=10504, stack(0x000000001b710000,0x000000001b810000)]
  0x0000000017f95000 JavaThread "Service Thread" daemon [_thread_blocked, id=11808, stack(0x0000000018870000,0x0000000018970000)]
  0x0000000017f47000 JavaThread "C1 CompilerThread3" daemon [_thread_blocked, id=4572, stack(0x0000000018770000,0x0000000018870000)]
=>0x0000000017ef6800 JavaThread "C2 CompilerThread2" daemon [_thread_in_native, id=892, stack(0x0000000018670000,0x0000000018770000)]
  0x0000000017ea4000 JavaThread "C2 CompilerThread1" daemon [_thread_in_native, id=2828, stack(0x0000000018570000,0x0000000018670000)]
  0x0000000017ea0800 JavaThread "C2 CompilerThread0" daemon [_thread_in_native, id=17500, stack(0x0000000018470000,0x0000000018570000)]
  0x0000000017e9e800 JavaThread "Attach Listener" daemon [_thread_blocked, id=13872, stack(0x0000000018370000,0x0000000018470000)]
  0x0000000017ef3800 JavaThread "Signal Dispatcher" daemon [_thread_blocked, id=16736, stack(0x0000000018270000,0x0000000018370000)]
  0x0000000003359000 JavaThread "Finalizer" daemon [_thread_blocked, id=17420, stack(0x0000000017d70000,0x0000000017e70000)]
  0x0000000003352000 JavaThread "Reference Handler" daemon [_thread_blocked, id=18212, stack(0x0000000017c70000,0x0000000017d70000)]
  0x0000000003263000 JavaThread "main" [_thread_blocked, id=9236, stack(0x0000000003160000,0x0000000003260000)]

Other Threads:
  0x0000000015e79800 VMThread [stack: 0x0000000017b70000,0x0000000017c70000] [id=8292]
  0x0000000017f9d800 WatcherThread [stack: 0x0000000018970000,0x0000000018a70000] [id=9960]

VM state:not at safepoint (normal execution)

VM Mutex/Monitor currently owned by a thread: None

Heap:
 PSYoungGen      total 76288K, used 14742K [0x00000000eab00000, 0x00000000f4000000, 0x0000000100000000)
  eden space 65536K, 8% used [0x00000000eab00000,0x00000000eb064e48,0x00000000eeb00000)
  from space 10752K, 85% used [0x00000000eeb00000,0x00000000ef400c28,0x00000000ef580000)
  to   space 10752K, 0% used [0x00000000f3580000,0x00000000f3580000,0x00000000f4000000)
 ParOldGen       total 175104K, used 16K [0x00000000c0000000, 0x00000000cab00000, 0x00000000eab00000)
  object space 175104K, 0% used [0x00000000c0000000,0x00000000c0004000,0x00000000cab00000)
 Metaspace       used 6279K, capacity 7152K, committed 7296K, reserved 1056768K
  class space    used 609K, capacity 616K, committed 640K, reserved 1048576K

Card table byte_map: [0x0000000012720000,0x0000000012930000] byte_map_base: 0x0000000012120000

Marking Bits: (ParMarkBitMap*) 0x0000000077a14040
 Begin Bits: [0x0000000013290000, 0x0000000014290000)
 End Bits:   [0x0000000014290000, 0x0000000015290000)

Polling page: 0x0000000001170000

CodeCache: size=245760Kb used=7046Kb max_used=7058Kb free=238714Kb
 bounds [0x0000000003360000, 0x0000000003a50000, 0x0000000012360000]
 total_blobs=1921 nmethods=1650 adapters=184
 compilation: enabled

Compilation events (10 events):
Event: 2.574 Thread 0x0000000017f47000 1658       3       com.android.dx.dex.code.CstInsn::getIndex (42 bytes)
Event: 2.575 Thread 0x0000000017f47000 nmethod 1658 0x0000000003a47d10 code [0x0000000003a47f20, 0x0000000003a489a8]
Event: 2.575 Thread 0x0000000017f47000 1659       3       com.android.dx.dex.code.InsnFormat::unsignedFitsInByte (15 bytes)
Event: 2.575 Thread 0x0000000017f47000 nmethod 1659 0x0000000003a47990 code [0x0000000003a47ae0, 0x0000000003a47c70]
Event: 2.575 Thread 0x0000000017f47000 1660       1       com.android.dx.dex.code.form.Form35c::codeSize (2 bytes)
Event: 2.575 Thread 0x0000000017f47000 nmethod 1660 0x0000000003a476d0 code [0x0000000003a47820, 0x0000000003a47930]
Event: 2.575 Thread 0x0000000017f47000 1661       1       com.android.dx.dex.code.form.Form11x::codeSize (2 bytes)
Event: 2.575 Thread 0x0000000017f47000 nmethod 1661 0x0000000003a47410 code [0x0000000003a47560, 0x0000000003a47670]
Event: 2.582 Thread 0x0000000017ea0800 nmethod 1600 0x0000000003a46710 code [0x0000000003a46880, 0x0000000003a46e98]
Event: 2.582 Thread 0x0000000017ea0800 1581   !   4       com.android.dx.rop.cst.CstType::intern (48 bytes)

GC Heap History (2 events):
Event: 1.741 GC heap before
{Heap before GC invocations=1 (full 0):
 PSYoungGen      total 76288K, used 65536K [0x00000000eab00000, 0x00000000f0000000, 0x0000000100000000)
  eden space 65536K, 100% used [0x00000000eab00000,0x00000000eeb00000,0x00000000eeb00000)
  from space 10752K, 0% used [0x00000000ef580000,0x00000000ef580000,0x00000000f0000000)
  to   space 10752K, 0% used [0x00000000eeb00000,0x00000000eeb00000,0x00000000ef580000)
 ParOldGen       total 175104K, used 0K [0x00000000c0000000, 0x00000000cab00000, 0x00000000eab00000)
  object space 175104K, 0% used [0x00000000c0000000,0x00000000c0000000,0x00000000cab00000)
 Metaspace       used 6071K, capacity 7024K, committed 7296K, reserved 1056768K
  class space    used 596K, capacity 616K, committed 640K, reserved 1048576K
Event: 1.784 GC heap after
Heap after GC invocations=1 (full 0):
 PSYoungGen      total 76288K, used 9219K [0x00000000eab00000, 0x00000000f4000000, 0x0000000100000000)
  eden space 65536K, 0% used [0x00000000eab00000,0x00000000eab00000,0x00000000eeb00000)
  from space 10752K, 85% used [0x00000000eeb00000,0x00000000ef400c28,0x00000000ef580000)
  to   space 10752K, 0% used [0x00000000f3580000,0x00000000f3580000,0x00000000f4000000)
 ParOldGen       total 175104K, used 16K [0x00000000c0000000, 0x00000000cab00000, 0x00000000eab00000)
  object space 175104K, 0% used [0x00000000c0000000,0x00000000c0004000,0x00000000cab00000)
 Metaspace       used 6071K, capacity 7024K, committed 7296K, reserved 1056768K
  class space    used 596K, capacity 616K, committed 640K, reserved 1048576K
}

Deoptimization events (10 events):
Event: 2.451 Thread 0x0000000018072800 Uncommon trap: reason=class_check action=maybe_recompile pc=0x00000000037e3588 method=java.util.Arrays.hashCode([Ljava/lang/Object;)I @ 43
Event: 2.451 Thread 0x0000000018072800 Uncommon trap: reason=bimorphic action=maybe_recompile pc=0x000000000359ad9c method=java.util.HashMap.getNode(ILjava/lang/Object;)Ljava/util/HashMap$Node; @ 126
Event: 2.451 Thread 0x0000000018072800 Uncommon trap: reason=class_check action=maybe_recompile pc=0x00000000037e3588 method=java.util.Arrays.hashCode([Ljava/lang/Object;)I @ 43
Event: 2.451 Thread 0x0000000018072800 Uncommon trap: reason=class_check action=maybe_recompile pc=0x00000000037e3588 method=java.util.Arrays.hashCode([Ljava/lang/Object;)I @ 43
Event: 2.451 Thread 0x0000000018072800 Uncommon trap: reason=class_check action=maybe_recompile pc=0x00000000037d0328 method=java.util.Arrays.hashCode([Ljava/lang/Object;)I @ 43
Event: 2.459 Thread 0x0000000018072800 Uncommon trap: reason=bimorphic action=maybe_recompile pc=0x0000000003798620 method=java.util.HashMap.getNode(ILjava/lang/Object;)Ljava/util/HashMap$Node; @ 126
Event: 2.459 Thread 0x0000000018072800 Uncommon trap: reason=class_check action=maybe_recompile pc=0x000000000388f83c method=java.util.HashMap.putVal(ILjava/lang/Object;Ljava/lang/Object;ZZ)Ljava/lang/Object; @ 203
Event: 2.493 Thread 0x0000000018072800 Uncommon trap: reason=class_check action=maybe_recompile pc=0x000000000388f83c method=java.util.HashMap.putVal(ILjava/lang/Object;Ljava/lang/Object;ZZ)Ljava/lang/Object; @ 203
Event: 2.493 Thread 0x0000000018072800 Uncommon trap: reason=class_check action=maybe_recompile pc=0x000000000388f83c method=java.util.HashMap.putVal(ILjava/lang/Object;Ljava/lang/Object;ZZ)Ljava/lang/Object; @ 203
Event: 2.493 Thread 0x0000000018072800 Uncommon trap: reason=class_check action=maybe_recompile pc=0x000000000388f83c method=java.util.HashMap.putVal(ILjava/lang/Object;Ljava/lang/Object;ZZ)Ljava/lang/Object; @ 203

Internal exceptions (3 events):
Event: 0.048 Thread 0x0000000003263000 Exception <a 'java/lang/NoSuchMethodError': Method sun.misc.Unsafe.defineClass(Ljava/lang/String;[BII)Ljava/lang/Class; name or signature does not match> (0x00000000eab12f08) thrown at [C:\re\workspace\8-2-build-windows-amd64-cygwin\jdk8u51\3951\hotspot\srT¥\ì)‰¨?
Event: 0.048 Thread 0x0000000003263000 Exception <a 'java/lang/NoSuchMethodError': Method sun.misc.Unsafe.prefetchRead(Ljava/lang/Object;J)V name or signature does not match> (0x00000000eab13198) thrown at [C:\re\workspace\8-2-build-windows-amd64-cygwin\jdk8u51\3951\hotspot\src\share\vm\prims\jæÓQŠç?
Event: 0.719 Thread 0x0000000003263000 Implicit null exception at 0x0000000003680a62 to 0x0000000003680b52

Events (10 events):
Event: 2.534 loading class com/android/dx/dex/code/LocalList$MakeState
Event: 2.534 loading class com/android/dx/dex/code/LocalList$MakeState done
Event: 2.534 loading class com/android/dx/dex/code/LocalList$Disposition
Event: 2.534 loading class com/android/dx/dex/code/LocalList$Disposition done
Event: 2.535 loading class com/android/dx/dex/code/LocalList$Entry
Event: 2.535 loading class com/android/dx/dex/code/LocalList$Entry done
Event: 2.535 loading class com/android/dx/dex/code/CatchHandlerList
Event: 2.535 loading class com/android/dx/dex/code/CatchHandlerList done
Event: 2.536 loading class com/android/dx/dex/code/CatchTable
Event: 2.536 loading class com/android/dx/dex/code/CatchTable done


Dynamic libraries:
0x00007ff760050000 - 0x00007ff760087000 	C:\Program Files\Java\jdk1.8.0_51\bin\java.exe
0x00007ff9ddac0000 - 0x00007ff9ddc81000 	C:\WINDOWS\SYSTEM32\ntdll.dll
0x00007ff9dbcd0000 - 0x00007ff9dbd7d000 	C:\WINDOWS\system32\KERNEL32.DLL
0x00007ff9dabd0000 - 0x00007ff9dadb8000 	C:\WINDOWS\system32\KERNELBASE.dll
0x00007ff9dba60000 - 0x00007ff9dbb07000 	C:\WINDOWS\system32\ADVAPI32.dll
0x00007ff9dda20000 - 0x00007ff9ddabd000 	C:\WINDOWS\system32\msvcrt.dll
0x00007ff9dd850000 - 0x00007ff9dd8ab000 	C:\WINDOWS\system32\sechost.dll
0x00007ff9db760000 - 0x00007ff9db87c000 	C:\WINDOWS\system32\RPCRT4.dll
0x00007ff9dd8c0000 - 0x00007ff9dda16000 	C:\WINDOWS\system32\USER32.dll
0x00007ff9dd500000 - 0x00007ff9dd686000 	C:\WINDOWS\system32\GDI32.dll
0x00007ff9cab00000 - 0x00007ff9cad74000 	C:\WINDOWS\WinSxS\amd64_microsoft.windows.common-controls_6595b64144ccf1df_6.0.10586.672_none_a2d6b3cea53ff843\COMCTL32.dll
0x00007ff9db4e0000 - 0x00007ff9db75d000 	C:\WINDOWS\system32\combase.dll
0x00007ff9dab60000 - 0x00007ff9dabca000 	C:\WINDOWS\system32\bcryptPrimitives.dll
0x00007ff9db880000 - 0x00007ff9db8bb000 	C:\WINDOWS\system32\IMM32.DLL
0x0000000077030000 - 0x0000000077102000 	C:\Program Files\Java\jdk1.8.0_51\jre\bin\msvcr100.dll
0x0000000077210000 - 0x0000000077a93000 	C:\Program Files\Java\jdk1.8.0_51\jre\bin\server\jvm.dll
0x00007ff9dd8b0000 - 0x00007ff9dd8b8000 	C:\WINDOWS\system32\PSAPI.DLL
0x00007ff9c9f90000 - 0x00007ff9c9f99000 	C:\WINDOWS\SYSTEM32\WSOCK32.dll
0x00007ff9d69a0000 - 0x00007ff9d69c3000 	C:\WINDOWS\SYSTEM32\WINMM.dll
0x00007ff9dd430000 - 0x00007ff9dd49b000 	C:\WINDOWS\system32\WS2_32.dll
0x00007ff9d7520000 - 0x00007ff9d752a000 	C:\WINDOWS\SYSTEM32\VERSION.dll
0x0000000001480000 - 0x00000000014ac000 	C:\WINDOWS\SYSTEM32\WINMMBASE.dll
0x00007ff9dadc0000 - 0x00007ff9dae03000 	C:\WINDOWS\system32\cfgmgr32.dll
0x0000000052390000 - 0x000000005239f000 	C:\Program Files\Java\jdk1.8.0_51\jre\bin\verify.dll
0x0000000052360000 - 0x0000000052389000 	C:\Program Files\Java\jdk1.8.0_51\jre\bin\java.dll
0x0000000051d20000 - 0x0000000051d36000 	C:\Program Files\Java\jdk1.8.0_51\jre\bin\zip.dll
0x00007ff9dbed0000 - 0x00007ff9dd42c000 	C:\WINDOWS\system32\SHELL32.dll
0x00007ff9da510000 - 0x00007ff9dab55000 	C:\WINDOWS\system32\windows.storage.dll
0x00007ff9dd4a0000 - 0x00007ff9dd4f2000 	C:\WINDOWS\system32\shlwapi.dll
0x00007ff9da160000 - 0x00007ff9da16f000 	C:\WINDOWS\system32\kernel.appcore.dll
0x00007ff9da450000 - 0x00007ff9da505000 	C:\WINDOWS\system32\shcore.dll
0x00007ff9da110000 - 0x00007ff9da15b000 	C:\WINDOWS\system32\powrprof.dll
0x00007ff9da0f0000 - 0x00007ff9da104000 	C:\WINDOWS\system32\profapi.dll
0x00007ff9a6800000 - 0x00007ff9a698c000 	C:\WINDOWS\SYSTEM32\dbghelp.dll

VM Arguments:
jvm_args: -Djava.awt.headless=true -Xmx1024M -Dfile.encoding=windows-31j -Duser.country=CA -Duser.language=en -Duser.variant 
java_command: com.android.dx.command.Main --dex --force-jumbo --num-threads=4 --multi-dex --output D:\Downloads\CookHelper\CookHelper\app\build\intermediates\transforms\dex\debug\folders\1000\10\com.rengwuxian.materialedittext-library-2.0.3_b76b37f0151eda99c59316eb528f79d51f604817 D:\Downloads\CookHelper\CookHelper\app\build\intermediates\exploded-aar\com.rengwuxian.materialedittext\library\2.0.3\jars\classes.jar
java_class_path (initial): C:\Users\Ahns\AppData\Local\Android\Sdk\build-tools\24.0.1\lib\dx.jar
Launcher Type: SUN_STANDARD

Environment Variables:
PATH=C:\Program Files (x86)\NVIDIA Corporation\PhysX\Common;c:\programdata\oracle\java\javapath;c:\windows\system32;c:\windows;c:\windows\system32\wbem;c:\windows\system32\windowspowershell\v1.0\;c:\program files\widcomm\bluetooth software\;c:\program files\widcomm\bluetooth software\syswow64;c:/python34;c:\program files (x86)\quicktime\qtsystem\;C:\Program Files (x86)\Skype\Phone\;C:\Program Files (x86)\ATI Technologies\ATI.ACE\Core-Static;C:\Program Files\Git\cmd;C:\WINDOWS\system32;C:\WINDOWS;C:\WINDOWS\System32\Wbem;C:\WINDOWS\System32\WindowsPowerShell\v1.0\;C:\Program Files (x86)\Windows Kits\8.1\Windows Performance Toolkit\;C:\Program Files\Microsoft SQL Server\110\Tools\Binn\;C:\Users\Ahns\AppData\Local\Programs\Python\Python35-32\Scripts\;C:\Users\Ahns\AppData\Local\Programs\Python\Python35-32\;C:\Program Files (x86)\Java\jdk1.8.0_51\bin
USERNAME=Ahns
OS=Windows_NT
PROCESSOR_IDENTIFIER=Intel64 Family 6 Model 62 Stepping 4, GenuineIntel



---------------  S Y S T E M  ---------------

OS: Windows 10.0 , 64 bit Build 10586 (10.0.10586.589)

CPU:total 8 (4 cores per cpu, 2 threads per core) family 6 model 62 stepping 4, cmov, cx8, fxsr, mmx, sse, sse2, sse3, ssse3, sse4.1, sse4.2, popcnt, avx, aes, clmul, erms, ht, tsc, tscinvbit

Memory: 4k page, physical 16689932k(4013968k free), swap 20387284k(4112k free)

vm_info: Java HotSpot(TM) 64-Bit Server VM (25.51-b03) for windows-amd64 JRE (1.8.0_51-b16), built on Jun  8 2015 18:03:07 by "java_re" with MS VC++ 10.0 (VS2010)

time: Sat Nov 19 16:14:59 2016
elapsed time: 2 seconds (0d 0h 0m 2s)

