#
# There is insufficient memory for the Java Runtime Environment to continue.
# Native memory allocation (malloc) failed to allocate 65552 bytes for Chunk::new
# Possible reasons:
#   The system is out of physical RAM or swap space
#   In 32 bit mode, the process size limit was hit
# Possible solutions:
#   Reduce memory load on the system
#   Increase physical memory or swap space
#   Check if swap backing store is full
#   Use 64 bit Java on a 64 bit OS
#   Decrease Java heap size (-Xmx/-Xms)
#   Decrease number of Java threads
#   Decrease Java thread stack sizes (-Xss)
#   Set larger code cache with -XX:ReservedCodeCacheSize=
# This output file may be truncated or incomplete.
#
#  Out of Memory Error (allocation.cpp:390), pid=12300, tid=13708
#
# JRE version: Java(TM) SE Runtime Environment (8.0_51-b16) (build 1.8.0_51-b16)
# Java VM: Java HotSpot(TM) 64-Bit Server VM (25.51-b03 mixed mode windows-amd64 compressed oops)
# Failed to write core dump. Minidumps are not enabled by default on client versions of Windows
#

---------------  T H R E A D  ---------------

Current thread (0x0000000017292000):  JavaThread "C2 CompilerThread1" daemon [_thread_in_native, id=13708, stack(0x0000000017910000,0x0000000017a10000)]

Stack: [0x0000000017910000,0x0000000017a10000]
Native frames: (J=compiled Java code, j=interpreted, Vv=VM code, C=native code)
V  [jvm.dll+0x32b4ca]
V  [jvm.dll+0x2797e3]
V  [jvm.dll+0x27a479]
V  [jvm.dll+0x271765]
V  [jvm.dll+0xcba02]
V  [jvm.dll+0xcbecc]
V  [jvm.dll+0xcc224]
V  [jvm.dll+0x4ea2b0]
V  [jvm.dll+0x4c27be]
V  [jvm.dll+0x4c3bc3]
V  [jvm.dll+0x4c3e91]
V  [jvm.dll+0x4c4570]
V  [jvm.dll+0x4c476f]
V  [jvm.dll+0x4c4783]
V  [jvm.dll+0x4c4783]
V  [jvm.dll+0x4c4783]
V  [jvm.dll+0x4c4783]
V  [jvm.dll+0x4c4783]
V  [jvm.dll+0x4c4736]
V  [jvm.dll+0x4c4783]
V  [jvm.dll+0x4c4783]
V  [jvm.dll+0x4b9b51]
V  [jvm.dll+0x46bb38]
V  [jvm.dll+0x46cd4e]
V  [jvm.dll+0x4501a2]
V  [jvm.dll+0xa43a2]
V  [jvm.dll+0xa4cdf]
V  [jvm.dll+0x2418a4]
V  [jvm.dll+0x29846a]
C  [msvcr100.dll+0x21d9f]
C  [msvcr100.dll+0x21e3b]
C  [KERNEL32.DLL+0x18102]
C  [ntdll.dll+0x5c5b4]


Current CompileTask:
C2:   2163 1702       4       com.android.dx.rop.code.LocalVariableExtractor::processBlock (327 bytes)


---------------  P R O C E S S  ---------------

Java Threads: ( => current thread )
  0x00000000175b9000 JavaThread "pool-2-thread-4" [_thread_blocked, id=17592, stack(0x00000000191e0000,0x00000000192e0000)]
  0x00000000175b2000 JavaThread "pool-2-thread-3" [_thread_in_Java, id=19016, stack(0x00000000190e0000,0x00000000191e0000)]
  0x000000001760b000 JavaThread "pool-2-thread-2" [_thread_in_Java, id=18796, stack(0x0000000018fe0000,0x00000000190e0000)]
  0x0000000017609800 JavaThread "pool-3-thread-1" [_thread_blocked, id=1756, stack(0x0000000018ee0000,0x0000000018fe0000)]
  0x0000000017524000 JavaThread "pool-2-thread-1" [_thread_in_Java, id=10480, stack(0x0000000018de0000,0x0000000018ee0000)]
  0x000000001732c800 JavaThread "Service Thread" daemon [_thread_blocked, id=11508, stack(0x0000000017c10000,0x0000000017d10000)]
  0x000000001729b000 JavaThread "C1 CompilerThread3" daemon [_thread_blocked, id=19024, stack(0x0000000017b10000,0x0000000017c10000)]
  0x0000000017296000 JavaThread "C2 CompilerThread2" daemon [_thread_in_native, id=5844, stack(0x0000000017a10000,0x0000000017b10000)]
=>0x0000000017292000 JavaThread "C2 CompilerThread1" daemon [_thread_in_native, id=13708, stack(0x0000000017910000,0x0000000017a10000)]
  0x000000001728e800 JavaThread "C2 CompilerThread0" daemon [_thread_in_native, id=18392, stack(0x0000000017810000,0x0000000017910000)]
  0x000000001728c000 JavaThread "Attach Listener" daemon [_thread_blocked, id=13400, stack(0x0000000017710000,0x0000000017810000)]
  0x000000001728b800 JavaThread "Signal Dispatcher" daemon [_thread_blocked, id=17960, stack(0x0000000017610000,0x0000000017710000)]
  0x00000000026f3000 JavaThread "Finalizer" daemon [_thread_blocked, id=18808, stack(0x0000000017110000,0x0000000017210000)]
  0x00000000026f2000 JavaThread "Reference Handler" daemon [_thread_blocked, id=2804, stack(0x0000000017010000,0x0000000017110000)]
  0x0000000002603000 JavaThread "main" [_thread_blocked, id=9312, stack(0x0000000002500000,0x0000000002600000)]

Other Threads:
  0x0000000015219000 VMThread [stack: 0x0000000016f10000,0x0000000017010000] [id=15788]
  0x0000000017335800 WatcherThread [stack: 0x0000000017d10000,0x0000000017e10000] [id=10876]

VM state:not at safepoint (normal execution)

VM Mutex/Monitor currently owned by a thread: None

Heap:
 PSYoungGen      total 76288K, used 14525K [0x00000000eab00000, 0x00000000f1f80000, 0x0000000100000000)
  eden space 65536K, 6% used [0x00000000eab00000,0x00000000eaf6a8e0,0x00000000eeb00000)
  from space 10752K, 93% used [0x00000000ef580000,0x00000000eff44cf0,0x00000000f0000000)
  to   space 10752K, 0% used [0x00000000eeb00000,0x00000000eeb00000,0x00000000ef580000)
 ParOldGen       total 92160K, used 2074K [0x00000000c0000000, 0x00000000c5a00000, 0x00000000eab00000)
  object space 92160K, 2% used [0x00000000c0000000,0x00000000c0206958,0x00000000c5a00000)
 Metaspace       used 6286K, capacity 7088K, committed 7296K, reserved 1058816K
  class space    used 597K, capacity 616K, committed 640K, reserved 1048576K

Card table byte_map: [0x0000000011ac0000,0x0000000011cd0000] byte_map_base: 0x00000000114c0000

Marking Bits: (ParMarkBitMap*) 0x0000000077a14040
 Begin Bits: [0x0000000012630000, 0x0000000013630000)
 End Bits:   [0x0000000013630000, 0x0000000014630000)

Polling page: 0x00000000020e0000

CodeCache: size=245760Kb used=7248Kb max_used=7248Kb free=238511Kb
 bounds [0x0000000002700000, 0x0000000002e20000, 0x0000000011700000]
 total_blobs=2008 nmethods=1733 adapters=187
 compilation: enabled

Compilation events (10 events):
Event: 2.147 Thread 0x000000001729b000 1732       3       java.lang.System$2::invokeFinalize (5 bytes)
Event: 2.147 Thread 0x000000001729b000 nmethod 1732 0x0000000002e13a10 code [0x0000000002e13b80, 0x0000000002e13da8]
Event: 2.147 Thread 0x000000001729b000 1733       3       java.lang.ref.Reference::clear (6 bytes)
Event: 2.147 Thread 0x000000001729b000 nmethod 1733 0x0000000002e13e50 code [0x0000000002e13fa0, 0x0000000002e14110]
Event: 2.147 Thread 0x000000001729b000 1730       3       java.lang.ref.Finalizer::hasBeenFinalized (14 bytes)
Event: 2.147 Thread 0x000000001729b000 nmethod 1730 0x0000000002e14190 code [0x0000000002e142e0, 0x0000000002e14490]
Event: 2.147 Thread 0x000000001729b000 1734   !   3       java.lang.ref.ReferenceQueue::remove (125 bytes)
Event: 2.148 Thread 0x000000001729b000 nmethod 1734 0x0000000002e14510 code [0x0000000002e146e0, 0x0000000002e14f98]
Event: 2.148 Thread 0x000000001729b000 1735       3       java.util.zip.ZipFile$ZipFileInputStream::finalize (5 bytes)
Event: 2.148 Thread 0x000000001729b000 nmethod 1735 0x0000000002e15390 code [0x0000000002e15500, 0x0000000002e15688]

GC Heap History (6 events):
Event: 0.591 GC heap before
{Heap before GC invocations=1 (full 0):
 PSYoungGen      total 76288K, used 18351K [0x00000000eab00000, 0x00000000f0000000, 0x0000000100000000)
  eden space 65536K, 28% used [0x00000000eab00000,0x00000000ebcebf58,0x00000000eeb00000)
  from space 10752K, 0% used [0x00000000ef580000,0x00000000ef580000,0x00000000f0000000)
  to   space 10752K, 0% used [0x00000000eeb00000,0x00000000eeb00000,0x00000000ef580000)
 ParOldGen       total 175104K, used 0K [0x00000000c0000000, 0x00000000cab00000, 0x00000000eab00000)
  object space 175104K, 0% used [0x00000000c0000000,0x00000000c0000000,0x00000000cab00000)
 Metaspace       used 4566K, capacity 5584K, committed 5760K, reserved 1060864K
  class space    used 493K, capacity 520K, committed 640K, reserved 1048576K
Event: 0.642 GC heap after
Heap after GC invocations=1 (full 0):
 PSYoungGen      total 76288K, used 2151K [0x00000000eab00000, 0x00000000f0000000, 0x0000000100000000)
  eden space 65536K, 0% used [0x00000000eab00000,0x00000000eab00000,0x00000000eeb00000)
  from space 10752K, 20% used [0x00000000eeb00000,0x00000000eed19f58,0x00000000ef580000)
  to   space 10752K, 0% used [0x00000000ef580000,0x00000000ef580000,0x00000000f0000000)
 ParOldGen       total 175104K, used 8K [0x00000000c0000000, 0x00000000cab00000, 0x00000000eab00000)
  object space 175104K, 0% used [0x00000000c0000000,0x00000000c0002000,0x00000000cab00000)
 Metaspace       used 4566K, capacity 5584K, committed 5760K, reserved 1060864K
  class space    used 493K, capacity 520K, committed 640K, reserved 1048576K
}
Event: 0.642 GC heap before
{Heap before GC invocations=2 (full 1):
 PSYoungGen      total 76288K, used 2151K [0x00000000eab00000, 0x00000000f0000000, 0x0000000100000000)
  eden space 65536K, 0% used [0x00000000eab00000,0x00000000eab00000,0x00000000eeb00000)
  from space 10752K, 20% used [0x00000000eeb00000,0x00000000eed19f58,0x00000000ef580000)
  to   space 10752K, 0% used [0x00000000ef580000,0x00000000ef580000,0x00000000f0000000)
 ParOldGen       total 175104K, used 8K [0x00000000c0000000, 0x00000000cab00000, 0x00000000eab00000)
  object space 175104K, 0% used [0x00000000c0000000,0x00000000c0002000,0x00000000cab00000)
 Metaspace       used 4566K, capacity 5584K, committed 5760K, reserved 1060864K
  class space    used 493K, capacity 520K, committed 640K, reserved 1048576K
Event: 0.673 GC heap after
Heap after GC invocations=2 (full 1):
 PSYoungGen      total 76288K, used 0K [0x00000000eab00000, 0x00000000f0000000, 0x0000000100000000)
  eden space 65536K, 0% used [0x00000000eab00000,0x00000000eab00000,0x00000000eeb00000)
  from space 10752K, 0% used [0x00000000eeb00000,0x00000000eeb00000,0x00000000ef580000)
  to   space 10752K, 0% used [0x00000000ef580000,0x00000000ef580000,0x00000000f0000000)
 ParOldGen       total 92160K, used 2066K [0x00000000c0000000, 0x00000000c5a00000, 0x00000000eab00000)
  object space 92160K, 2% used [0x00000000c0000000,0x00000000c0204958,0x00000000c5a00000)
 Metaspace       used 4566K, capacity 5584K, committed 5760K, reserved 1058816K
  class space    used 493K, capacity 520K, committed 640K, reserved 1048576K
}
Event: 2.134 GC heap before
{Heap before GC invocations=3 (full 1):
 PSYoungGen      total 76288K, used 65536K [0x00000000eab00000, 0x00000000f0000000, 0x0000000100000000)
  eden space 65536K, 100% used [0x00000000eab00000,0x00000000eeb00000,0x00000000eeb00000)
  from space 10752K, 0% used [0x00000000eeb00000,0x00000000eeb00000,0x00000000ef580000)
  to   space 10752K, 0% used [0x00000000ef580000,0x00000000ef580000,0x00000000f0000000)
 ParOldGen       total 92160K, used 2066K [0x00000000c0000000, 0x00000000c5a00000, 0x00000000eab00000)
  object space 92160K, 2% used [0x00000000c0000000,0x00000000c0204958,0x00000000c5a00000)
 Metaspace       used 6281K, capacity 7088K, committed 7296K, reserved 1058816K
  class space    used 597K, capacity 616K, committed 640K, reserved 1048576K
Event: 2.145 GC heap after
Heap after GC invocations=3 (full 1):
 PSYoungGen      total 76288K, used 10003K [0x00000000eab00000, 0x00000000f1f80000, 0x0000000100000000)
  eden space 65536K, 0% used [0x00000000eab00000,0x00000000eab00000,0x00000000eeb00000)
  from space 10752K, 93% used [0x00000000ef580000,0x00000000eff44cf0,0x00000000f0000000)
  to   space 10752K, 0% used [0x00000000eeb00000,0x00000000eeb00000,0x00000000ef580000)
 ParOldGen       total 92160K, used 2074K [0x00000000c0000000, 0x00000000c5a00000, 0x00000000eab00000)
  object space 92160K, 2% used [0x00000000c0000000,0x00000000c0206958,0x00000000c5a00000)
 Metaspace       used 6281K, capacity 7088K, committed 7296K, reserved 1058816K
  class space    used 597K, capacity 616K, committed 640K, reserved 1048576K
}

Deoptimization events (10 events):
Event: 0.552 Thread 0x00000000175b9000 Uncommon trap: reason=unstable_if action=reinterpret pc=0x000000000286ead4 method=java.lang.String.compareTo(Ljava/lang/String;)I @ 38
Event: 0.843 Thread 0x0000000002603000 Uncommon trap: reason=unstable_if action=reinterpret pc=0x0000000002936d14 method=java.util.HashMap.getNode(ILjava/lang/Object;)Ljava/util/HashMap$Node; @ 129
Event: 0.845 Thread 0x0000000002603000 Uncommon trap: reason=unstable_if action=reinterpret pc=0x000000000294f734 method=java.util.BitSet.ensureCapacity(I)V @ 6
Event: 0.845 Thread 0x0000000002603000 Uncommon trap: reason=unstable_if action=reinterpret pc=0x000000000293bbb0 method=java.util.BitSet.nextSetBit(I)I @ 87
Event: 0.897 Thread 0x00000000175b9000 Uncommon trap: reason=unstable_if action=reinterpret pc=0x000000000298abec method=java.util.HashMap.getNode(ILjava/lang/Object;)Ljava/util/HashMap$Node; @ 129
Event: 1.628 Thread 0x0000000017524000 Uncommon trap: reason=unstable_if action=reinterpret pc=0x0000000002c878d4 method=com.android.dx.ssa.LiteralOpUpgrader$1.visitNonMoveInsn(Lcom/android/dx/ssa/NormalSsaInsn;)V @ 151
Event: 1.679 Thread 0x000000001760b000 Uncommon trap: reason=null_check action=make_not_entrant pc=0x00000000029c1660 method=com.android.dx.rop.type.Type.equals(Ljava/lang/Object;)Z @ 8
Event: 1.773 Thread 0x0000000017524000 Uncommon trap: reason=unstable_if action=reinterpret pc=0x0000000002ab7df8 method=com.android.dx.rop.code.RegisterSpecSet.<init>(I)V @ 2
Event: 2.094 Thread 0x00000000175b2000 Uncommon trap: reason=unstable_if action=reinterpret pc=0x0000000002ce1e9c method=com.android.dx.rop.code.RegisterSpecSet.localItemToSpec(Lcom/android/dx/rop/code/LocalItem;)Lcom/android/dx/rop/code/RegisterSpec; @ 35
Event: 2.095 Thread 0x00000000175b2000 Uncommon trap: reason=unstable_if action=reinterpret pc=0x0000000002d120c0 method=com.android.dx.rop.code.RegisterSpecSet.localItemToSpec(Lcom/android/dx/rop/code/LocalItem;)Lcom/android/dx/rop/code/RegisterSpec; @ 35

Internal exceptions (3 events):
Event: 0.057 Thread 0x0000000002603000 Exception <a 'java/lang/NoSuchMethodError': Method sun.misc.Unsafe.defineClass(Ljava/lang/String;[BII)Ljava/lang/Class; name or signature does not match> (0x00000000eab12f08) thrown at [C:\re\workspace\8-2-build-windows-amd64-cygwin\jdk8u51\3951\hotspot\sr¼—~-­?
Event: 0.057 Thread 0x0000000002603000 Exception <a 'java/lang/NoSuchMethodError': Method sun.misc.Unsafe.prefetchRead(Ljava/lang/Object;J)V name or signature does not match> (0x00000000eab13198) thrown at [C:\re\workspace\8-2-build-windows-amd64-cygwin\jdk8u51\3951\hotspot\src\share\vm\prims\jž±ÑW¡Þú?
Event: 1.679 Thread 0x000000001760b000 Implicit null exception at 0x00000000029c1562 to 0x00000000029c1652

Events (10 events):
Event: 1.773 Thread 0x0000000017524000 DEOPT PACKING pc=0x0000000002ab7df8 sp=0x0000000018edeb50
Event: 1.773 Thread 0x0000000017524000 DEOPT UNPACKING pc=0x000000000274582a sp=0x0000000018edea80 mode 2
Event: 2.094 Thread 0x00000000175b2000 Uncommon trap: trap_request=0xffffff65 fr.pc=0x0000000002ce1e9c
Event: 2.094 Thread 0x00000000175b2000 DEOPT PACKING pc=0x0000000002ce1e9c sp=0x00000000191de9e0
Event: 2.094 Thread 0x00000000175b2000 DEOPT UNPACKING pc=0x000000000274582a sp=0x00000000191de958 mode 2
Event: 2.095 Thread 0x00000000175b2000 Uncommon trap: trap_request=0xffffff65 fr.pc=0x0000000002d120c0
Event: 2.095 Thread 0x00000000175b2000 DEOPT PACKING pc=0x0000000002d120c0 sp=0x00000000191de990
Event: 2.095 Thread 0x00000000175b2000 DEOPT UNPACKING pc=0x000000000274582a sp=0x00000000191de940 mode 2
Event: 2.134 Executing VM operation: ParallelGCFailedAllocation
Event: 2.145 Executing VM operation: ParallelGCFailedAllocation done


Dynamic libraries:
0x00007ff760050000 - 0x00007ff760087000 	C:\Program Files\Java\jdk1.8.0_51\bin\java.exe
0x00007ff9ddac0000 - 0x00007ff9ddc81000 	C:\WINDOWS\SYSTEM32\ntdll.dll
0x00007ff9dbcd0000 - 0x00007ff9dbd7d000 	C:\WINDOWS\system32\KERNEL32.DLL
0x00007ff9dabd0000 - 0x00007ff9dadb8000 	C:\WINDOWS\system32\KERNELBASE.dll
0x00007ff9dba60000 - 0x00007ff9dbb07000 	C:\WINDOWS\system32\ADVAPI32.dll
0x00007ff9dda20000 - 0x00007ff9ddabd000 	C:\WINDOWS\system32\msvcrt.dll
0x00007ff9dd850000 - 0x00007ff9dd8ab000 	C:\WINDOWS\system32\sechost.dll
0x00007ff9db760000 - 0x00007ff9db87c000 	C:\WINDOWS\system32\RPCRT4.dll
0x00007ff9dd8c0000 - 0x00007ff9dda16000 	C:\WINDOWS\system32\USER32.dll
0x00007ff9dd500000 - 0x00007ff9dd686000 	C:\WINDOWS\system32\GDI32.dll
0x00007ff9cab00000 - 0x00007ff9cad74000 	C:\WINDOWS\WinSxS\amd64_microsoft.windows.common-controls_6595b64144ccf1df_6.0.10586.672_none_a2d6b3cea53ff843\COMCTL32.dll
0x00007ff9db4e0000 - 0x00007ff9db75d000 	C:\WINDOWS\system32\combase.dll
0x00007ff9dab60000 - 0x00007ff9dabca000 	C:\WINDOWS\system32\bcryptPrimitives.dll
0x00007ff9db880000 - 0x00007ff9db8bb000 	C:\WINDOWS\system32\IMM32.DLL
0x0000000074fa0000 - 0x0000000075072000 	C:\Program Files\Java\jdk1.8.0_51\jre\bin\msvcr100.dll
0x0000000077210000 - 0x0000000077a93000 	C:\Program Files\Java\jdk1.8.0_51\jre\bin\server\jvm.dll
0x00007ff9dd8b0000 - 0x00007ff9dd8b8000 	C:\WINDOWS\system32\PSAPI.DLL
0x00007ff9c9f90000 - 0x00007ff9c9f99000 	C:\WINDOWS\SYSTEM32\WSOCK32.dll
0x00007ff9dd430000 - 0x00007ff9dd49b000 	C:\WINDOWS\system32\WS2_32.dll
0x00007ff9d7520000 - 0x00007ff9d752a000 	C:\WINDOWS\SYSTEM32\VERSION.dll
0x00007ff9d69a0000 - 0x00007ff9d69c3000 	C:\WINDOWS\SYSTEM32\WINMM.dll
0x00007ff9d6870000 - 0x00007ff9d689c000 	C:\WINDOWS\SYSTEM32\WINMMBASE.dll
0x00007ff9dadc0000 - 0x00007ff9dae03000 	C:\WINDOWS\system32\cfgmgr32.dll
0x0000000052390000 - 0x000000005239f000 	C:\Program Files\Java\jdk1.8.0_51\jre\bin\verify.dll
0x0000000052360000 - 0x0000000052389000 	C:\Program Files\Java\jdk1.8.0_51\jre\bin\java.dll
0x0000000051d20000 - 0x0000000051d36000 	C:\Program Files\Java\jdk1.8.0_51\jre\bin\zip.dll
0x00007ff9dbed0000 - 0x00007ff9dd42c000 	C:\WINDOWS\system32\SHELL32.dll
0x00007ff9da510000 - 0x00007ff9dab55000 	C:\WINDOWS\system32\windows.storage.dll
0x00007ff9dd4a0000 - 0x00007ff9dd4f2000 	C:\WINDOWS\system32\shlwapi.dll
0x00007ff9da160000 - 0x00007ff9da16f000 	C:\WINDOWS\system32\kernel.appcore.dll
0x00007ff9da450000 - 0x00007ff9da505000 	C:\WINDOWS\system32\shcore.dll
0x00007ff9da110000 - 0x00007ff9da15b000 	C:\WINDOWS\system32\powrprof.dll
0x00007ff9da0f0000 - 0x00007ff9da104000 	C:\WINDOWS\system32\profapi.dll
0x00007ff9a6800000 - 0x00007ff9a698c000 	C:\WINDOWS\SYSTEM32\dbghelp.dll

VM Arguments:
jvm_args: -Djava.awt.headless=true -Xmx1024M -Dfile.encoding=windows-31j -Duser.country=CA -Duser.language=en -Duser.variant 
java_command: com.android.dx.command.Main --dex --force-jumbo --num-threads=4 --multi-dex --output D:\Downloads\CookHelper\CookHelper\app\build\intermediates\transforms\dex\debug\folders\1000\10\internal_impl-24.2.0_b24df0029a406feb3ab9e495c6743064370ca6de D:\Downloads\CookHelper\CookHelper\app\build\intermediates\exploded-aar\com.android.support\support-compat\24.2.0\jars\libs\internal_impl-24.2.0.jar
java_class_path (initial): C:\Users\Ahns\AppData\Local\Android\Sdk\build-tools\24.0.1\lib\dx.jar
Launcher Type: SUN_STANDARD

Environment Variables:
PATH=C:\Program Files (x86)\NVIDIA Corporation\PhysX\Common;c:\programdata\oracle\java\javapath;c:\windows\system32;c:\windows;c:\windows\system32\wbem;c:\windows\system32\windowspowershell\v1.0\;c:\program files\widcomm\bluetooth software\;c:\program files\widcomm\bluetooth software\syswow64;c:/python34;c:\program files (x86)\quicktime\qtsystem\;C:\Program Files (x86)\Skype\Phone\;C:\Program Files (x86)\ATI Technologies\ATI.ACE\Core-Static;C:\Program Files\Git\cmd;C:\WINDOWS\system32;C:\WINDOWS;C:\WINDOWS\System32\Wbem;C:\WINDOWS\System32\WindowsPowerShell\v1.0\;C:\Program Files (x86)\Windows Kits\8.1\Windows Performance Toolkit\;C:\Program Files\Microsoft SQL Server\110\Tools\Binn\;C:\Users\Ahns\AppData\Local\Programs\Python\Python35-32\Scripts\;C:\Users\Ahns\AppData\Local\Programs\Python\Python35-32\;C:\Program Files (x86)\Java\jdk1.8.0_51\bin
USERNAME=Ahns
OS=Windows_NT
PROCESSOR_IDENTIFIER=Intel64 Family 6 Model 62 Stepping 4, GenuineIntel



---------------  S Y S T E M  ---------------

OS: Windows 10.0 , 64 bit Build 10586 (10.0.10586.589)

CPU:total 8 (4 cores per cpu, 2 threads per core) family 6 model 62 stepping 4, cmov, cx8, fxsr, mmx, sse, sse2, sse3, ssse3, sse4.1, sse4.2, popcnt, avx, aes, clmul, erms, ht, tsc, tscinvbit

Memory: 4k page, physical 16689932k(4852948k free), swap 20726176k(4104k free)

vm_info: Java HotSpot(TM) 64-Bit Server VM (25.51-b03) for windows-amd64 JRE (1.8.0_51-b16), built on Jun  8 2015 18:03:07 by "java_re" with MS VC++ 10.0 (VS2010)

time: Sun Nov 20 16:05:59 2016
elapsed time: 2 seconds (0d 0h 0m 2s)

