#
# There is insufficient memory for the Java Runtime Environment to continue.
# Native memory allocation (malloc) failed to allocate 453136 bytes for Chunk::new
# Possible reasons:
#   The system is out of physical RAM or swap space
#   In 32 bit mode, the process size limit was hit
# Possible solutions:
#   Reduce memory load on the system
#   Increase physical memory or swap space
#   Check if swap backing store is full
#   Use 64 bit Java on a 64 bit OS
#   Decrease Java heap size (-Xmx/-Xms)
#   Decrease number of Java threads
#   Decrease Java thread stack sizes (-Xss)
#   Set larger code cache with -XX:ReservedCodeCacheSize=
# This output file may be truncated or incomplete.
#
#  Out of Memory Error (allocation.cpp:390), pid=7788, tid=4612
#
# JRE version: Java(TM) SE Runtime Environment (8.0_51-b16) (build 1.8.0_51-b16)
# Java VM: Java HotSpot(TM) 64-Bit Server VM (25.51-b03 mixed mode windows-amd64 compressed oops)
# Failed to write core dump. Minidumps are not enabled by default on client versions of Windows
#

---------------  T H R E A D  ---------------

Current thread (0x000000001787f800):  JavaThread "C2 CompilerThread0" daemon [_thread_in_native, id=4612, stack(0x0000000017e50000,0x0000000017f50000)]

Stack: [0x0000000017e50000,0x0000000017f50000]
Native frames: (J=compiled Java code, j=interpreted, Vv=VM code, C=native code)
V  [jvm.dll+0x32b4ca]
V  [jvm.dll+0x2797e3]
V  [jvm.dll+0x27a479]
V  [jvm.dll+0x271765]
V  [jvm.dll+0xcba02]
V  [jvm.dll+0xcbecc]
V  [jvm.dll+0x492a7c]
V  [jvm.dll+0x45f679]
V  [jvm.dll+0x46a7cb]
V  [jvm.dll+0x46cde2]
V  [jvm.dll+0x4501a2]
V  [jvm.dll+0xa43a2]
V  [jvm.dll+0xa4cdf]
V  [jvm.dll+0x2418a4]
V  [jvm.dll+0x29846a]
C  [msvcr100.dll+0x21d9f]
C  [msvcr100.dll+0x21e3b]
C  [KERNEL32.DLL+0x18102]
C  [ntdll.dll+0x5c5b4]


Current CompileTask:
C2:   4998 1860       4       com.android.dx.ssa.SsaConverter::placePhiFunctions (394 bytes)


---------------  P R O C E S S  ---------------

Java Threads: ( => current thread )
  0x0000000017ba2800 JavaThread "pool-2-thread-4" [_thread_blocked, id=11300, stack(0x0000000019050000,0x0000000019150000)]
  0x0000000017b4b800 JavaThread "pool-2-thread-3" [_thread_blocked, id=8912, stack(0x0000000018f50000,0x0000000019050000)]
  0x0000000017b4b000 JavaThread "pool-2-thread-2" [_thread_blocked, id=7144, stack(0x0000000018e50000,0x0000000018f50000)]
  0x0000000017b48000 JavaThread "pool-3-thread-1" [_thread_blocked, id=16448, stack(0x0000000018d50000,0x0000000018e50000)]
  0x0000000017b45800 JavaThread "pool-2-thread-1" [_thread_in_Java, id=17416, stack(0x0000000018c50000,0x0000000018d50000)]
  0x000000001793f800 JavaThread "Service Thread" daemon [_thread_blocked, id=15480, stack(0x0000000018250000,0x0000000018350000)]
  0x000000001792b800 JavaThread "C1 CompilerThread3" daemon [_thread_blocked, id=4344, stack(0x0000000018150000,0x0000000018250000)]
  0x0000000017928800 JavaThread "C2 CompilerThread2" daemon [_thread_in_native, id=11076, stack(0x0000000018050000,0x0000000018150000)]
  0x0000000017883000 JavaThread "C2 CompilerThread1" daemon [_thread_in_native, id=18288, stack(0x0000000017f50000,0x0000000018050000)]
=>0x000000001787f800 JavaThread "C2 CompilerThread0" daemon [_thread_in_native, id=4612, stack(0x0000000017e50000,0x0000000017f50000)]
  0x000000001787d000 JavaThread "Attach Listener" daemon [_thread_blocked, id=3812, stack(0x0000000017d50000,0x0000000017e50000)]
  0x000000001787c800 JavaThread "Signal Dispatcher" daemon [_thread_blocked, id=7400, stack(0x0000000017c50000,0x0000000017d50000)]
  0x0000000002d03000 JavaThread "Finalizer" daemon [_thread_blocked, id=7884, stack(0x0000000017730000,0x0000000017830000)]
  0x0000000002d02000 JavaThread "Reference Handler" daemon [_thread_blocked, id=9048, stack(0x0000000017630000,0x0000000017730000)]
  0x0000000002c13000 JavaThread "main" [_thread_in_Java, id=15532, stack(0x0000000002990000,0x0000000002a90000)]

Other Threads:
  0x0000000015829800 VMThread [stack: 0x0000000017530000,0x0000000017630000] [id=9616]
  0x0000000017940800 WatcherThread [stack: 0x0000000018350000,0x0000000018450000] [id=14076]

VM state:not at safepoint (normal execution)

VM Mutex/Monitor currently owned by a thread: None

Heap:
 PSYoungGen      total 141824K, used 64466K [0x00000000eab00000, 0x00000000f4000000, 0x0000000100000000)
  eden space 131072K, 40% used [0x00000000eab00000,0x00000000edf758b0,0x00000000f2b00000)
  from space 10752K, 99% used [0x00000000f3580000,0x00000000f3fff000,0x00000000f4000000)
  to   space 10752K, 0% used [0x00000000f2b00000,0x00000000f2b00000,0x00000000f3580000)
 ParOldGen       total 175104K, used 8077K [0x00000000c0000000, 0x00000000cab00000, 0x00000000eab00000)
  object space 175104K, 4% used [0x00000000c0000000,0x00000000c07e3770,0x00000000cab00000)
 Metaspace       used 6295K, capacity 7152K, committed 7296K, reserved 1056768K
  class space    used 597K, capacity 616K, committed 640K, reserved 1048576K

Card table byte_map: [0x00000000120d0000,0x00000000122e0000] byte_map_base: 0x0000000011ad0000

Marking Bits: (ParMarkBitMap*) 0x0000000077a14040
 Begin Bits: [0x0000000012c40000, 0x0000000013c40000)
 End Bits:   [0x0000000013c40000, 0x0000000014c40000)

Polling page: 0x0000000002a90000

CodeCache: size=245760Kb used=8594Kb max_used=8594Kb free=237165Kb
 bounds [0x0000000002d10000, 0x0000000003580000, 0x0000000011d10000]
 total_blobs=2142 nmethods=1870 adapters=184
 compilation: enabled

Compilation events (10 events):
Event: 4.927 Thread 0x000000001792b800 1889       3       com.android.dx.util.ByteArray::getShort (25 bytes)
Event: 4.928 Thread 0x000000001792b800 nmethod 1889 0x0000000003572f10 code [0x0000000003573080, 0x0000000003573348]
Event: 4.936 Thread 0x000000001792b800 1893       2       com.android.dx.util.ByteArray::getByte (14 bytes)
Event: 4.936 Thread 0x000000001792b800 nmethod 1893 0x000000000357e3d0 code [0x000000000357e540, 0x000000000357e708]
Event: 4.944 Thread 0x000000001792b800 1895       2       com.android.dx.ssa.SsaMethod::makeNewSsaReg (26 bytes)
Event: 4.944 Thread 0x000000001792b800 nmethod 1895 0x000000000357e050 code [0x000000000357e1a0, 0x000000000357e330]
Event: 4.950 Thread 0x000000001792b800 1897       2       com.android.dx.ssa.SCCP::simulateStmt (481 bytes)
Event: 4.952 Thread 0x000000001792b800 nmethod 1897 0x0000000003573fd0 code [0x0000000003574240, 0x0000000003574b18]
Event: 4.952 Thread 0x000000001792b800 1898       2       com.android.dx.ssa.SsaMethod$1::visitMoveInsn (17 bytes)
Event: 4.952 Thread 0x000000001792b800 nmethod 1898 0x000000000357db10 code [0x000000000357dc80, 0x000000000357de90]

GC Heap History (4 events):
Event: 3.306 GC heap before
{Heap before GC invocations=1 (full 0):
 PSYoungGen      total 76288K, used 65536K [0x00000000eab00000, 0x00000000f0000000, 0x0000000100000000)
  eden space 65536K, 100% used [0x00000000eab00000,0x00000000eeb00000,0x00000000eeb00000)
  from space 10752K, 0% used [0x00000000ef580000,0x00000000ef580000,0x00000000f0000000)
  to   space 10752K, 0% used [0x00000000eeb00000,0x00000000eeb00000,0x00000000ef580000)
 ParOldGen       total 175104K, used 0K [0x00000000c0000000, 0x00000000cab00000, 0x00000000eab00000)
  object space 175104K, 0% used [0x00000000c0000000,0x00000000c0000000,0x00000000cab00000)
 Metaspace       used 6178K, capacity 7088K, committed 7296K, reserved 1056768K
  class space    used 597K, capacity 616K, committed 640K, reserved 1048576K
Event: 3.395 GC heap after
Heap after GC invocations=1 (full 0):
 PSYoungGen      total 76288K, used 10719K [0x00000000eab00000, 0x00000000f4000000, 0x0000000100000000)
  eden space 65536K, 0% used [0x00000000eab00000,0x00000000eab00000,0x00000000eeb00000)
  from space 10752K, 99% used [0x00000000eeb00000,0x00000000ef577e30,0x00000000ef580000)
  to   space 10752K, 0% used [0x00000000f3580000,0x00000000f3580000,0x00000000f4000000)
 ParOldGen       total 175104K, used 16K [0x00000000c0000000, 0x00000000cab00000, 0x00000000eab00000)
  object space 175104K, 0% used [0x00000000c0000000,0x00000000c0004000,0x00000000cab00000)
 Metaspace       used 6178K, capacity 7088K, committed 7296K, reserved 1056768K
  class space    used 597K, capacity 616K, committed 640K, reserved 1048576K
}
Event: 4.687 GC heap before
{Heap before GC invocations=2 (full 0):
 PSYoungGen      total 76288K, used 76255K [0x00000000eab00000, 0x00000000f4000000, 0x0000000100000000)
  eden space 65536K, 100% used [0x00000000eab00000,0x00000000eeb00000,0x00000000eeb00000)
  from space 10752K, 99% used [0x00000000eeb00000,0x00000000ef577e30,0x00000000ef580000)
  to   space 10752K, 0% used [0x00000000f3580000,0x00000000f3580000,0x00000000f4000000)
 ParOldGen       total 175104K, used 16K [0x00000000c0000000, 0x00000000cab00000, 0x00000000eab00000)
  object space 175104K, 0% used [0x00000000c0000000,0x00000000c0004000,0x00000000cab00000)
 Metaspace       used 6281K, capacity 7152K, committed 7296K, reserved 1056768K
  class space    used 597K, capacity 616K, committed 640K, reserved 1048576K
Event: 4.734 GC heap after
Heap after GC invocations=2 (full 0):
 PSYoungGen      total 141824K, used 10748K [0x00000000eab00000, 0x00000000f4000000, 0x0000000100000000)
  eden space 131072K, 0% used [0x00000000eab00000,0x00000000eab00000,0x00000000f2b00000)
  from space 10752K, 99% used [0x00000000f3580000,0x00000000f3fff000,0x00000000f4000000)
  to   space 10752K, 0% used [0x00000000f2b00000,0x00000000f2b00000,0x00000000f3580000)
 ParOldGen       total 175104K, used 8077K [0x00000000c0000000, 0x00000000cab00000, 0x00000000eab00000)
  object space 175104K, 4% used [0x00000000c0000000,0x00000000c07e3770,0x00000000cab00000)
 Metaspace       used 6281K, capacity 7152K, committed 7296K, reserved 1056768K
  class space    used 597K, capacity 616K, committed 640K, reserved 1048576K
}

Deoptimization events (10 events):
Event: 4.539 Thread 0x0000000017b4b000 Uncommon trap: reason=bimorphic action=maybe_recompile pc=0x00000000034a9548 method=com.android.dx.cf.code.RopperMachine.run(Lcom/android/dx/cf/code/Frame;II)V @ 988
Event: 4.540 Thread 0x0000000017ba2800 Uncommon trap: reason=bimorphic action=maybe_recompile pc=0x00000000034a9548 method=com.android.dx.cf.code.RopperMachine.run(Lcom/android/dx/cf/code/Frame;II)V @ 988
Event: 4.576 Thread 0x0000000017b4b000 Uncommon trap: reason=class_check action=maybe_recompile pc=0x000000000351844c method=com.android.dx.cf.code.Ropper.processBlock(Lcom/android/dx/cf/code/ByteBlock;Lcom/android/dx/cf/code/Frame;[I)V @ 777
Event: 4.913 Thread 0x0000000017b45800 Uncommon trap: reason=bimorphic action=maybe_recompile pc=0x0000000003554a30 method=com.android.dx.cf.code.BytecodeArray.parseInstruction(ILcom/android/dx/cf/code/BytecodeArray$Visitor;)I @ 1130
Event: 4.913 Thread 0x0000000017b45800 Uncommon trap: reason=bimorphic action=maybe_recompile pc=0x00000000035545d0 method=com.android.dx.cf.code.BytecodeArray.parseInstruction(ILcom/android/dx/cf/code/BytecodeArray$Visitor;)I @ 971
Event: 4.913 Thread 0x0000000017b45800 Uncommon trap: reason=bimorphic action=maybe_recompile pc=0x000000000355465c method=com.android.dx.cf.code.BytecodeArray.parseInstruction(ILcom/android/dx/cf/code/BytecodeArray$Visitor;)I @ 987
Event: 4.913 Thread 0x0000000017b45800 Uncommon trap: reason=bimorphic action=maybe_recompile pc=0x0000000003554544 method=com.android.dx.cf.code.BytecodeArray.parseInstruction(ILcom/android/dx/cf/code/BytecodeArray$Visitor;)I @ 955
Event: 4.913 Thread 0x0000000017b45800 Uncommon trap: reason=bimorphic action=maybe_recompile pc=0x0000000003554544 method=com.android.dx.cf.code.BytecodeArray.parseInstruction(ILcom/android/dx/cf/code/BytecodeArray$Visitor;)I @ 955
Event: 4.913 Thread 0x0000000017b45800 Uncommon trap: reason=class_check action=maybe_recompile pc=0x000000000351844c method=com.android.dx.cf.code.Ropper.processBlock(Lcom/android/dx/cf/code/ByteBlock;Lcom/android/dx/cf/code/Frame;[I)V @ 777
Event: 4.950 Thread 0x0000000002c13000 Uncommon trap: reason=unstable_if action=reinterpret pc=0x0000000003577d44 method=com.android.dx.ssa.SCCP.simulateStmt(Lcom/android/dx/ssa/SsaInsn;)V @ 59

Internal exceptions (3 events):
Event: 1.123 Thread 0x0000000002c13000 Exception <a 'java/lang/NoSuchMethodError': Method sun.misc.Unsafe.defineClass(Ljava/lang/String;[BII)Ljava/lang/Class; name or signature does not match> (0x00000000eab12f08) thrown at [C:\re\workspace\8-2-build-windows-amd64-cygwin\jdk8u51\3951\hotspot\sr≈Â™“è˜Ò?
Event: 1.123 Thread 0x0000000002c13000 Exception <a 'java/lang/NoSuchMethodError': Method sun.misc.Unsafe.prefetchRead(Ljava/lang/Object;J)V name or signature does not match> (0x00000000eab13198) thrown at [C:\re\workspace\8-2-build-windows-amd64-cygwin\jdk8u51\3951\hotspot\src\share\vm\prims\jb±∑1
@
Event: 3.274 Thread 0x0000000017b4b000 Implicit null exception at 0x000000000331d2c5 to 0x00000000033205c9

Events (10 events):
Event: 4.913 Thread 0x0000000017b45800 DEOPT UNPACKING pc=0x0000000002d5582a sp=0x0000000018d4e868 mode 2
Event: 4.927 Thread 0x0000000017b45800 DEOPT PACKING pc=0x000000000318c179 sp=0x0000000018d4e720
Event: 4.927 Thread 0x0000000017b45800 DEOPT UNPACKING pc=0x0000000002d5787f sp=0x0000000018d4e550 mode 0
Event: 4.947 Thread 0x0000000017ba2800 DEOPT PACKING pc=0x000000000318c179 sp=0x000000001914e470
Event: 4.947 Thread 0x0000000017ba2800 DEOPT UNPACKING pc=0x0000000002d5787f sp=0x000000001914e2a0 mode 0
Event: 4.950 Thread 0x0000000002c13000 Uncommon trap: trap_request=0xffffff65 fr.pc=0x0000000003577d44
Event: 4.950 Thread 0x0000000002c13000 DEOPT PACKING pc=0x0000000003577d44 sp=0x0000000002a8e000
Event: 4.950 Thread 0x0000000002c13000 DEOPT UNPACKING pc=0x0000000002d5582a sp=0x0000000002a8dfd8 mode 2
Event: 4.956 Thread 0x0000000017b45800 DEOPT PACKING pc=0x000000000318c179 sp=0x0000000018d4e720
Event: 4.956 Thread 0x0000000017b45800 DEOPT UNPACKING pc=0x0000000002d5787f sp=0x0000000018d4e550 mode 0


Dynamic libraries:
0x00007ff760050000 - 0x00007ff760087000 	C:\Program Files\Java\jdk1.8.0_51\bin\java.exe
0x00007ff9ddac0000 - 0x00007ff9ddc81000 	C:\WINDOWS\SYSTEM32\ntdll.dll
0x00007ff9dbcd0000 - 0x00007ff9dbd7d000 	C:\WINDOWS\system32\KERNEL32.DLL
0x00007ff9dabd0000 - 0x00007ff9dadb8000 	C:\WINDOWS\system32\KERNELBASE.dll
0x00007ff9dba60000 - 0x00007ff9dbb07000 	C:\WINDOWS\system32\ADVAPI32.dll
0x00007ff9dda20000 - 0x00007ff9ddabd000 	C:\WINDOWS\system32\msvcrt.dll
0x00007ff9dd850000 - 0x00007ff9dd8ab000 	C:\WINDOWS\system32\sechost.dll
0x00007ff9db760000 - 0x00007ff9db87c000 	C:\WINDOWS\system32\RPCRT4.dll
0x00007ff9dd8c0000 - 0x00007ff9dda16000 	C:\WINDOWS\system32\USER32.dll
0x00007ff9dd500000 - 0x00007ff9dd686000 	C:\WINDOWS\system32\GDI32.dll
0x00007ff9cab00000 - 0x00007ff9cad74000 	C:\WINDOWS\WinSxS\amd64_microsoft.windows.common-controls_6595b64144ccf1df_6.0.10586.672_none_a2d6b3cea53ff843\COMCTL32.dll
0x00007ff9db4e0000 - 0x00007ff9db75d000 	C:\WINDOWS\system32\combase.dll
0x00007ff9dab60000 - 0x00007ff9dabca000 	C:\WINDOWS\system32\bcryptPrimitives.dll
0x00007ff9db880000 - 0x00007ff9db8bb000 	C:\WINDOWS\system32\IMM32.DLL
0x0000000077030000 - 0x0000000077102000 	C:\Program Files\Java\jdk1.8.0_51\jre\bin\msvcr100.dll
0x0000000077210000 - 0x0000000077a93000 	C:\Program Files\Java\jdk1.8.0_51\jre\bin\server\jvm.dll
0x00007ff9dd8b0000 - 0x00007ff9dd8b8000 	C:\WINDOWS\system32\PSAPI.DLL
0x00007ff9c9f90000 - 0x00007ff9c9f99000 	C:\WINDOWS\SYSTEM32\WSOCK32.dll
0x00007ff9dd430000 - 0x00007ff9dd49b000 	C:\WINDOWS\system32\WS2_32.dll
0x00007ff9d69a0000 - 0x00007ff9d69c3000 	C:\WINDOWS\SYSTEM32\WINMM.dll
0x00007ff9d7520000 - 0x00007ff9d752a000 	C:\WINDOWS\SYSTEM32\VERSION.dll
0x00007ff9d6870000 - 0x00007ff9d689c000 	C:\WINDOWS\SYSTEM32\WINMMBASE.dll
0x00007ff9dadc0000 - 0x00007ff9dae03000 	C:\WINDOWS\system32\cfgmgr32.dll
0x0000000052390000 - 0x000000005239f000 	C:\Program Files\Java\jdk1.8.0_51\jre\bin\verify.dll
0x0000000052360000 - 0x0000000052389000 	C:\Program Files\Java\jdk1.8.0_51\jre\bin\java.dll
0x0000000051d20000 - 0x0000000051d36000 	C:\Program Files\Java\jdk1.8.0_51\jre\bin\zip.dll
0x00007ff9dbed0000 - 0x00007ff9dd42c000 	C:\WINDOWS\system32\SHELL32.dll
0x00007ff9da510000 - 0x00007ff9dab55000 	C:\WINDOWS\system32\windows.storage.dll
0x00007ff9dd4a0000 - 0x00007ff9dd4f2000 	C:\WINDOWS\system32\shlwapi.dll
0x00007ff9da160000 - 0x00007ff9da16f000 	C:\WINDOWS\system32\kernel.appcore.dll
0x00007ff9da450000 - 0x00007ff9da505000 	C:\WINDOWS\system32\shcore.dll
0x00007ff9da110000 - 0x00007ff9da15b000 	C:\WINDOWS\system32\powrprof.dll
0x00007ff9da0f0000 - 0x00007ff9da104000 	C:\WINDOWS\system32\profapi.dll
0x00007ff9a6800000 - 0x00007ff9a698c000 	C:\WINDOWS\SYSTEM32\dbghelp.dll

VM Arguments:
jvm_args: -Djava.awt.headless=true -Xmx1024M -Dfile.encoding=windows-31j -Duser.country=CA -Duser.language=en -Duser.variant 
java_command: com.android.dx.command.Main --dex --force-jumbo --num-threads=4 --multi-dex --output D:\Downloads\CookHelper\CookHelper\app\build\intermediates\transforms\dex\debug\folders\1000\10\com.android.support-appcompat-v7-24.2.0_faf91e7c03a52687d481d3acb57be563ec15dd0f D:\Downloads\CookHelper\CookHelper\app\build\intermediates\exploded-aar\com.android.support\appcompat-v7\24.2.0\jars\classes.jar
java_class_path (initial): C:\Users\Ahns\AppData\Local\Android\Sdk\build-tools\24.0.1\lib\dx.jar
Launcher Type: SUN_STANDARD

Environment Variables:
PATH=C:\Program Files (x86)\NVIDIA Corporation\PhysX\Common;c:\programdata\oracle\java\javapath;c:\windows\system32;c:\windows;c:\windows\system32\wbem;c:\windows\system32\windowspowershell\v1.0\;c:\program files\widcomm\bluetooth software\;c:\program files\widcomm\bluetooth software\syswow64;c:/python34;c:\program files (x86)\quicktime\qtsystem\;C:\Program Files (x86)\Skype\Phone\;C:\Program Files (x86)\ATI Technologies\ATI.ACE\Core-Static;C:\Program Files\Git\cmd;C:\WINDOWS\system32;C:\WINDOWS;C:\WINDOWS\System32\Wbem;C:\WINDOWS\System32\WindowsPowerShell\v1.0\;C:\Program Files (x86)\Windows Kits\8.1\Windows Performance Toolkit\;C:\Program Files\Microsoft SQL Server\110\Tools\Binn\;C:\Users\Ahns\AppData\Local\Programs\Python\Python35-32\Scripts\;C:\Users\Ahns\AppData\Local\Programs\Python\Python35-32\;C:\Program Files (x86)\Java\jdk1.8.0_51\bin
USERNAME=Ahns
OS=Windows_NT
PROCESSOR_IDENTIFIER=Intel64 Family 6 Model 62 Stepping 4, GenuineIntel



---------------  S Y S T E M  ---------------

OS: Windows 10.0 , 64 bit Build 10586 (10.0.10586.589)

CPU:total 8 (4 cores per cpu, 2 threads per core) family 6 model 62 stepping 4, cmov, cx8, fxsr, mmx, sse, sse2, sse3, ssse3, sse4.1, sse4.2, popcnt, avx, aes, clmul, erms, ht, tsc, tscinvbit

Memory: 4k page, physical 16689932k(4498708k free), swap 20325240k(4104k free)

vm_info: Java HotSpot(TM) 64-Bit Server VM (25.51-b03) for windows-amd64 JRE (1.8.0_51-b16), built on Jun  8 2015 18:03:07 by "java_re" with MS VC++ 10.0 (VS2010)

time: Sat Nov 19 16:36:39 2016
elapsed time: 5 seconds (0d 0h 0m 5s)

