#
# There is insufficient memory for the Java Runtime Environment to continue.
# Native memory allocation (malloc) failed to allocate 32744 bytes for ChunkPool::allocate
# Possible reasons:
#   The system is out of physical RAM or swap space
#   In 32 bit mode, the process size limit was hit
# Possible solutions:
#   Reduce memory load on the system
#   Increase physical memory or swap space
#   Check if swap backing store is full
#   Use 64 bit Java on a 64 bit OS
#   Decrease Java heap size (-Xmx/-Xms)
#   Decrease number of Java threads
#   Decrease Java thread stack sizes (-Xss)
#   Set larger code cache with -XX:ReservedCodeCacheSize=
# This output file may be truncated or incomplete.
#
#  Out of Memory Error (allocation.cpp:273), pid=468, tid=18208
#
# JRE version: Java(TM) SE Runtime Environment (8.0_51-b16) (build 1.8.0_51-b16)
# Java VM: Java HotSpot(TM) 64-Bit Server VM (25.51-b03 mixed mode windows-amd64 compressed oops)
# Failed to write core dump. Minidumps are not enabled by default on client versions of Windows
#

---------------  T H R E A D  ---------------

Current thread (0x000000001748c800):  JavaThread "C2 CompilerThread0" daemon [_thread_in_native, id=18208, stack(0x0000000018250000,0x0000000018350000)]

Stack: [0x0000000018250000,0x0000000018350000]
Native frames: (J=compiled Java code, j=interpreted, Vv=VM code, C=native code)
V  [jvm.dll+0x32b4ca]


Current CompileTask:
C2:    627  666       4       com.android.dx.ssa.NormalSsaInsn::accept (25 bytes)


---------------  P R O C E S S  ---------------

Java Threads: ( => current thread )
  0x000000001776a000 JavaThread "pool-2-thread-4" [_thread_in_Java, id=9232, stack(0x0000000018c50000,0x0000000018d50000)]
  0x000000001775f000 JavaThread "pool-2-thread-3" [_thread_in_Java, id=17900, stack(0x0000000018b50000,0x0000000018c50000)]
  0x000000001775a800 JavaThread "pool-2-thread-2" [_thread_in_Java, id=10200, stack(0x0000000018a50000,0x0000000018b50000)]
  0x0000000017688800 JavaThread "pool-3-thread-1" [_thread_blocked, id=15200, stack(0x0000000018950000,0x0000000018a50000)]
  0x0000000017687800 JavaThread "pool-2-thread-1" [_thread_in_Java, id=17032, stack(0x0000000018850000,0x0000000018950000)]
  0x000000001749d000 JavaThread "Service Thread" daemon [_thread_blocked, id=14132, stack(0x0000000018650000,0x0000000018750000)]
  0x0000000017495000 JavaThread "C1 CompilerThread3" daemon [_thread_in_native, id=18588, stack(0x0000000018550000,0x0000000018650000)]
  0x0000000017490000 JavaThread "C2 CompilerThread2" daemon [_thread_blocked, id=16864, stack(0x0000000018450000,0x0000000018550000)]
  0x000000001748f000 JavaThread "C2 CompilerThread1" daemon [_thread_blocked, id=4492, stack(0x0000000018350000,0x0000000018450000)]
=>0x000000001748c800 JavaThread "C2 CompilerThread0" daemon [_thread_in_native, id=18208, stack(0x0000000018250000,0x0000000018350000)]
  0x000000001748a800 JavaThread "Attach Listener" daemon [_thread_blocked, id=19284, stack(0x0000000018150000,0x0000000018250000)]
  0x0000000017489800 JavaThread "Signal Dispatcher" daemon [_thread_blocked, id=19276, stack(0x0000000018050000,0x0000000018150000)]
  0x0000000002966800 JavaThread "Finalizer" daemon [_thread_blocked, id=12632, stack(0x0000000017350000,0x0000000017450000)]
  0x0000000002965800 JavaThread "Reference Handler" daemon [_thread_blocked, id=16648, stack(0x0000000017250000,0x0000000017350000)]
  0x0000000002873000 JavaThread "main" [_thread_in_Java, id=19000, stack(0x0000000002670000,0x0000000002770000)]

Other Threads:
  0x000000001548a000 VMThread [stack: 0x0000000017150000,0x0000000017250000] [id=4076]
  0x00000000174bd800 WatcherThread [stack: 0x0000000018750000,0x0000000018850000] [id=7052]

VM state:not at safepoint (normal execution)

VM Mutex/Monitor currently owned by a thread: None

Heap:
 PSYoungGen      total 76288K, used 19668K [0x00000000eab00000, 0x00000000f0000000, 0x0000000100000000)
  eden space 65536K, 30% used [0x00000000eab00000,0x00000000ebe35258,0x00000000eeb00000)
  from space 10752K, 0% used [0x00000000ef580000,0x00000000ef580000,0x00000000f0000000)
  to   space 10752K, 0% used [0x00000000eeb00000,0x00000000eeb00000,0x00000000ef580000)
 ParOldGen       total 175104K, used 0K [0x00000000c0000000, 0x00000000cab00000, 0x00000000eab00000)
  object space 175104K, 0% used [0x00000000c0000000,0x00000000c0000000,0x00000000cab00000)
 Metaspace       used 5558K, capacity 6512K, committed 6784K, reserved 1056768K
  class space    used 589K, capacity 616K, committed 640K, reserved 1048576K

Card table byte_map: [0x0000000011d30000,0x0000000011f40000] byte_map_base: 0x0000000011730000

Marking Bits: (ParMarkBitMap*) 0x0000000077a14040
 Begin Bits: [0x00000000128a0000, 0x00000000138a0000)
 End Bits:   [0x00000000138a0000, 0x00000000148a0000)

Polling page: 0x0000000000aa0000

CodeCache: size=245760Kb used=2398Kb max_used=2410Kb free=243361Kb
 bounds [0x0000000002970000, 0x0000000002be0000, 0x0000000011970000]
 total_blobs=924 nmethods=653 adapters=184
 compilation: enabled

Compilation events (10 events):
Event: 0.622 Thread 0x0000000017495000 nmethod 637 0x0000000002bc8210 code [0x0000000002bc83a0, 0x0000000002bc8868]
Event: 0.622 Thread 0x0000000017495000  647       3       java.util.HashSet::<init> (16 bytes)
Event: 0.622 Thread 0x0000000017495000 nmethod 647 0x0000000002bc7a90 code [0x0000000002bc7c20, 0x0000000002bc8030]
Event: 0.622 Thread 0x0000000017495000  652       3       com.android.dx.rop.code.RopMethod::labelToPredecessors (54 bytes)
Event: 0.623 Thread 0x0000000017495000 nmethod 652 0x0000000002bc2010 code [0x0000000002bc2200, 0x0000000002bc2af8]
Event: 0.623 Thread 0x0000000017495000  639   !   3       com.android.dx.cf.code.BytecodeArray::parseInstruction (2764 bytes)
Event: 0.625 Thread 0x000000001748f000  663       4       com.android.dx.util.IntList::add (65 bytes)
Event: 0.625 Thread 0x0000000017490000  664       4       com.android.dx.rop.code.InsnList::get (9 bytes)
Event: 0.625 Thread 0x0000000017490000 nmethod 664 0x0000000002bc92d0 code [0x0000000002bc9420, 0x0000000002bc9518]
Event: 0.626 Thread 0x000000001748c800  666       4       com.android.dx.ssa.NormalSsaInsn::accept (25 bytes)

GC Heap History (0 events):
No events

Deoptimization events (0 events):
No events

Internal exceptions (2 events):
Event: 0.071 Thread 0x0000000002873000 Exception <a 'java/lang/NoSuchMethodError': Method sun.misc.Unsafe.defineClass(Ljava/lang/String;[BII)Ljava/lang/Class; name or signature does not match> (0x00000000eab12f08) thrown at [C:\re\workspace\8-2-build-windows-amd64-cygwin\jdk8u51\3951\hotspot\srj…«Ã²?
Event: 0.071 Thread 0x0000000002873000 Exception <a 'java/lang/NoSuchMethodError': Method sun.misc.Unsafe.prefetchRead(Ljava/lang/Object;J)V name or signature does not match> (0x00000000eab13198) thrown at [C:\re\workspace\8-2-build-windows-amd64-cygwin\jdk8u51\3951\hotspot\src\share\vm\prims\j

Events (10 events):
Event: 0.587 loading class com/android/dx/cf/code/SwitchList
Event: 0.587 loading class com/android/dx/cf/code/SwitchList done
Event: 0.598 loading class com/android/dx/dex/file/MethodAnnotationStruct
Event: 0.598 loading class com/android/dx/dex/file/MethodAnnotationStruct done
Event: 0.610 loading class com/android/dx/dex/file/ParameterAnnotationStruct
Event: 0.610 loading class com/android/dx/dex/file/ParameterAnnotationStruct done
Event: 0.611 loading class com/android/dx/dex/file/UniformListItem
Event: 0.611 loading class com/android/dx/dex/file/UniformListItem done
Event: 0.613 loading class com/android/dx/dex/file/AnnotationSetRefItem
Event: 0.613 loading class com/android/dx/dex/file/AnnotationSetRefItem done


Dynamic libraries:
0x00007ff760050000 - 0x00007ff760087000 	C:\Program Files\Java\jdk1.8.0_51\bin\java.exe
0x00007ff9ddac0000 - 0x00007ff9ddc81000 	C:\WINDOWS\SYSTEM32\ntdll.dll
0x00007ff9dbcd0000 - 0x00007ff9dbd7d000 	C:\WINDOWS\system32\KERNEL32.DLL
0x00007ff9dabd0000 - 0x00007ff9dadb8000 	C:\WINDOWS\system32\KERNELBASE.dll
0x00007ff9dba60000 - 0x00007ff9dbb07000 	C:\WINDOWS\system32\ADVAPI32.dll
0x00007ff9dda20000 - 0x00007ff9ddabd000 	C:\WINDOWS\system32\msvcrt.dll
0x00007ff9dd850000 - 0x00007ff9dd8ab000 	C:\WINDOWS\system32\sechost.dll
0x00007ff9db760000 - 0x00007ff9db87c000 	C:\WINDOWS\system32\RPCRT4.dll
0x00007ff9dd8c0000 - 0x00007ff9dda16000 	C:\WINDOWS\system32\USER32.dll
0x00007ff9dd500000 - 0x00007ff9dd686000 	C:\WINDOWS\system32\GDI32.dll
0x00007ff9cab00000 - 0x00007ff9cad74000 	C:\WINDOWS\WinSxS\amd64_microsoft.windows.common-controls_6595b64144ccf1df_6.0.10586.672_none_a2d6b3cea53ff843\COMCTL32.dll
0x00007ff9db4e0000 - 0x00007ff9db75d000 	C:\WINDOWS\system32\combase.dll
0x00007ff9dab60000 - 0x00007ff9dabca000 	C:\WINDOWS\system32\bcryptPrimitives.dll
0x00007ff9db880000 - 0x00007ff9db8bb000 	C:\WINDOWS\system32\IMM32.DLL
0x0000000074fa0000 - 0x0000000075072000 	C:\Program Files\Java\jdk1.8.0_51\jre\bin\msvcr100.dll
0x0000000077210000 - 0x0000000077a93000 	C:\Program Files\Java\jdk1.8.0_51\jre\bin\server\jvm.dll
0x00007ff9dd8b0000 - 0x00007ff9dd8b8000 	C:\WINDOWS\system32\PSAPI.DLL
0x00007ff9c9f90000 - 0x00007ff9c9f99000 	C:\WINDOWS\SYSTEM32\WSOCK32.dll
0x00007ff9dd430000 - 0x00007ff9dd49b000 	C:\WINDOWS\system32\WS2_32.dll
0x00007ff9d69a0000 - 0x00007ff9d69c3000 	C:\WINDOWS\SYSTEM32\WINMM.dll
0x00007ff9d7520000 - 0x00007ff9d752a000 	C:\WINDOWS\SYSTEM32\VERSION.dll
0x00007ff9d6870000 - 0x00007ff9d689c000 	C:\WINDOWS\SYSTEM32\WINMMBASE.dll
0x00007ff9dadc0000 - 0x00007ff9dae03000 	C:\WINDOWS\system32\cfgmgr32.dll
0x0000000052390000 - 0x000000005239f000 	C:\Program Files\Java\jdk1.8.0_51\jre\bin\verify.dll
0x0000000052360000 - 0x0000000052389000 	C:\Program Files\Java\jdk1.8.0_51\jre\bin\java.dll
0x0000000051d20000 - 0x0000000051d36000 	C:\Program Files\Java\jdk1.8.0_51\jre\bin\zip.dll
0x00007ff9dbed0000 - 0x00007ff9dd42c000 	C:\WINDOWS\system32\SHELL32.dll
0x00007ff9da510000 - 0x00007ff9dab55000 	C:\WINDOWS\system32\windows.storage.dll
0x00007ff9dd4a0000 - 0x00007ff9dd4f2000 	C:\WINDOWS\system32\shlwapi.dll
0x00007ff9da160000 - 0x00007ff9da16f000 	C:\WINDOWS\system32\kernel.appcore.dll
0x00007ff9da450000 - 0x00007ff9da505000 	C:\WINDOWS\system32\shcore.dll
0x00007ff9da110000 - 0x00007ff9da15b000 	C:\WINDOWS\system32\powrprof.dll
0x00007ff9da0f0000 - 0x00007ff9da104000 	C:\WINDOWS\system32\profapi.dll

VM Arguments:
jvm_args: -Djava.awt.headless=true -Xmx1024M -Dfile.encoding=windows-31j -Duser.country=CA -Duser.language=en -Duser.variant 
java_command: com.android.dx.command.Main --dex --force-jumbo --num-threads=4 --multi-dex --output D:\Downloads\CookHelper\CookHelper\app\build\intermediates\transforms\dex\debug\folders\1000\10\com.android.support-support-media-compat-24.2.0_76a19955897bf0e3457e0b719c0c64b8a5de8655 D:\Downloads\CookHelper\CookHelper\app\build\intermediates\exploded-aar\com.android.support\support-media-compat\24.2.0\jars\classes.jar
java_class_path (initial): C:\Users\Ahns\AppData\Local\Android\Sdk\build-tools\24.0.1\lib\dx.jar
Launcher Type: SUN_STANDARD

Environment Variables:
PATH=C:\Program Files (x86)\NVIDIA Corporation\PhysX\Common;c:\programdata\oracle\java\javapath;c:\windows\system32;c:\windows;c:\windows\system32\wbem;c:\windows\system32\windowspowershell\v1.0\;c:\program files\widcomm\bluetooth software\;c:\program files\widcomm\bluetooth software\syswow64;c:/python34;c:\program files (x86)\quicktime\qtsystem\;C:\Program Files (x86)\Skype\Phone\;C:\Program Files (x86)\ATI Technologies\ATI.ACE\Core-Static;C:\Program Files\Git\cmd;C:\WINDOWS\system32;C:\WINDOWS;C:\WINDOWS\System32\Wbem;C:\WINDOWS\System32\WindowsPowerShell\v1.0\;C:\Program Files (x86)\Windows Kits\8.1\Windows Performance Toolkit\;C:\Program Files\Microsoft SQL Server\110\Tools\Binn\;C:\Users\Ahns\AppData\Local\Programs\Python\Python35-32\Scripts\;C:\Users\Ahns\AppData\Local\Programs\Python\Python35-32\;C:\Program Files (x86)\Java\jdk1.8.0_51\bin
USERNAME=Ahns
OS=Windows_NT
PROCESSOR_IDENTIFIER=Intel64 Family 6 Model 62 Stepping 4, GenuineIntel



---------------  S Y S T E M  ---------------

OS: Windows 10.0 , 64 bit Build 10586 (10.0.10586.589)

CPU:total 8 (4 cores per cpu, 2 threads per core) family 6 model 62 stepping 4, cmov, cx8, fxsr, mmx, sse, sse2, sse3, ssse3, sse4.1, sse4.2, popcnt, avx, aes, clmul, erms, ht, tsc, tscinvbit

Memory: 4k page, physical 16689932k(4921120k free), swap 20726176k(548k free)

vm_info: Java HotSpot(TM) 64-Bit Server VM (25.51-b03) for windows-amd64 JRE (1.8.0_51-b16), built on Jun  8 2015 18:03:07 by "java_re" with MS VC++ 10.0 (VS2010)

time: Sun Nov 20 16:05:57 2016
elapsed time: 0 seconds (0d 0h 0m 0s)

