#
# There is insufficient memory for the Java Runtime Environment to continue.
# Native memory allocation (malloc) failed to allocate 428976 bytes for Chunk::new
# Possible reasons:
#   The system is out of physical RAM or swap space
#   In 32 bit mode, the process size limit was hit
# Possible solutions:
#   Reduce memory load on the system
#   Increase physical memory or swap space
#   Check if swap backing store is full
#   Use 64 bit Java on a 64 bit OS
#   Decrease Java heap size (-Xmx/-Xms)
#   Decrease number of Java threads
#   Decrease Java thread stack sizes (-Xss)
#   Set larger code cache with -XX:ReservedCodeCacheSize=
# This output file may be truncated or incomplete.
#
#  Out of Memory Error (allocation.cpp:390), pid=6820, tid=10764
#
# JRE version: Java(TM) SE Runtime Environment (8.0_51-b16) (build 1.8.0_51-b16)
# Java VM: Java HotSpot(TM) 64-Bit Server VM (25.51-b03 mixed mode windows-amd64 compressed oops)
# Failed to write core dump. Minidumps are not enabled by default on client versions of Windows
#

---------------  T H R E A D  ---------------

Current thread (0x0000000017f21000):  JavaThread "C2 CompilerThread1" daemon [_thread_in_native, id=10764, stack(0x00000000185a0000,0x00000000186a0000)]

Stack: [0x00000000185a0000,0x00000000186a0000]
Native frames: (J=compiled Java code, j=interpreted, Vv=VM code, C=native code)
V  [jvm.dll+0x32b4ca]


Current CompileTask:
C2:   2708  723       4       com.android.dx.ssa.NormalSsaInsn::accept (25 bytes)


---------------  P R O C E S S  ---------------

Java Threads: ( => current thread )
  0x0000000018190000 JavaThread "pool-2-thread-4" [_thread_blocked, id=9992, stack(0x0000000018ea0000,0x0000000018fa0000)]
  0x0000000018189800 JavaThread "pool-2-thread-3" [_thread_in_Java, id=15812, stack(0x0000000018da0000,0x0000000018ea0000)]
  0x000000001817e000 JavaThread "pool-2-thread-2" [_thread_in_vm, id=18272, stack(0x0000000018ca0000,0x0000000018da0000)]
  0x000000001810a000 JavaThread "pool-3-thread-1" [_thread_blocked, id=10232, stack(0x0000000018ba0000,0x0000000018ca0000)]
  0x00000000180c7000 JavaThread "pool-2-thread-1" [_thread_blocked, id=17692, stack(0x0000000018aa0000,0x0000000018ba0000)]
  0x0000000017f7d000 JavaThread "Service Thread" daemon [_thread_blocked, id=18264, stack(0x00000000188a0000,0x00000000189a0000)]
  0x0000000017f2a800 JavaThread "C1 CompilerThread3" daemon [_thread_in_native, id=4704, stack(0x00000000187a0000,0x00000000188a0000)]
  0x0000000017f25000 JavaThread "C2 CompilerThread2" daemon [_thread_in_native, id=15224, stack(0x00000000186a0000,0x00000000187a0000)]
=>0x0000000017f21000 JavaThread "C2 CompilerThread1" daemon [_thread_in_native, id=10764, stack(0x00000000185a0000,0x00000000186a0000)]
  0x0000000017f1d800 JavaThread "C2 CompilerThread0" daemon [_thread_blocked, id=13804, stack(0x00000000184a0000,0x00000000185a0000)]
  0x0000000017f1b000 JavaThread "Attach Listener" daemon [_thread_blocked, id=9084, stack(0x00000000183a0000,0x00000000184a0000)]
  0x0000000017f1a000 JavaThread "Signal Dispatcher" daemon [_thread_blocked, id=17160, stack(0x00000000182a0000,0x00000000183a0000)]
  0x0000000003363000 JavaThread "Finalizer" daemon [_thread_blocked, id=4084, stack(0x0000000017d70000,0x0000000017e70000)]
  0x0000000003362000 JavaThread "Reference Handler" daemon [_thread_blocked, id=7684, stack(0x0000000017c70000,0x0000000017d70000)]
  0x0000000003271000 JavaThread "main" [_thread_in_Java, id=18292, stack(0x0000000003150000,0x0000000003250000)]

Other Threads:
  0x0000000015ea9800 VMThread [stack: 0x0000000017b70000,0x0000000017c70000] [id=9196]
  0x0000000017f7e000 WatcherThread [stack: 0x00000000189a0000,0x0000000018aa0000] [id=18356]

VM state:not at safepoint (normal execution)

VM Mutex/Monitor currently owned by a thread: None

Heap:
 PSYoungGen      total 76288K, used 18371K [0x00000000eab00000, 0x00000000f0000000, 0x0000000100000000)
  eden space 65536K, 28% used [0x00000000eab00000,0x00000000ebcf0c58,0x00000000eeb00000)
  from space 10752K, 0% used [0x00000000ef580000,0x00000000ef580000,0x00000000f0000000)
  to   space 10752K, 0% used [0x00000000eeb00000,0x00000000eeb00000,0x00000000ef580000)
 ParOldGen       total 175104K, used 0K [0x00000000c0000000, 0x00000000cab00000, 0x00000000eab00000)
  object space 175104K, 0% used [0x00000000c0000000,0x00000000c0000000,0x00000000cab00000)
 Metaspace       used 5569K, capacity 6576K, committed 6784K, reserved 1056768K
  class space    used 583K, capacity 616K, committed 640K, reserved 1048576K

Card table byte_map: [0x0000000012730000,0x0000000012940000] byte_map_base: 0x0000000012130000

Marking Bits: (ParMarkBitMap*) 0x0000000077a14040
 Begin Bits: [0x00000000132a0000, 0x00000000142a0000)
 End Bits:   [0x00000000142a0000, 0x00000000152a0000)

Polling page: 0x00000000016c0000

CodeCache: size=245760Kb used=2905Kb max_used=2915Kb free=242854Kb
 bounds [0x0000000003370000, 0x0000000003650000, 0x0000000012370000]
 total_blobs=1000 nmethods=730 adapters=183
 compilation: enabled

Compilation events (10 events):
Event: 2.701 Thread 0x0000000017f25000 nmethod 736 0x0000000003623e90 code [0x0000000003623fe0, 0x00000000036242f8]
Event: 2.701 Thread 0x0000000017f1d800 nmethod 733 0x0000000003623490 code [0x0000000003623600, 0x0000000003623a58]
Event: 2.702 Thread 0x0000000017f25000  737       4       java.util.TreeMap::put (247 bytes)
Event: 2.702 Thread 0x0000000017f1d800  738       4       com.android.dx.rop.cst.CstFieldRef::compareTo0 (43 bytes)
Event: 2.705 Thread 0x0000000017f2a800 nmethod 716 0x000000000362ad10 code [0x000000000362bf60, 0x000000000363ade8]
Event: 2.705 Thread 0x0000000017f2a800  726       2       com.android.dx.rop.cst.Constant::compareTo (9 bytes)
Event: 2.706 Thread 0x0000000017f2a800 nmethod 726 0x000000000362a690 code [0x000000000362a820, 0x000000000362aad8]
Event: 2.706 Thread 0x0000000017f2a800  718       1       com.android.dx.rop.cst.CstInteger::getType (4 bytes)
Event: 2.706 Thread 0x0000000017f2a800 nmethod 718 0x000000000362a3d0 code [0x000000000362a520, 0x000000000362a630]
Event: 2.706 Thread 0x0000000017f2a800  725       1       com.android.dx.util.FixedSizeList::getOrNull0 (7 bytes)

GC Heap History (0 events):
No events

Deoptimization events (10 events):
Event: 2.158 Thread 0x000000001817e000 Uncommon trap: reason=class_check action=maybe_recompile pc=0x0000000003536474 method=com.android.dx.rop.cst.Constant.compareTo(Ljava/lang/Object;)I @ 2
Event: 2.158 Thread 0x000000001817e000 Uncommon trap: reason=class_check action=maybe_recompile pc=0x0000000003536474 method=com.android.dx.rop.cst.Constant.compareTo(Ljava/lang/Object;)I @ 2
Event: 2.159 Thread 0x000000001817e000 Uncommon trap: reason=unstable_if action=reinterpret pc=0x000000000353a79c method=com.android.dx.rop.cst.CstMemberRef.compareTo0(Lcom/android/dx/rop/cst/Constant;)I @ 18
Event: 2.159 Thread 0x000000001817e000 Uncommon trap: reason=unstable_if action=reinterpret pc=0x000000000353cc14 method=com.android.dx.rop.cst.CstMemberRef.compareTo0(Lcom/android/dx/rop/cst/Constant;)I @ 18
Event: 2.222 Thread 0x0000000018189800 Uncommon trap: reason=speculate_class_check action=maybe_recompile pc=0x000000000355770c method=com.android.dx.rop.cst.Constant.compareTo(Lcom/android/dx/rop/cst/Constant;)I @ 29
Event: 2.224 Thread 0x00000000180c7000 Uncommon trap: reason=speculate_class_check action=maybe_recompile pc=0x000000000355770c method=com.android.dx.rop.cst.Constant.compareTo(Lcom/android/dx/rop/cst/Constant;)I @ 29
Event: 2.224 Thread 0x00000000180c7000 Uncommon trap: reason=speculate_class_check action=maybe_recompile pc=0x000000000355770c method=com.android.dx.rop.cst.Constant.compareTo(Lcom/android/dx/rop/cst/Constant;)I @ 29
Event: 2.224 Thread 0x00000000180c7000 Uncommon trap: reason=speculate_class_check action=maybe_recompile pc=0x000000000355770c method=com.android.dx.rop.cst.Constant.compareTo(Lcom/android/dx/rop/cst/Constant;)I @ 29
Event: 2.672 Thread 0x000000001817e000 Uncommon trap: reason=unstable_if action=reinterpret pc=0x00000000035ac96c method=java.util.HashMap.getNode(ILjava/lang/Object;)Ljava/util/HashMap$Node; @ 62
Event: 2.689 Thread 0x000000001817e000 Uncommon trap: reason=unstable_if action=reinterpret pc=0x000000000356f2cc method=com.android.dx.rop.cst.CstFieldRef.compareTo0(Lcom/android/dx/rop/cst/Constant;)I @ 7

Internal exceptions (2 events):
Event: 1.339 Thread 0x0000000003271000 Exception <a 'java/lang/NoSuchMethodError': Method sun.misc.Unsafe.defineClass(Ljava/lang/String;[BII)Ljava/lang/Class; name or signature does not match> (0x00000000eab12f08) thrown at [C:\re\workspace\8-2-build-windows-amd64-cygwin\jdk8u51\3951\hotspot\sr4]•¼“kõ?
Event: 1.339 Thread 0x0000000003271000 Exception <a 'java/lang/NoSuchMethodError': Method sun.misc.Unsafe.prefetchRead(Ljava/lang/Object;J)V name or signature does not match> (0x00000000eab13198) thrown at [C:\re\workspace\8-2-build-windows-amd64-cygwin\jdk8u51\3951\hotspot\src\share\vm\prims\j

Events (10 events):
Event: 2.672 Thread 0x000000001817e000 Uncommon trap: trap_request=0xffffff65 fr.pc=0x00000000035ac96c
Event: 2.672 Thread 0x000000001817e000 DEOPT PACKING pc=0x00000000035ac96c sp=0x0000000018d9e7e0
Event: 2.672 Thread 0x000000001817e000 DEOPT UNPACKING pc=0x00000000033b582a sp=0x0000000018d9e758 mode 2
Event: 2.676 loading class com/android/dx/ssa/back/FirstFitLocalCombiningAllocator$Multiset
Event: 2.676 loading class com/android/dx/ssa/back/FirstFitLocalCombiningAllocator$Multiset done
Event: 2.679 loading class java/util/DualPivotQuicksort
Event: 2.679 loading class java/util/DualPivotQuicksort done
Event: 2.689 Thread 0x000000001817e000 Uncommon trap: trap_request=0xffffff65 fr.pc=0x000000000356f2cc
Event: 2.689 Thread 0x000000001817e000 DEOPT PACKING pc=0x000000000356f2cc sp=0x0000000018d9eea0
Event: 2.689 Thread 0x000000001817e000 DEOPT UNPACKING pc=0x00000000033b582a sp=0x0000000018d9ed58 mode 2


Dynamic libraries:
0x00007ff760050000 - 0x00007ff760087000 	C:\Program Files\Java\jdk1.8.0_51\bin\java.exe
0x00007ff9ddac0000 - 0x00007ff9ddc81000 	C:\WINDOWS\SYSTEM32\ntdll.dll
0x00007ff9dbcd0000 - 0x00007ff9dbd7d000 	C:\WINDOWS\system32\KERNEL32.DLL
0x00007ff9dabd0000 - 0x00007ff9dadb8000 	C:\WINDOWS\system32\KERNELBASE.dll
0x00007ff9dba60000 - 0x00007ff9dbb07000 	C:\WINDOWS\system32\ADVAPI32.dll
0x00007ff9dda20000 - 0x00007ff9ddabd000 	C:\WINDOWS\system32\msvcrt.dll
0x00007ff9dd850000 - 0x00007ff9dd8ab000 	C:\WINDOWS\system32\sechost.dll
0x00007ff9db760000 - 0x00007ff9db87c000 	C:\WINDOWS\system32\RPCRT4.dll
0x00007ff9dd8c0000 - 0x00007ff9dda16000 	C:\WINDOWS\system32\USER32.dll
0x00007ff9dd500000 - 0x00007ff9dd686000 	C:\WINDOWS\system32\GDI32.dll
0x00007ff9cab00000 - 0x00007ff9cad74000 	C:\WINDOWS\WinSxS\amd64_microsoft.windows.common-controls_6595b64144ccf1df_6.0.10586.672_none_a2d6b3cea53ff843\COMCTL32.dll
0x00007ff9db4e0000 - 0x00007ff9db75d000 	C:\WINDOWS\system32\combase.dll
0x00007ff9dab60000 - 0x00007ff9dabca000 	C:\WINDOWS\system32\bcryptPrimitives.dll
0x00007ff9db880000 - 0x00007ff9db8bb000 	C:\WINDOWS\system32\IMM32.DLL
0x0000000077030000 - 0x0000000077102000 	C:\Program Files\Java\jdk1.8.0_51\jre\bin\msvcr100.dll
0x0000000077210000 - 0x0000000077a93000 	C:\Program Files\Java\jdk1.8.0_51\jre\bin\server\jvm.dll
0x00007ff9dd8b0000 - 0x00007ff9dd8b8000 	C:\WINDOWS\system32\PSAPI.DLL
0x00007ff9c9f90000 - 0x00007ff9c9f99000 	C:\WINDOWS\SYSTEM32\WSOCK32.dll
0x00007ff9dd430000 - 0x00007ff9dd49b000 	C:\WINDOWS\system32\WS2_32.dll
0x00007ff9d69a0000 - 0x00007ff9d69c3000 	C:\WINDOWS\SYSTEM32\WINMM.dll
0x00007ff9d7520000 - 0x00007ff9d752a000 	C:\WINDOWS\SYSTEM32\VERSION.dll
0x00007ff9d6870000 - 0x00007ff9d689c000 	C:\WINDOWS\SYSTEM32\WINMMBASE.dll
0x00007ff9dadc0000 - 0x00007ff9dae03000 	C:\WINDOWS\system32\cfgmgr32.dll
0x0000000052390000 - 0x000000005239f000 	C:\Program Files\Java\jdk1.8.0_51\jre\bin\verify.dll
0x0000000052360000 - 0x0000000052389000 	C:\Program Files\Java\jdk1.8.0_51\jre\bin\java.dll
0x0000000051d20000 - 0x0000000051d36000 	C:\Program Files\Java\jdk1.8.0_51\jre\bin\zip.dll
0x00007ff9dbed0000 - 0x00007ff9dd42c000 	C:\WINDOWS\system32\SHELL32.dll
0x00007ff9da510000 - 0x00007ff9dab55000 	C:\WINDOWS\system32\windows.storage.dll
0x00007ff9dd4a0000 - 0x00007ff9dd4f2000 	C:\WINDOWS\system32\shlwapi.dll
0x00007ff9da160000 - 0x00007ff9da16f000 	C:\WINDOWS\system32\kernel.appcore.dll
0x00007ff9da450000 - 0x00007ff9da505000 	C:\WINDOWS\system32\shcore.dll
0x00007ff9da110000 - 0x00007ff9da15b000 	C:\WINDOWS\system32\powrprof.dll
0x00007ff9da0f0000 - 0x00007ff9da104000 	C:\WINDOWS\system32\profapi.dll

VM Arguments:
jvm_args: -Djava.awt.headless=true -Xmx1024M -Dfile.encoding=windows-31j -Duser.country=CA -Duser.language=en -Duser.variant 
java_command: com.android.dx.command.Main --dex --force-jumbo --num-threads=4 --multi-dex --output D:\Downloads\CookHelper\CookHelper\app\build\intermediates\transforms\dex\debug\folders\1000\5\slice_0 D:\Downloads\CookHelper\CookHelper\app\build\intermediates\transforms\instantRunSlicer\debug\folders\1\5\slice_0
java_class_path (initial): C:\Users\Ahns\AppData\Local\Android\Sdk\build-tools\24.0.1\lib\dx.jar
Launcher Type: SUN_STANDARD

Environment Variables:
PATH=C:\Program Files (x86)\NVIDIA Corporation\PhysX\Common;c:\programdata\oracle\java\javapath;c:\windows\system32;c:\windows;c:\windows\system32\wbem;c:\windows\system32\windowspowershell\v1.0\;c:\program files\widcomm\bluetooth software\;c:\program files\widcomm\bluetooth software\syswow64;c:/python34;c:\program files (x86)\quicktime\qtsystem\;C:\Program Files (x86)\Skype\Phone\;C:\Program Files (x86)\ATI Technologies\ATI.ACE\Core-Static;C:\Program Files\Git\cmd;C:\WINDOWS\system32;C:\WINDOWS;C:\WINDOWS\System32\Wbem;C:\WINDOWS\System32\WindowsPowerShell\v1.0\;C:\Program Files (x86)\Windows Kits\8.1\Windows Performance Toolkit\;C:\Program Files\Microsoft SQL Server\110\Tools\Binn\;C:\Users\Ahns\AppData\Local\Programs\Python\Python35-32\Scripts\;C:\Users\Ahns\AppData\Local\Programs\Python\Python35-32\;C:\Program Files (x86)\Java\jdk1.8.0_51\bin
USERNAME=Ahns
OS=Windows_NT
PROCESSOR_IDENTIFIER=Intel64 Family 6 Model 62 Stepping 4, GenuineIntel



---------------  S Y S T E M  ---------------

OS: Windows 10.0 , 64 bit Build 10586 (10.0.10586.589)

CPU:total 8 (4 cores per cpu, 2 threads per core) family 6 model 62 stepping 4, cmov, cx8, fxsr, mmx, sse, sse2, sse3, ssse3, sse4.1, sse4.2, popcnt, avx, aes, clmul, erms, ht, tsc, tscinvbit

Memory: 4k page, physical 16689932k(4498660k free), swap 20325240k(5124k free)

vm_info: Java HotSpot(TM) 64-Bit Server VM (25.51-b03) for windows-amd64 JRE (1.8.0_51-b16), built on Jun  8 2015 18:03:07 by "java_re" with MS VC++ 10.0 (VS2010)

time: Sat Nov 19 16:36:39 2016
elapsed time: 2 seconds (0d 0h 0m 2s)

