#
# There is insufficient memory for the Java Runtime Environment to continue.
# Native memory allocation (malloc) failed to allocate 1695056 bytes for Chunk::new
# Possible reasons:
#   The system is out of physical RAM or swap space
#   In 32 bit mode, the process size limit was hit
# Possible solutions:
#   Reduce memory load on the system
#   Increase physical memory or swap space
#   Check if swap backing store is full
#   Use 64 bit Java on a 64 bit OS
#   Decrease Java heap size (-Xmx/-Xms)
#   Decrease number of Java threads
#   Decrease Java thread stack sizes (-Xss)
#   Set larger code cache with -XX:ReservedCodeCacheSize=
# This output file may be truncated or incomplete.
#
#  Out of Memory Error (allocation.cpp:390), pid=8648, tid=17796
#
# JRE version: Java(TM) SE Runtime Environment (8.0_51-b16) (build 1.8.0_51-b16)
# Java VM: Java HotSpot(TM) 64-Bit Server VM (25.51-b03 mixed mode windows-amd64 compressed oops)
# Failed to write core dump. Minidumps are not enabled by default on client versions of Windows
#

---------------  T H R E A D  ---------------

Current thread (0x0000000017d54000):  JavaThread "C2 CompilerThread2" daemon [_thread_in_native, id=17796, stack(0x00000000184d0000,0x00000000185d0000)]

Stack: [0x00000000184d0000,0x00000000185d0000]
Native frames: (J=compiled Java code, j=interpreted, Vv=VM code, C=native code)
V  [jvm.dll+0x32b4ca]


Current CompileTask:
C2:   3055 1750   !   4       com.android.dx.cf.code.BytecodeArray::parseInstruction (2764 bytes)


---------------  P R O C E S S  ---------------

Java Threads: ( => current thread )
  0x0000000017ffe800 JavaThread "pool-2-thread-4" [_thread_blocked, id=18004, stack(0x00000000194d0000,0x00000000195d0000)]
  0x0000000017ffd800 JavaThread "pool-2-thread-3" [_thread_in_Java, id=10588, stack(0x00000000193d0000,0x00000000194d0000)]
  0x0000000017ffb000 JavaThread "pool-2-thread-2" [_thread_blocked, id=14440, stack(0x00000000192d0000,0x00000000193d0000)]
  0x0000000018047800 JavaThread "pool-3-thread-1" [_thread_blocked, id=3132, stack(0x00000000191d0000,0x00000000192d0000)]
  0x000000001801d800 JavaThread "pool-2-thread-1" [_thread_blocked, id=17480, stack(0x00000000190d0000,0x00000000191d0000)]
  0x0000000017d5f000 JavaThread "Service Thread" daemon [_thread_blocked, id=10748, stack(0x00000000186d0000,0x00000000187d0000)]
  0x0000000017d59000 JavaThread "C1 CompilerThread3" daemon [_thread_blocked, id=9976, stack(0x00000000185d0000,0x00000000186d0000)]
=>0x0000000017d54000 JavaThread "C2 CompilerThread2" daemon [_thread_in_native, id=17796, stack(0x00000000184d0000,0x00000000185d0000)]
  0x0000000017d06000 JavaThread "C2 CompilerThread1" daemon [_thread_in_native, id=1840, stack(0x00000000183d0000,0x00000000184d0000)]
  0x0000000017d03000 JavaThread "C2 CompilerThread0" daemon [_thread_in_native, id=17692, stack(0x00000000182d0000,0x00000000183d0000)]
  0x0000000017d00800 JavaThread "Attach Listener" daemon [_thread_blocked, id=3340, stack(0x00000000181d0000,0x00000000182d0000)]
  0x0000000017cff800 JavaThread "Signal Dispatcher" daemon [_thread_blocked, id=3952, stack(0x00000000180d0000,0x00000000181d0000)]
  0x000000000319a000 JavaThread "Finalizer" daemon [_thread_blocked, id=12560, stack(0x0000000017bb0000,0x0000000017cb0000)]
  0x0000000003192000 JavaThread "Reference Handler" daemon [_thread_blocked, id=18280, stack(0x0000000017ab0000,0x0000000017bb0000)]
  0x00000000030a3000 JavaThread "main" [_thread_blocked, id=7404, stack(0x0000000002fa0000,0x00000000030a0000)]

Other Threads:
  0x0000000015cd9800 VMThread [stack: 0x00000000179b0000,0x0000000017ab0000] [id=7904]
  0x0000000017d62000 WatcherThread [stack: 0x00000000187d0000,0x00000000188d0000] [id=18196]

VM state:not at safepoint (normal execution)

VM Mutex/Monitor currently owned by a thread:  ([mutex/lock_event])
[0x0000000002f5cd40] Heap_lock - owner thread: 0x0000000017ffe800

Heap:
 PSYoungGen      total 76288K, used 11302K [0x00000000eab00000, 0x00000000f0000000, 0x0000000100000000)
  eden space 65536K, 0% used [0x00000000eab00000,0x00000000eab8fb10,0x00000000eeb00000)
  from space 10752K, 99% used [0x00000000ef580000,0x00000000efffa018,0x00000000f0000000)
  to   space 10752K, 0% used [0x00000000eeb00000,0x00000000eeb00000,0x00000000ef580000)
 ParOldGen       total 175104K, used 7719K [0x00000000c0000000, 0x00000000cab00000, 0x00000000eab00000)
  object space 175104K, 4% used [0x00000000c0000000,0x00000000c0789f28,0x00000000cab00000)
 Metaspace       used 6343K, capacity 7192K, committed 7424K, reserved 1056768K
  class space    used 616K, capacity 656K, committed 768K, reserved 1048576K

Card table byte_map: [0x0000000012560000,0x0000000012770000] byte_map_base: 0x0000000011f60000

Marking Bits: (ParMarkBitMap*) 0x0000000077a14040
 Begin Bits: [0x00000000130d0000, 0x00000000140d0000)
 End Bits:   [0x00000000140d0000, 0x00000000150d0000)

Polling page: 0x0000000002ac0000

CodeCache: size=245760Kb used=7690Kb max_used=7707Kb free=238069Kb
 bounds [0x00000000031a0000, 0x0000000003930000, 0x00000000121a0000]
 total_blobs=2006 nmethods=1735 adapters=184
 compilation: enabled

Compilation events (10 events):
Event: 2.910 Thread 0x0000000017d59000 1800       2       com.android.dx.rop.annotation.Annotations::addAll (59 bytes)
Event: 2.910 Thread 0x0000000017d59000 nmethod 1800 0x0000000003907fd0 code [0x00000000039081a0, 0x0000000003908658]
Event: 2.910 Thread 0x0000000017d59000 1801       2       com.android.dx.rop.annotation.Annotations::add (75 bytes)
Event: 3.045 Thread 0x0000000017d59000 nmethod 1801 0x00000000039072d0 code [0x00000000039074c0, 0x0000000003907ae8]
Event: 3.045 Thread 0x0000000017d59000 1803       2       java.lang.String::lastIndexOf (151 bytes)
Event: 3.045 Thread 0x0000000017d59000 nmethod 1803 0x0000000003905410 code [0x00000000039055a0, 0x0000000003905950]
Event: 3.047 Thread 0x0000000017d06000 nmethod 1755% 0x000000000392a850 code [0x000000000392ab00, 0x000000000392d088]
Event: 3.047 Thread 0x0000000017d06000 1764       4       com.android.dx.ssa.SCCP::simulatePhiBlock (50 bytes)
Event: 3.050 Thread 0x0000000017d06000 nmethod 1764 0x0000000003903410 code [0x0000000003903560, 0x00000000039037a8]
Event: 3.050 Thread 0x0000000017d06000 1753       4       com.android.dx.rop.code.BasicBlockList::forEachInsn (39 bytes)

GC Heap History (4 events):
Event: 1.757 GC heap before
{Heap before GC invocations=1 (full 0):
 PSYoungGen      total 76288K, used 65536K [0x00000000eab00000, 0x00000000f0000000, 0x0000000100000000)
  eden space 65536K, 100% used [0x00000000eab00000,0x00000000eeb00000,0x00000000eeb00000)
  from space 10752K, 0% used [0x00000000ef580000,0x00000000ef580000,0x00000000f0000000)
  to   space 10752K, 0% used [0x00000000eeb00000,0x00000000eeb00000,0x00000000ef580000)
 ParOldGen       total 175104K, used 0K [0x00000000c0000000, 0x00000000cab00000, 0x00000000eab00000)
  object space 175104K, 0% used [0x00000000c0000000,0x00000000c0000000,0x00000000cab00000)
 Metaspace       used 6265K, capacity 7128K, committed 7424K, reserved 1056768K
  class space    used 616K, capacity 656K, committed 768K, reserved 1048576K
Event: 1.772 GC heap after
Heap after GC invocations=1 (full 0):
 PSYoungGen      total 76288K, used 10730K [0x00000000eab00000, 0x00000000f0000000, 0x0000000100000000)
  eden space 65536K, 0% used [0x00000000eab00000,0x00000000eab00000,0x00000000eeb00000)
  from space 10752K, 99% used [0x00000000eeb00000,0x00000000ef57a978,0x00000000ef580000)
  to   space 10752K, 0% used [0x00000000ef580000,0x00000000ef580000,0x00000000f0000000)
 ParOldGen       total 175104K, used 1564K [0x00000000c0000000, 0x00000000cab00000, 0x00000000eab00000)
  object space 175104K, 0% used [0x00000000c0000000,0x00000000c0187200,0x00000000cab00000)
 Metaspace       used 6265K, capacity 7128K, committed 7424K, reserved 1056768K
  class space    used 616K, capacity 656K, committed 768K, reserved 1048576K
}
Event: 2.924 GC heap before
{Heap before GC invocations=2 (full 0):
 PSYoungGen      total 76288K, used 76266K [0x00000000eab00000, 0x00000000f0000000, 0x0000000100000000)
  eden space 65536K, 100% used [0x00000000eab00000,0x00000000eeb00000,0x00000000eeb00000)
  from space 10752K, 99% used [0x00000000eeb00000,0x00000000ef57a978,0x00000000ef580000)
  to   space 10752K, 0% used [0x00000000ef580000,0x00000000ef580000,0x00000000f0000000)
 ParOldGen       total 175104K, used 1564K [0x00000000c0000000, 0x00000000cab00000, 0x00000000eab00000)
  object space 175104K, 0% used [0x00000000c0000000,0x00000000c0187200,0x00000000cab00000)
 Metaspace       used 6342K, capacity 7192K, committed 7424K, reserved 1056768K
  class space    used 616K, capacity 656K, committed 768K, reserved 1048576K
Event: 3.044 GC heap after
Heap after GC invocations=2 (full 0):
 PSYoungGen      total 76288K, used 10728K [0x00000000eab00000, 0x00000000f0000000, 0x0000000100000000)
  eden space 65536K, 0% used [0x00000000eab00000,0x00000000eab00000,0x00000000eeb00000)
  from space 10752K, 99% used [0x00000000ef580000,0x00000000efffa018,0x00000000f0000000)
  to   space 10752K, 0% used [0x00000000eeb00000,0x00000000eeb00000,0x00000000ef580000)
 ParOldGen       total 175104K, used 7719K [0x00000000c0000000, 0x00000000cab00000, 0x00000000eab00000)
  object space 175104K, 4% used [0x00000000c0000000,0x00000000c0789f28,0x00000000cab00000)
 Metaspace       used 6342K, capacity 7192K, committed 7424K, reserved 1056768K
  class space    used 616K, capacity 656K, committed 768K, reserved 1048576K
}

Deoptimization events (10 events):
Event: 1.511 Thread 0x0000000017ffd800 Uncommon trap: reason=unstable_if action=reinterpret pc=0x0000000003760c94 method=com.android.dx.ssa.LiteralOpUpgrader$1.visitNonMoveInsn(Lcom/android/dx/ssa/NormalSsaInsn;)V @ 176
Event: 1.517 Thread 0x0000000017ffd800 Uncommon trap: reason=null_check action=make_not_entrant pc=0x0000000003597a20 method=com.android.dx.rop.type.Type.equals(Ljava/lang/Object;)Z @ 8
Event: 1.665 Thread 0x0000000017ffb000 Uncommon trap: reason=unstable_if action=reinterpret pc=0x00000000037b9cd0 method=com.android.dx.rop.code.RegisterSpec.equals(ILcom/android/dx/rop/type/TypeBearer;Lcom/android/dx/rop/code/LocalItem;)Z @ 42
Event: 1.678 Thread 0x00000000030a3000 Uncommon trap: reason=unstable_if action=reinterpret pc=0x0000000003434590 method=com.android.dx.rop.code.RegisterSpec.equals(ILcom/android/dx/rop/type/TypeBearer;Lcom/android/dx/rop/code/LocalItem;)Z @ 42
Event: 1.980 Thread 0x00000000030a3000 Uncommon trap: reason=unstable_if action=reinterpret pc=0x00000000036f0ac8 method=com.android.dx.ssa.SCCP.simulateStmt(Lcom/android/dx/ssa/SsaInsn;)V @ 59
Event: 2.544 Thread 0x0000000017ffb000 Uncommon trap: reason=bimorphic action=maybe_recompile pc=0x00000000038898ec method=com.android.dx.cf.code.RopperMachine.run(Lcom/android/dx/cf/code/Frame;II)V @ 310
Event: 2.622 Thread 0x0000000017ffb000 Uncommon trap: reason=bimorphic action=maybe_recompile pc=0x00000000038cac64 method=com.android.dx.cf.code.BytecodeArray.parseInstruction(ILcom/android/dx/cf/code/BytecodeArray$Visitor;)I @ 1287
Event: 2.623 Thread 0x0000000017ffb000 Uncommon trap: reason=bimorphic action=maybe_recompile pc=0x00000000038cac64 method=com.android.dx.cf.code.BytecodeArray.parseInstruction(ILcom/android/dx/cf/code/BytecodeArray$Visitor;)I @ 1287
Event: 2.822 Thread 0x0000000017ffe800 Uncommon trap: reason=bimorphic action=maybe_recompile pc=0x00000000038cac64 method=com.android.dx.cf.code.BytecodeArray.parseInstruction(ILcom/android/dx/cf/code/BytecodeArray$Visitor;)I @ 1287
Event: 2.822 Thread 0x0000000017ffe800 Uncommon trap: reason=bimorphic action=maybe_recompile pc=0x00000000038cac64 method=com.android.dx.cf.code.BytecodeArray.parseInstruction(ILcom/android/dx/cf/code/BytecodeArray$Visitor;)I @ 1287

Internal exceptions (7 events):
Event: 0.046 Thread 0x00000000030a3000 Exception <a 'java/lang/NoSuchMethodError': Method sun.misc.Unsafe.defineClass(Ljava/lang/String;[BII)Ljava/lang/Class; name or signature does not match> (0x00000000eab12bd8) thrown at [C:\re\workspace\8-2-build-windows-amd64-cygwin\jdk8u51\3951\hotspot\sr]ÉÅê`ß?
Event: 0.046 Thread 0x00000000030a3000 Exception <a 'java/lang/NoSuchMethodError': Method sun.misc.Unsafe.prefetchRead(Ljava/lang/Object;J)V name or signature does not match> (0x00000000eab12e68) thrown at [C:\re\workspace\8-2-build-windows-amd64-cygwin\jdk8u51\3951\hotspot\src\share\vm\prims\jV¨=»dhÛ?
Event: 1.213 Thread 0x000000001801d800 Implicit null exception at 0x000000000346bef0 to 0x000000000346e1d1
Event: 1.410 Thread 0x000000001801d800 Exception <a 'java/lang/ArrayIndexOutOfBoundsException': 18> (0x00000000ed3db1b0) thrown at [C:\re\workspace\8-2-build-windows-amd64-cygwin\jdk8u51\3951\hotspot\src\share\vm\interpreter\interpreterRuntime.cpp, line 366]
Event: 1.410 Thread 0x000000001801d800 Exception <a 'java/lang/ArrayIndexOutOfBoundsException': 145> (0x00000000ed3dcc80) thrown at [C:\re\workspace\8-2-build-windows-amd64-cygwin\jdk8u51\3951\hotspot\src\share\vm\interpreter\interpreterRuntime.cpp, line 366]
Event: 1.411 Thread 0x000000001801d800 Exception <a 'java/lang/ArrayIndexOutOfBoundsException'> (0x00000000ed3ddeb8) thrown at [C:\re\workspace\8-2-build-windows-amd64-cygwin\jdk8u51\3951\hotspot\src\share\vm\runtime\sharedRuntime.cpp, line 605]
Event: 1.517 Thread 0x0000000017ffd800 Implicit null exception at 0x0000000003597922 to 0x0000000003597a12

Events (10 events):
Event: 2.822 Thread 0x0000000017ffe800 Uncommon trap: trap_request=0xffffffc6 fr.pc=0x00000000038cac64
Event: 2.822 Thread 0x0000000017ffe800 DEOPT PACKING pc=0x00000000038cac64 sp=0x00000000195ce9c0
Event: 2.822 Thread 0x0000000017ffe800 DEOPT UNPACKING pc=0x00000000031e582a sp=0x00000000195ce968 mode 2
Event: 2.822 Thread 0x0000000017ffe800 Uncommon trap: trap_request=0xffffffc6 fr.pc=0x00000000038cac64
Event: 2.822 Thread 0x0000000017ffe800 DEOPT PACKING pc=0x00000000038cac64 sp=0x00000000195ce820
Event: 2.822 Thread 0x0000000017ffe800 DEOPT UNPACKING pc=0x00000000031e582a sp=0x00000000195ce7c8 mode 2
Event: 2.824 loading class com/android/dx/rop/code/RegisterSpec$1
Event: 2.824 loading class com/android/dx/rop/code/RegisterSpec$1 done
Event: 2.911 Executing VM operation: ParallelGCFailedAllocation
Event: 3.044 Executing VM operation: ParallelGCFailedAllocation done


Dynamic libraries:
0x00007ff760050000 - 0x00007ff760087000 	C:\Program Files\Java\jdk1.8.0_51\bin\java.exe
0x00007ff9ddac0000 - 0x00007ff9ddc81000 	C:\WINDOWS\SYSTEM32\ntdll.dll
0x00007ff9dbcd0000 - 0x00007ff9dbd7d000 	C:\WINDOWS\system32\KERNEL32.DLL
0x00007ff9dabd0000 - 0x00007ff9dadb8000 	C:\WINDOWS\system32\KERNELBASE.dll
0x00007ff9dba60000 - 0x00007ff9dbb07000 	C:\WINDOWS\system32\ADVAPI32.dll
0x00007ff9dda20000 - 0x00007ff9ddabd000 	C:\WINDOWS\system32\msvcrt.dll
0x00007ff9dd850000 - 0x00007ff9dd8ab000 	C:\WINDOWS\system32\sechost.dll
0x00007ff9db760000 - 0x00007ff9db87c000 	C:\WINDOWS\system32\RPCRT4.dll
0x00007ff9dd8c0000 - 0x00007ff9dda16000 	C:\WINDOWS\system32\USER32.dll
0x00007ff9dd500000 - 0x00007ff9dd686000 	C:\WINDOWS\system32\GDI32.dll
0x00007ff9cab00000 - 0x00007ff9cad74000 	C:\WINDOWS\WinSxS\amd64_microsoft.windows.common-controls_6595b64144ccf1df_6.0.10586.672_none_a2d6b3cea53ff843\COMCTL32.dll
0x00007ff9db4e0000 - 0x00007ff9db75d000 	C:\WINDOWS\system32\combase.dll
0x00007ff9dab60000 - 0x00007ff9dabca000 	C:\WINDOWS\system32\bcryptPrimitives.dll
0x00007ff9db880000 - 0x00007ff9db8bb000 	C:\WINDOWS\system32\IMM32.DLL
0x0000000077030000 - 0x0000000077102000 	C:\Program Files\Java\jdk1.8.0_51\jre\bin\msvcr100.dll
0x0000000077210000 - 0x0000000077a93000 	C:\Program Files\Java\jdk1.8.0_51\jre\bin\server\jvm.dll
0x00007ff9dd8b0000 - 0x00007ff9dd8b8000 	C:\WINDOWS\system32\PSAPI.DLL
0x00007ff9c9f90000 - 0x00007ff9c9f99000 	C:\WINDOWS\SYSTEM32\WSOCK32.dll
0x00007ff9d69a0000 - 0x00007ff9d69c3000 	C:\WINDOWS\SYSTEM32\WINMM.dll
0x00007ff9d7520000 - 0x00007ff9d752a000 	C:\WINDOWS\SYSTEM32\VERSION.dll
0x00007ff9dd430000 - 0x00007ff9dd49b000 	C:\WINDOWS\system32\WS2_32.dll
0x00007ff9d6870000 - 0x00007ff9d689c000 	C:\WINDOWS\SYSTEM32\winmmbase.dll
0x00007ff9dadc0000 - 0x00007ff9dae03000 	C:\WINDOWS\system32\cfgmgr32.dll
0x0000000052390000 - 0x000000005239f000 	C:\Program Files\Java\jdk1.8.0_51\jre\bin\verify.dll
0x0000000052360000 - 0x0000000052389000 	C:\Program Files\Java\jdk1.8.0_51\jre\bin\java.dll
0x0000000051d20000 - 0x0000000051d36000 	C:\Program Files\Java\jdk1.8.0_51\jre\bin\zip.dll
0x00007ff9dbed0000 - 0x00007ff9dd42c000 	C:\WINDOWS\system32\SHELL32.dll
0x00007ff9da510000 - 0x00007ff9dab55000 	C:\WINDOWS\system32\windows.storage.dll
0x00007ff9dd4a0000 - 0x00007ff9dd4f2000 	C:\WINDOWS\system32\shlwapi.dll
0x00007ff9da160000 - 0x00007ff9da16f000 	C:\WINDOWS\system32\kernel.appcore.dll
0x00007ff9da450000 - 0x00007ff9da505000 	C:\WINDOWS\system32\shcore.dll
0x00007ff9da110000 - 0x00007ff9da15b000 	C:\WINDOWS\system32\powrprof.dll
0x00007ff9da0f0000 - 0x00007ff9da104000 	C:\WINDOWS\system32\profapi.dll
0x00007ff9a6800000 - 0x00007ff9a698c000 	C:\WINDOWS\SYSTEM32\dbghelp.dll

VM Arguments:
jvm_args: -Djava.awt.headless=true -Xmx1024M -Dfile.encoding=windows-31j -Duser.country=CA -Duser.language=en -Duser.variant 
java_command: com.android.dx.command.Main --dex --force-jumbo --num-threads=4 --multi-dex --output D:\Downloads\CookHelper\CookHelper\app\build\intermediates\transforms\dex\debug\folders\1000\10\com.android.support-support-core-ui-24.2.0_da74e76a522c964a4772759ddac5b666fa4ab34f D:\Downloads\CookHelper\CookHelper\app\build\intermediates\exploded-aar\com.android.support\support-core-ui\24.2.0\jars\classes.jar
java_class_path (initial): C:\Users\Ahns\AppData\Local\Android\Sdk\build-tools\24.0.1\lib\dx.jar
Launcher Type: SUN_STANDARD

Environment Variables:
PATH=C:\Program Files (x86)\NVIDIA Corporation\PhysX\Common;c:\programdata\oracle\java\javapath;c:\windows\system32;c:\windows;c:\windows\system32\wbem;c:\windows\system32\windowspowershell\v1.0\;c:\program files\widcomm\bluetooth software\;c:\program files\widcomm\bluetooth software\syswow64;c:/python34;c:\program files (x86)\quicktime\qtsystem\;C:\Program Files (x86)\Skype\Phone\;C:\Program Files (x86)\ATI Technologies\ATI.ACE\Core-Static;C:\Program Files\Git\cmd;C:\WINDOWS\system32;C:\WINDOWS;C:\WINDOWS\System32\Wbem;C:\WINDOWS\System32\WindowsPowerShell\v1.0\;C:\Program Files (x86)\Windows Kits\8.1\Windows Performance Toolkit\;C:\Program Files\Microsoft SQL Server\110\Tools\Binn\;C:\Users\Ahns\AppData\Local\Programs\Python\Python35-32\Scripts\;C:\Users\Ahns\AppData\Local\Programs\Python\Python35-32\;C:\Program Files (x86)\Java\jdk1.8.0_51\bin
USERNAME=Ahns
OS=Windows_NT
PROCESSOR_IDENTIFIER=Intel64 Family 6 Model 62 Stepping 4, GenuineIntel



---------------  S Y S T E M  ---------------

OS: Windows 10.0 , 64 bit Build 10586 (10.0.10586.589)

CPU:total 8 (4 cores per cpu, 2 threads per core) family 6 model 62 stepping 4, cmov, cx8, fxsr, mmx, sse, sse2, sse3, ssse3, sse4.1, sse4.2, popcnt, avx, aes, clmul, erms, ht, tsc, tscinvbit

Memory: 4k page, physical 16689932k(4558172k free), swap 20339580k(3748k free)

vm_info: Java HotSpot(TM) 64-Bit Server VM (25.51-b03) for windows-amd64 JRE (1.8.0_51-b16), built on Jun  8 2015 18:03:07 by "java_re" with MS VC++ 10.0 (VS2010)

time: Sat Nov 19 16:19:08 2016
elapsed time: 3 seconds (0d 0h 0m 3s)

