#
# There is insufficient memory for the Java Runtime Environment to continue.
# Native memory allocation (malloc) failed to allocate 1100576 bytes for Chunk::new
# Possible reasons:
#   The system is out of physical RAM or swap space
#   In 32 bit mode, the process size limit was hit
# Possible solutions:
#   Reduce memory load on the system
#   Increase physical memory or swap space
#   Check if swap backing store is full
#   Use 64 bit Java on a 64 bit OS
#   Decrease Java heap size (-Xmx/-Xms)
#   Decrease number of Java threads
#   Decrease Java thread stack sizes (-Xss)
#   Set larger code cache with -XX:ReservedCodeCacheSize=
# This output file may be truncated or incomplete.
#
#  Out of Memory Error (allocation.cpp:390), pid=808, tid=16860
#
# JRE version: Java(TM) SE Runtime Environment (8.0_51-b16) (build 1.8.0_51-b16)
# Java VM: Java HotSpot(TM) 64-Bit Server VM (25.51-b03 mixed mode windows-amd64 compressed oops)
# Failed to write core dump. Minidumps are not enabled by default on client versions of Windows
#

---------------  T H R E A D  ---------------

Current thread (0x0000000017793000):  JavaThread "C2 CompilerThread1" daemon [_thread_in_native, id=16860, stack(0x0000000017e60000,0x0000000017f60000)]

Stack: [0x0000000017e60000,0x0000000017f60000]
Native frames: (J=compiled Java code, j=interpreted, Vv=VM code, C=native code)
V  [jvm.dll+0x32b4ca]
V  [jvm.dll+0x2797e3]
V  [jvm.dll+0x27a479]
V  [jvm.dll+0x271765]
V  [jvm.dll+0xcba02]
V  [jvm.dll+0xcbecc]
V  [jvm.dll+0x476f72]
V  [jvm.dll+0x4b95ff]
V  [jvm.dll+0x46bb38]
V  [jvm.dll+0x46cd4e]
V  [jvm.dll+0x4501a2]
V  [jvm.dll+0xa43a2]
V  [jvm.dll+0xa4cdf]
V  [jvm.dll+0x2418a4]
V  [jvm.dll+0x29846a]
C  [msvcr100.dll+0x21d9f]
C  [msvcr100.dll+0x21e3b]
C  [KERNEL32.DLL+0x18102]
C  [ntdll.dll+0x5c5b4]


Current CompileTask:
C2:   2615 1487   !   4       com.android.dx.cf.code.RopperMachine::run (1550 bytes)


---------------  P R O C E S S  ---------------

Java Threads: ( => current thread )
  0x0000000017a5c800 JavaThread "pool-2-thread-4" [_thread_in_vm, id=11300, stack(0x0000000018760000,0x0000000018860000)]
  0x0000000017a5c000 JavaThread "pool-2-thread-3" [_thread_blocked, id=2392, stack(0x0000000018660000,0x0000000018760000)]
  0x00000000179d1000 JavaThread "pool-2-thread-2" [_thread_blocked, id=7684, stack(0x0000000018560000,0x0000000018660000)]
  0x00000000179ba000 JavaThread "pool-3-thread-1" [_thread_blocked, id=1656, stack(0x0000000018460000,0x0000000018560000)]
  0x00000000179b3000 JavaThread "pool-2-thread-1" [_thread_blocked, id=18284, stack(0x0000000018360000,0x0000000018460000)]
  0x0000000017860800 JavaThread "Service Thread" daemon [_thread_blocked, id=17340, stack(0x0000000018160000,0x0000000018260000)]
  0x000000001781c000 JavaThread "C1 CompilerThread3" daemon [_thread_in_native, id=18072, stack(0x0000000018060000,0x0000000018160000)]
  0x00000000177e6000 JavaThread "C2 CompilerThread2" daemon [_thread_in_native, id=10324, stack(0x0000000017f60000,0x0000000018060000)]
=>0x0000000017793000 JavaThread "C2 CompilerThread1" daemon [_thread_in_native, id=16860, stack(0x0000000017e60000,0x0000000017f60000)]
  0x000000001778f800 JavaThread "C2 CompilerThread0" daemon [_thread_in_native, id=14960, stack(0x0000000017d60000,0x0000000017e60000)]
  0x000000001778d000 JavaThread "Attach Listener" daemon [_thread_blocked, id=3696, stack(0x0000000017c60000,0x0000000017d60000)]
  0x000000001778c800 JavaThread "Signal Dispatcher" daemon [_thread_blocked, id=15492, stack(0x0000000017b60000,0x0000000017c60000)]
  0x0000000002c69000 JavaThread "Finalizer" daemon [_thread_blocked, id=12264, stack(0x0000000017660000,0x0000000017760000)]
  0x0000000002c62000 JavaThread "Reference Handler" daemon [_thread_blocked, id=4448, stack(0x0000000017560000,0x0000000017660000)]
  0x0000000002b73000 JavaThread "main" [_thread_blocked, id=11952, stack(0x0000000002a70000,0x0000000002b70000)]

Other Threads:
  0x0000000015789800 VMThread [stack: 0x0000000017460000,0x0000000017560000] [id=8740]
  0x0000000017869800 WatcherThread [stack: 0x0000000018260000,0x0000000018360000] [id=11896]

VM state:not at safepoint (normal execution)

VM Mutex/Monitor currently owned by a thread: None

Heap:
 PSYoungGen      total 76288K, used 16572K [0x00000000eab00000, 0x00000000f0000000, 0x0000000100000000)
  eden space 65536K, 9% used [0x00000000eab00000,0x00000000eb0ed408,0x00000000eeb00000)
  from space 10752K, 97% used [0x00000000eeb00000,0x00000000ef541d70,0x00000000ef580000)
  to   space 10752K, 0% used [0x00000000ef580000,0x00000000ef580000,0x00000000f0000000)
 ParOldGen       total 175104K, used 16K [0x00000000c0000000, 0x00000000cab00000, 0x00000000eab00000)
  object space 175104K, 0% used [0x00000000c0000000,0x00000000c0004000,0x00000000cab00000)
 Metaspace       used 6144K, capacity 7088K, committed 7296K, reserved 1056768K
  class space    used 590K, capacity 616K, committed 640K, reserved 1048576K

Card table byte_map: [0x0000000012030000,0x0000000012240000] byte_map_base: 0x0000000011a30000

Marking Bits: (ParMarkBitMap*) 0x0000000077a14040
 Begin Bits: [0x0000000012ba0000, 0x0000000013ba0000)
 End Bits:   [0x0000000013ba0000, 0x0000000014ba0000)

Polling page: 0x0000000002670000

CodeCache: size=245760Kb used=6768Kb max_used=6768Kb free=238991Kb
 bounds [0x0000000002c70000, 0x0000000003320000, 0x0000000011c70000]
 total_blobs=1835 nmethods=1563 adapters=184
 compilation: enabled

Compilation events (10 events):
Event: 2.570 Thread 0x000000001781c000 1586       3       com.android.dx.cf.code.Simulator::<init> (66 bytes)
Event: 2.571 Thread 0x000000001781c000 nmethod 1586 0x00000000032f5a90 code [0x00000000032f5c40, 0x00000000032f6398]
Event: 2.571 Thread 0x000000001781c000 1587       3       com.android.dx.cf.code.Frame::<init> (21 bytes)
Event: 2.571 Thread 0x000000001781c000 nmethod 1587 0x0000000003305bd0 code [0x0000000003305da0, 0x0000000003306588]
Event: 2.571 Thread 0x000000001781c000 1588       3       com.android.dx.cf.code.Frame::<init> (10 bytes)
Event: 2.571 Thread 0x000000001781c000 nmethod 1588 0x00000000032f5710 code [0x00000000032f5880, 0x00000000032f5a08]
Event: 2.572 Thread 0x00000000177e6000 nmethod 1529 0x0000000003306990 code [0x0000000003306b80, 0x0000000003307a68]
Event: 2.572 Thread 0x00000000177e6000 1581       4       com.android.dx.ssa.back.FirstFitLocalCombiningAllocator$1::visitNonMoveInsn (6 bytes)
Event: 2.573 Thread 0x000000001778f800 nmethod 1582 0x00000000032f5050 code [0x00000000032f51c0, 0x00000000032f5458]
Event: 2.573 Thread 0x000000001778f800 1544       4       com.android.dx.ssa.back.FirstFitLocalCombiningAllocator$1::processInsn (169 bytes)

GC Heap History (2 events):
Event: 2.373 GC heap before
{Heap before GC invocations=1 (full 0):
 PSYoungGen      total 76288K, used 65536K [0x00000000eab00000, 0x00000000f0000000, 0x0000000100000000)
  eden space 65536K, 100% used [0x00000000eab00000,0x00000000eeb00000,0x00000000eeb00000)
  from space 10752K, 0% used [0x00000000ef580000,0x00000000ef580000,0x00000000f0000000)
  to   space 10752K, 0% used [0x00000000eeb00000,0x00000000eeb00000,0x00000000ef580000)
 ParOldGen       total 175104K, used 0K [0x00000000c0000000, 0x00000000cab00000, 0x00000000eab00000)
  object space 175104K, 0% used [0x00000000c0000000,0x00000000c0000000,0x00000000cab00000)
 Metaspace       used 6115K, capacity 7024K, committed 7296K, reserved 1056768K
  class space    used 590K, capacity 616K, committed 640K, reserved 1048576K
Event: 2.548 GC heap after
Heap after GC invocations=1 (full 0):
 PSYoungGen      total 76288K, used 10503K [0x00000000eab00000, 0x00000000f0000000, 0x0000000100000000)
  eden space 65536K, 0% used [0x00000000eab00000,0x00000000eab00000,0x00000000eeb00000)
  from space 10752K, 97% used [0x00000000eeb00000,0x00000000ef541d70,0x00000000ef580000)
  to   space 10752K, 0% used [0x00000000ef580000,0x00000000ef580000,0x00000000f0000000)
 ParOldGen       total 175104K, used 16K [0x00000000c0000000, 0x00000000cab00000, 0x00000000eab00000)
  object space 175104K, 0% used [0x00000000c0000000,0x00000000c0004000,0x00000000cab00000)
 Metaspace       used 6115K, capacity 7024K, committed 7296K, reserved 1056768K
  class space    used 590K, capacity 616K, committed 640K, reserved 1048576K
}

Deoptimization events (10 events):
Event: 1.344 Thread 0x0000000017a5c000 Uncommon trap: reason=bimorphic action=maybe_recompile pc=0x0000000003176308 method=com.android.dx.cf.code.BytecodeArray.parseInstruction(ILcom/android/dx/cf/code/BytecodeArray$Visitor;)I @ 1357
Event: 1.344 Thread 0x0000000017a5c000 Uncommon trap: reason=bimorphic action=maybe_recompile pc=0x0000000003176308 method=com.android.dx.cf.code.BytecodeArray.parseInstruction(ILcom/android/dx/cf/code/BytecodeArray$Visitor;)I @ 1357
Event: 1.550 Thread 0x0000000002b73000 Uncommon trap: reason=unstable_if action=reinterpret pc=0x0000000002fa7f10 method=com.android.dx.rop.code.RegisterSpec.equals(ILcom/android/dx/rop/type/TypeBearer;Lcom/android/dx/rop/code/LocalItem;)Z @ 42
Event: 1.627 Thread 0x0000000017a5c800 Uncommon trap: reason=null_check action=make_not_entrant pc=0x000000000310d324 method=com.android.dx.ssa.SsaRenamer.getLocalForNewReg(I)Lcom/android/dx/rop/code/LocalItem; @ 19
Event: 1.627 Thread 0x0000000017a5c800 Uncommon trap: reason=null_check action=make_not_entrant pc=0x00000000030cf3e0 method=com.android.dx.ssa.SsaRenamer.getLocalForNewReg(I)Lcom/android/dx/rop/code/LocalItem; @ 19
Event: 1.629 Thread 0x00000000179b3000 Uncommon trap: reason=class_check action=maybe_recompile pc=0x000000000322c890 method=com.android.dx.cf.code.BytecodeArray.parseInstruction(ILcom/android/dx/cf/code/BytecodeArray$Visitor;)I @ 1777
Event: 1.629 Thread 0x00000000179b3000 Uncommon trap: reason=class_check action=maybe_recompile pc=0x000000000322c388 method=com.android.dx.cf.code.BytecodeArray.parseInstruction(ILcom/android/dx/cf/code/BytecodeArray$Visitor;)I @ 1387
Event: 1.774 Thread 0x0000000017a5c800 Uncommon trap: reason=class_check action=maybe_recompile pc=0x000000000322bd58 method=com.android.dx.cf.code.BytecodeArray.parseInstruction(ILcom/android/dx/cf/code/BytecodeArray$Visitor;)I @ 971
Event: 1.774 Thread 0x0000000017a5c800 Uncommon trap: reason=class_check action=maybe_recompile pc=0x000000000322bdac method=com.android.dx.cf.code.BytecodeArray.parseInstruction(ILcom/android/dx/cf/code/BytecodeArray$Visitor;)I @ 987
Event: 1.774 Thread 0x0000000017a5c800 Uncommon trap: reason=class_check action=maybe_recompile pc=0x000000000322bd58 method=com.android.dx.cf.code.BytecodeArray.parseInstruction(ILcom/android/dx/cf/code/BytecodeArray$Visitor;)I @ 971

Internal exceptions (4 events):
Event: 0.043 Thread 0x0000000002b73000 Exception <a 'java/lang/NoSuchMethodError': Method sun.misc.Unsafe.defineClass(Ljava/lang/String;[BII)Ljava/lang/Class; name or signature does not match> (0x00000000eab12f08) thrown at [C:\re\workspace\8-2-build-windows-amd64-cygwin\jdk8u51\3951\hotspot\srL—Q,¶
Event: 0.043 Thread 0x0000000002b73000 Exception <a 'java/lang/NoSuchMethodError': Method sun.misc.Unsafe.prefetchRead(Ljava/lang/Object;J)V name or signature does not match> (0x00000000eab13198) thrown at [C:\re\workspace\8-2-build-windows-amd64-cygwin\jdk8u51\3951\hotspot\src\share\vm\prims\jr…W\ú?
Event: 1.627 Thread 0x0000000017a5c800 Implicit null exception at 0x000000000310bb53 to 0x000000000310d2d9
Event: 1.627 Thread 0x0000000017a5c800 Implicit null exception at 0x00000000030cdefa to 0x00000000030cf3ad

Events (10 events):
Event: 1.774 Thread 0x0000000017a5c800 Uncommon trap: trap_request=0xffffffde fr.pc=0x000000000322bdac
Event: 1.774 Thread 0x0000000017a5c800 DEOPT PACKING pc=0x000000000322bdac sp=0x000000001885e9d0
Event: 1.774 Thread 0x0000000017a5c800 DEOPT UNPACKING pc=0x0000000002cb582a sp=0x000000001885e940 mode 2
Event: 1.774 Thread 0x0000000017a5c800 Uncommon trap: trap_request=0xffffffde fr.pc=0x000000000322bd58
Event: 1.774 Thread 0x0000000017a5c800 DEOPT PACKING pc=0x000000000322bd58 sp=0x000000001885e9d0
Event: 1.774 Thread 0x0000000017a5c800 DEOPT UNPACKING pc=0x0000000002cb582a sp=0x000000001885e940 mode 2
Event: 1.795 Thread 0x0000000002b73000 DEOPT PACKING pc=0x0000000003134d48 sp=0x0000000002b6e400
Event: 1.795 Thread 0x0000000002b73000 DEOPT UNPACKING pc=0x0000000002cb787f sp=0x0000000002b6e148 mode 0
Event: 2.345 Executing VM operation: ParallelGCFailedAllocation
Event: 2.548 Executing VM operation: ParallelGCFailedAllocation done


Dynamic libraries:
0x00007ff760050000 - 0x00007ff760087000 	C:\Program Files\Java\jdk1.8.0_51\bin\java.exe
0x00007ff9ddac0000 - 0x00007ff9ddc81000 	C:\WINDOWS\SYSTEM32\ntdll.dll
0x00007ff9dbcd0000 - 0x00007ff9dbd7d000 	C:\WINDOWS\system32\KERNEL32.DLL
0x00007ff9dabd0000 - 0x00007ff9dadb8000 	C:\WINDOWS\system32\KERNELBASE.dll
0x00007ff9dba60000 - 0x00007ff9dbb07000 	C:\WINDOWS\system32\ADVAPI32.dll
0x00007ff9dda20000 - 0x00007ff9ddabd000 	C:\WINDOWS\system32\msvcrt.dll
0x00007ff9dd850000 - 0x00007ff9dd8ab000 	C:\WINDOWS\system32\sechost.dll
0x00007ff9db760000 - 0x00007ff9db87c000 	C:\WINDOWS\system32\RPCRT4.dll
0x00007ff9dd8c0000 - 0x00007ff9dda16000 	C:\WINDOWS\system32\USER32.dll
0x00007ff9dd500000 - 0x00007ff9dd686000 	C:\WINDOWS\system32\GDI32.dll
0x00007ff9cab00000 - 0x00007ff9cad74000 	C:\WINDOWS\WinSxS\amd64_microsoft.windows.common-controls_6595b64144ccf1df_6.0.10586.672_none_a2d6b3cea53ff843\COMCTL32.dll
0x00007ff9db4e0000 - 0x00007ff9db75d000 	C:\WINDOWS\system32\combase.dll
0x00007ff9dab60000 - 0x00007ff9dabca000 	C:\WINDOWS\system32\bcryptPrimitives.dll
0x00007ff9db880000 - 0x00007ff9db8bb000 	C:\WINDOWS\system32\IMM32.DLL
0x0000000077030000 - 0x0000000077102000 	C:\Program Files\Java\jdk1.8.0_51\jre\bin\msvcr100.dll
0x0000000077210000 - 0x0000000077a93000 	C:\Program Files\Java\jdk1.8.0_51\jre\bin\server\jvm.dll
0x00007ff9dd8b0000 - 0x00007ff9dd8b8000 	C:\WINDOWS\system32\PSAPI.DLL
0x00007ff9c9f90000 - 0x00007ff9c9f99000 	C:\WINDOWS\SYSTEM32\WSOCK32.dll
0x00007ff9d7520000 - 0x00007ff9d752a000 	C:\WINDOWS\SYSTEM32\VERSION.dll
0x00007ff9d69a0000 - 0x00007ff9d69c3000 	C:\WINDOWS\SYSTEM32\WINMM.dll
0x00007ff9dd430000 - 0x00007ff9dd49b000 	C:\WINDOWS\system32\WS2_32.dll
0x0000000002600000 - 0x000000000262c000 	C:\WINDOWS\SYSTEM32\WINMMBASE.dll
0x00007ff9dadc0000 - 0x00007ff9dae03000 	C:\WINDOWS\system32\cfgmgr32.dll
0x0000000052390000 - 0x000000005239f000 	C:\Program Files\Java\jdk1.8.0_51\jre\bin\verify.dll
0x0000000052360000 - 0x0000000052389000 	C:\Program Files\Java\jdk1.8.0_51\jre\bin\java.dll
0x0000000051d20000 - 0x0000000051d36000 	C:\Program Files\Java\jdk1.8.0_51\jre\bin\zip.dll
0x00007ff9dbed0000 - 0x00007ff9dd42c000 	C:\WINDOWS\system32\SHELL32.dll
0x00007ff9da510000 - 0x00007ff9dab55000 	C:\WINDOWS\system32\windows.storage.dll
0x00007ff9dd4a0000 - 0x00007ff9dd4f2000 	C:\WINDOWS\system32\shlwapi.dll
0x00007ff9da160000 - 0x00007ff9da16f000 	C:\WINDOWS\system32\kernel.appcore.dll
0x00007ff9da450000 - 0x00007ff9da505000 	C:\WINDOWS\system32\shcore.dll
0x00007ff9da110000 - 0x00007ff9da15b000 	C:\WINDOWS\system32\powrprof.dll
0x00007ff9da0f0000 - 0x00007ff9da104000 	C:\WINDOWS\system32\profapi.dll
0x00007ff9a6800000 - 0x00007ff9a698c000 	C:\WINDOWS\SYSTEM32\dbghelp.dll

VM Arguments:
jvm_args: -Djava.awt.headless=true -Xmx1024M -Dfile.encoding=windows-31j -Duser.country=CA -Duser.language=en -Duser.variant 
java_command: com.android.dx.command.Main --dex --force-jumbo --num-threads=4 --multi-dex --output D:\Downloads\CookHelper\CookHelper\app\build\intermediates\transforms\dex\debug\folders\1000\10\library-2.4.0_168ec0f9201a9a6a9ee45ed41a8b3b1ad20a3cff C:\Users\Ahns\.gradle\caches\modules-2\files-2.1\com.nineoldandroids\library\2.4.0\e9b63380f3a242dbdbf103a2355ad7e43bad17cb\library-2.4.0.jar
java_class_path (initial): C:\Users\Ahns\AppData\Local\Android\Sdk\build-tools\24.0.1\lib\dx.jar
Launcher Type: SUN_STANDARD

Environment Variables:
PATH=C:\Program Files (x86)\NVIDIA Corporation\PhysX\Common;c:\programdata\oracle\java\javapath;c:\windows\system32;c:\windows;c:\windows\system32\wbem;c:\windows\system32\windowspowershell\v1.0\;c:\program files\widcomm\bluetooth software\;c:\program files\widcomm\bluetooth software\syswow64;c:/python34;c:\program files (x86)\quicktime\qtsystem\;C:\Program Files (x86)\Skype\Phone\;C:\Program Files (x86)\ATI Technologies\ATI.ACE\Core-Static;C:\Program Files\Git\cmd;C:\WINDOWS\system32;C:\WINDOWS;C:\WINDOWS\System32\Wbem;C:\WINDOWS\System32\WindowsPowerShell\v1.0\;C:\Program Files (x86)\Windows Kits\8.1\Windows Performance Toolkit\;C:\Program Files\Microsoft SQL Server\110\Tools\Binn\;C:\Users\Ahns\AppData\Local\Programs\Python\Python35-32\Scripts\;C:\Users\Ahns\AppData\Local\Programs\Python\Python35-32\;C:\Program Files (x86)\Java\jdk1.8.0_51\bin
USERNAME=Ahns
OS=Windows_NT
PROCESSOR_IDENTIFIER=Intel64 Family 6 Model 62 Stepping 4, GenuineIntel



---------------  S Y S T E M  ---------------

OS: Windows 10.0 , 64 bit Build 10586 (10.0.10586.589)

CPU:total 8 (4 cores per cpu, 2 threads per core) family 6 model 62 stepping 4, cmov, cx8, fxsr, mmx, sse, sse2, sse3, ssse3, sse4.1, sse4.2, popcnt, avx, aes, clmul, erms, ht, tsc, tscinvbit

Memory: 4k page, physical 16689932k(3990496k free), swap 20387284k(5140k free)

vm_info: Java HotSpot(TM) 64-Bit Server VM (25.51-b03) for windows-amd64 JRE (1.8.0_51-b16), built on Jun  8 2015 18:03:07 by "java_re" with MS VC++ 10.0 (VS2010)

time: Sat Nov 19 16:15:00 2016
elapsed time: 2 seconds (0d 0h 0m 2s)

