#
# There is insufficient memory for the Java Runtime Environment to continue.
# Native memory allocation (malloc) failed to allocate 32744 bytes for ChunkPool::allocate
# Possible reasons:
#   The system is out of physical RAM or swap space
#   In 32 bit mode, the process size limit was hit
# Possible solutions:
#   Reduce memory load on the system
#   Increase physical memory or swap space
#   Check if swap backing store is full
#   Use 64 bit Java on a 64 bit OS
#   Decrease Java heap size (-Xmx/-Xms)
#   Decrease number of Java threads
#   Decrease Java thread stack sizes (-Xss)
#   Set larger code cache with -XX:ReservedCodeCacheSize=
# This output file may be truncated or incomplete.
#
#  Out of Memory Error (allocation.cpp:273), pid=1656, tid=16748
#
# JRE version: Java(TM) SE Runtime Environment (8.0_51-b16) (build 1.8.0_51-b16)
# Java VM: Java HotSpot(TM) 64-Bit Server VM (25.51-b03 mixed mode windows-amd64 compressed oops)
# Failed to write core dump. Minidumps are not enabled by default on client versions of Windows
#

---------------  T H R E A D  ---------------

Current thread (0x0000000017cef000):  JavaThread "C1 CompilerThread3" daemon [_thread_in_native, id=16748, stack(0x0000000018510000,0x0000000018610000)]

Stack: [0x0000000018510000,0x0000000018610000]
Native frames: (J=compiled Java code, j=interpreted, Vv=VM code, C=native code)
V  [jvm.dll+0x32b4ca]
V  [jvm.dll+0x2797e3]
V  [jvm.dll+0x27a479]
V  [jvm.dll+0x271765]
V  [jvm.dll+0xcb824]
V  [jvm.dll+0xcba47]
V  [jvm.dll+0xcbecc]
V  [jvm.dll+0x419944]
V  [jvm.dll+0x419a65]
V  [jvm.dll+0x419b39]
V  [jvm.dll+0x4165d0]
V  [jvm.dll+0x4169cb]
V  [jvm.dll+0x4178e7]
V  [jvm.dll+0x417b48]
V  [jvm.dll+0x41381f]
V  [jvm.dll+0x416207]
V  [jvm.dll+0x416afd]
V  [jvm.dll+0x416ef2]
V  [jvm.dll+0x41bfe5]
V  [jvm.dll+0x41c0f0]
V  [jvm.dll+0x405f88]
V  [jvm.dll+0x4061f1]
V  [jvm.dll+0x4063b2]
V  [jvm.dll+0x406581]
V  [jvm.dll+0x40678f]
V  [jvm.dll+0xa43a2]
V  [jvm.dll+0xa4cdf]
V  [jvm.dll+0x2418a4]
V  [jvm.dll+0x29846a]
C  [msvcr100.dll+0x21d9f]
C  [msvcr100.dll+0x21e3b]
C  [KERNEL32.DLL+0x18102]
C  [ntdll.dll+0x5c5b4]


Current CompileTask:
C1:   1139  575   !   3       com.android.dx.cf.code.BytecodeArray::parseInstruction (2764 bytes)


---------------  P R O C E S S  ---------------

Java Threads: ( => current thread )
  0x0000000017eff000 JavaThread "pool-2-thread-4" [_thread_in_Java, id=16512, stack(0x0000000018c10000,0x0000000018d10000)]
  0x0000000017e94800 JavaThread "pool-2-thread-3" [_thread_in_Java, id=8340, stack(0x0000000018b10000,0x0000000018c10000)]
  0x0000000017e8f000 JavaThread "pool-2-thread-2" [_thread_in_Java, id=13344, stack(0x0000000018a10000,0x0000000018b10000)]
  0x0000000017e8d000 JavaThread "pool-3-thread-1" [_thread_blocked, id=17132, stack(0x0000000018910000,0x0000000018a10000)]
  0x0000000017e43800 JavaThread "pool-2-thread-1" [_thread_in_Java, id=15524, stack(0x0000000018810000,0x0000000018910000)]
  0x0000000017cfe000 JavaThread "Service Thread" daemon [_thread_blocked, id=1728, stack(0x0000000018610000,0x0000000018710000)]
=>0x0000000017cef000 JavaThread "C1 CompilerThread3" daemon [_thread_in_native, id=16748, stack(0x0000000018510000,0x0000000018610000)]
  0x0000000017ce9000 JavaThread "C2 CompilerThread2" daemon [_thread_in_native, id=17668, stack(0x0000000018410000,0x0000000018510000)]
  0x0000000017c44000 JavaThread "C2 CompilerThread1" daemon [_thread_blocked, id=7632, stack(0x0000000018310000,0x0000000018410000)]
  0x0000000017c40800 JavaThread "C2 CompilerThread0" daemon [_thread_in_native, id=14952, stack(0x0000000018210000,0x0000000018310000)]
  0x0000000017c3e800 JavaThread "Attach Listener" daemon [_thread_blocked, id=18192, stack(0x0000000018110000,0x0000000018210000)]
  0x0000000017c93800 JavaThread "Signal Dispatcher" daemon [_thread_blocked, id=5348, stack(0x0000000018010000,0x0000000018110000)]
  0x0000000003123800 JavaThread "Finalizer" daemon [_thread_blocked, id=5896, stack(0x0000000017b10000,0x0000000017c10000)]
  0x0000000003122000 JavaThread "Reference Handler" daemon [_thread_blocked, id=7832, stack(0x0000000017a10000,0x0000000017b10000)]
  0x0000000003033000 JavaThread "main" [_thread_blocked, id=11976, stack(0x0000000002e90000,0x0000000002f90000)]

Other Threads:
  0x0000000015c49800 VMThread [stack: 0x0000000017910000,0x0000000017a10000] [id=15012]
  0x0000000017cfe800 WatcherThread [stack: 0x0000000018710000,0x0000000018810000] [id=17432]

VM state:not at safepoint (normal execution)

VM Mutex/Monitor currently owned by a thread: None

Heap:
 PSYoungGen      total 76288K, used 18611K [0x00000000eab00000, 0x00000000f0000000, 0x0000000100000000)
  eden space 65536K, 28% used [0x00000000eab00000,0x00000000ebd2cfb8,0x00000000eeb00000)
  from space 10752K, 0% used [0x00000000ef580000,0x00000000ef580000,0x00000000f0000000)
  to   space 10752K, 0% used [0x00000000eeb00000,0x00000000eeb00000,0x00000000ef580000)
 ParOldGen       total 175104K, used 0K [0x00000000c0000000, 0x00000000cab00000, 0x00000000eab00000)
  object space 175104K, 0% used [0x00000000c0000000,0x00000000c0000000,0x00000000cab00000)
 Metaspace       used 5597K, capacity 6576K, committed 6784K, reserved 1056768K
  class space    used 591K, capacity 616K, committed 640K, reserved 1048576K

Card table byte_map: [0x00000000124f0000,0x0000000012700000] byte_map_base: 0x0000000011ef0000

Marking Bits: (ParMarkBitMap*) 0x0000000077a14040
 Begin Bits: [0x0000000013060000, 0x0000000014060000)
 End Bits:   [0x0000000014060000, 0x0000000015060000)

Polling page: 0x0000000002ae0000

CodeCache: size=245760Kb used=2252Kb max_used=2263Kb free=243507Kb
 bounds [0x0000000003130000, 0x00000000033a0000, 0x0000000012130000]
 total_blobs=876 nmethods=605 adapters=184
 compilation: enabled

Compilation events (10 events):
Event: 1.070 Thread 0x0000000017cef000 nmethod 569 0x0000000003354250 code [0x0000000003354420, 0x0000000003354cd8]
Event: 1.070 Thread 0x0000000017cef000  570       3       com.android.dx.ssa.SsaMethod::onSourcesChanged (69 bytes)
Event: 1.070 Thread 0x0000000017cef000 nmethod 570 0x0000000003355050 code [0x0000000003355260, 0x0000000003355e78]
Event: 1.070 Thread 0x0000000017cef000  573       3       java.util.BitSet::or (105 bytes)
Event: 1.071 Thread 0x0000000017cef000 nmethod 573 0x0000000003356550 code [0x0000000003356700, 0x0000000003356c48]
Event: 1.071 Thread 0x0000000017cef000  572       3       com.android.dx.ssa.SsaBasicBlock::addLiveOut (32 bytes)
Event: 1.071 Thread 0x0000000017cef000 nmethod 572 0x0000000003356ed0 code [0x00000000033570a0, 0x0000000003357768]
Event: 1.071 Thread 0x0000000017cef000  571       3       com.android.dx.ssa.MoveParamCombiner$1::visitNonMoveInsn (213 bytes)
Event: 1.073 Thread 0x0000000017cef000 nmethod 571 0x0000000003357b10 code [0x0000000003357e00, 0x0000000003359bf8]
Event: 1.073 Thread 0x0000000017cef000  575   !   3       com.android.dx.cf.code.BytecodeArray::parseInstruction (2764 bytes)

GC Heap History (0 events):
No events

Deoptimization events (1 events):
Event: 0.469 Thread 0x0000000003033000 Uncommon trap: reason=unstable_if action=reinterpret pc=0x0000000003270a94 method=java.lang.String.indexOf(II)I @ 49

Internal exceptions (2 events):
Event: 0.194 Thread 0x0000000003033000 Exception <a 'java/lang/NoSuchMethodError': Method sun.misc.Unsafe.defineClass(Ljava/lang/String;[BII)Ljava/lang/Class; name or signature does not match> (0x00000000eab12f08) thrown at [C:\re\workspace\8-2-build-windows-amd64-cygwin\jdk8u51\3951\hotspot\sr {ркг»?
Event: 0.194 Thread 0x0000000003033000 Exception <a 'java/lang/NoSuchMethodError': Method sun.misc.Unsafe.prefetchRead(Ljava/lang/Object;J)V name or signature does not match> (0x00000000eab13198) thrown at [C:\re\workspace\8-2-build-windows-amd64-cygwin\jdk8u51\3951\hotspot\src\share\vm\prims\j

Events (10 events):
Event: 0.958 loading class com/android/dx/ssa/back/FirstFitLocalCombiningAllocator$Multiset
Event: 0.958 loading class com/android/dx/ssa/back/FirstFitLocalCombiningAllocator$Multiset done
Event: 0.994 loading class com/android/dx/dex/file/MethodAnnotationStruct
Event: 0.994 loading class com/android/dx/dex/file/MethodAnnotationStruct done
Event: 1.050 loading class com/android/dx/dex/file/ParameterAnnotationStruct
Event: 1.050 loading class com/android/dx/dex/file/ParameterAnnotationStruct done
Event: 1.051 loading class com/android/dx/dex/file/UniformListItem
Event: 1.051 loading class com/android/dx/dex/file/UniformListItem done
Event: 1.052 loading class com/android/dx/dex/file/AnnotationSetRefItem
Event: 1.052 loading class com/android/dx/dex/file/AnnotationSetRefItem done


Dynamic libraries:
0x00007ff760050000 - 0x00007ff760087000 	C:\Program Files\Java\jdk1.8.0_51\bin\java.exe
0x00007ff9ddac0000 - 0x00007ff9ddc81000 	C:\WINDOWS\SYSTEM32\ntdll.dll
0x00007ff9dbcd0000 - 0x00007ff9dbd7d000 	C:\WINDOWS\system32\KERNEL32.DLL
0x00007ff9dabd0000 - 0x00007ff9dadb8000 	C:\WINDOWS\system32\KERNELBASE.dll
0x00007ff9dba60000 - 0x00007ff9dbb07000 	C:\WINDOWS\system32\ADVAPI32.dll
0x00007ff9dda20000 - 0x00007ff9ddabd000 	C:\WINDOWS\system32\msvcrt.dll
0x00007ff9dd850000 - 0x00007ff9dd8ab000 	C:\WINDOWS\system32\sechost.dll
0x00007ff9db760000 - 0x00007ff9db87c000 	C:\WINDOWS\system32\RPCRT4.dll
0x00007ff9dd8c0000 - 0x00007ff9dda16000 	C:\WINDOWS\system32\USER32.dll
0x00007ff9dd500000 - 0x00007ff9dd686000 	C:\WINDOWS\system32\GDI32.dll
0x00007ff9cab00000 - 0x00007ff9cad74000 	C:\WINDOWS\WinSxS\amd64_microsoft.windows.common-controls_6595b64144ccf1df_6.0.10586.672_none_a2d6b3cea53ff843\COMCTL32.dll
0x00007ff9db4e0000 - 0x00007ff9db75d000 	C:\WINDOWS\system32\combase.dll
0x00007ff9dab60000 - 0x00007ff9dabca000 	C:\WINDOWS\system32\bcryptPrimitives.dll
0x00007ff9db880000 - 0x00007ff9db8bb000 	C:\WINDOWS\system32\IMM32.DLL
0x0000000077030000 - 0x0000000077102000 	C:\Program Files\Java\jdk1.8.0_51\jre\bin\msvcr100.dll
0x0000000077210000 - 0x0000000077a93000 	C:\Program Files\Java\jdk1.8.0_51\jre\bin\server\jvm.dll
0x00007ff9dd8b0000 - 0x00007ff9dd8b8000 	C:\WINDOWS\system32\PSAPI.DLL
0x00007ff9c9f90000 - 0x00007ff9c9f99000 	C:\WINDOWS\SYSTEM32\WSOCK32.dll
0x00007ff9dd430000 - 0x00007ff9dd49b000 	C:\WINDOWS\system32\WS2_32.dll
0x00007ff9d69a0000 - 0x00007ff9d69c3000 	C:\WINDOWS\SYSTEM32\WINMM.dll
0x00007ff9d7520000 - 0x00007ff9d752a000 	C:\WINDOWS\SYSTEM32\VERSION.dll
0x00007ff9d6870000 - 0x00007ff9d689c000 	C:\WINDOWS\SYSTEM32\WINMMBASE.dll
0x00007ff9dadc0000 - 0x00007ff9dae03000 	C:\WINDOWS\system32\cfgmgr32.dll
0x0000000052390000 - 0x000000005239f000 	C:\Program Files\Java\jdk1.8.0_51\jre\bin\verify.dll
0x0000000052360000 - 0x0000000052389000 	C:\Program Files\Java\jdk1.8.0_51\jre\bin\java.dll
0x0000000051d20000 - 0x0000000051d36000 	C:\Program Files\Java\jdk1.8.0_51\jre\bin\zip.dll
0x00007ff9dbed0000 - 0x00007ff9dd42c000 	C:\WINDOWS\system32\SHELL32.dll
0x00007ff9da510000 - 0x00007ff9dab55000 	C:\WINDOWS\system32\windows.storage.dll
0x00007ff9dd4a0000 - 0x00007ff9dd4f2000 	C:\WINDOWS\system32\shlwapi.dll
0x00007ff9da160000 - 0x00007ff9da16f000 	C:\WINDOWS\system32\kernel.appcore.dll
0x00007ff9da450000 - 0x00007ff9da505000 	C:\WINDOWS\system32\shcore.dll
0x00007ff9da110000 - 0x00007ff9da15b000 	C:\WINDOWS\system32\powrprof.dll
0x00007ff9da0f0000 - 0x00007ff9da104000 	C:\WINDOWS\system32\profapi.dll
0x00007ff9a6800000 - 0x00007ff9a698c000 	C:\WINDOWS\SYSTEM32\dbghelp.dll

VM Arguments:
jvm_args: -Djava.awt.headless=true -Xmx1024M -Dfile.encoding=windows-31j -Duser.country=CA -Duser.language=en -Duser.variant 
java_command: com.android.dx.command.Main --dex --force-jumbo --num-threads=4 --multi-dex --output D:\Downloads\CookHelper\CookHelper\app\build\intermediates\transforms\dex\debug\folders\1000\10\internal_impl-24.2.0_456a0c42b45bcf6a0bec7dfc730d80e9d58c4e2b D:\Downloads\CookHelper\CookHelper\app\build\intermediates\exploded-aar\com.android.support\support-fragment\24.2.0\jars\libs\internal_impl-24.2.0.jar
java_class_path (initial): C:\Users\Ahns\AppData\Local\Android\Sdk\build-tools\24.0.1\lib\dx.jar
Launcher Type: SUN_STANDARD

Environment Variables:
PATH=C:\Program Files (x86)\NVIDIA Corporation\PhysX\Common;c:\programdata\oracle\java\javapath;c:\windows\system32;c:\windows;c:\windows\system32\wbem;c:\windows\system32\windowspowershell\v1.0\;c:\program files\widcomm\bluetooth software\;c:\program files\widcomm\bluetooth software\syswow64;c:/python34;c:\program files (x86)\quicktime\qtsystem\;C:\Program Files (x86)\Skype\Phone\;C:\Program Files (x86)\ATI Technologies\ATI.ACE\Core-Static;C:\Program Files\Git\cmd;C:\WINDOWS\system32;C:\WINDOWS;C:\WINDOWS\System32\Wbem;C:\WINDOWS\System32\WindowsPowerShell\v1.0\;C:\Program Files (x86)\Windows Kits\8.1\Windows Performance Toolkit\;C:\Program Files\Microsoft SQL Server\110\Tools\Binn\;C:\Users\Ahns\AppData\Local\Programs\Python\Python35-32\Scripts\;C:\Users\Ahns\AppData\Local\Programs\Python\Python35-32\;C:\Program Files (x86)\Java\jdk1.8.0_51\bin
USERNAME=Ahns
OS=Windows_NT
PROCESSOR_IDENTIFIER=Intel64 Family 6 Model 62 Stepping 4, GenuineIntel



---------------  S Y S T E M  ---------------

OS: Windows 10.0 , 64 bit Build 10586 (10.0.10586.589)

CPU:total 8 (4 cores per cpu, 2 threads per core) family 6 model 62 stepping 4, cmov, cx8, fxsr, mmx, sse, sse2, sse3, ssse3, sse4.1, sse4.2, popcnt, avx, aes, clmul, erms, ht, tsc, tscinvbit

Memory: 4k page, physical 16689932k(4193748k free), swap 20384900k(125476k free)

vm_info: Java HotSpot(TM) 64-Bit Server VM (25.51-b03) for windows-amd64 JRE (1.8.0_51-b16), built on Jun  8 2015 18:03:07 by "java_re" with MS VC++ 10.0 (VS2010)

time: Sat Nov 19 16:13:54 2016
elapsed time: 1 seconds (0d 0h 0m 1s)

