#
# There is insufficient memory for the Java Runtime Environment to continue.
# Native memory allocation (malloc) failed to allocate 638080 bytes for Chunk::new
# Possible reasons:
#   The system is out of physical RAM or swap space
#   In 32 bit mode, the process size limit was hit
# Possible solutions:
#   Reduce memory load on the system
#   Increase physical memory or swap space
#   Check if swap backing store is full
#   Use 64 bit Java on a 64 bit OS
#   Decrease Java heap size (-Xmx/-Xms)
#   Decrease number of Java threads
#   Decrease Java thread stack sizes (-Xss)
#   Set larger code cache with -XX:ReservedCodeCacheSize=
# This output file may be truncated or incomplete.
#
#  Out of Memory Error (allocation.cpp:390), pid=7672, tid=14080
#
# JRE version: Java(TM) SE Runtime Environment (8.0_51-b16) (build 1.8.0_51-b16)
# Java VM: Java HotSpot(TM) 64-Bit Server VM (25.51-b03 mixed mode windows-amd64 compressed oops)
# Failed to write core dump. Minidumps are not enabled by default on client versions of Windows
#

---------------  T H R E A D  ---------------

Current thread (0x0000000017421000):  JavaThread "C2 CompilerThread0" daemon [_thread_in_native, id=14080, stack(0x00000000179f0000,0x0000000017af0000)]

Stack: [0x00000000179f0000,0x0000000017af0000]
Native frames: (J=compiled Java code, j=interpreted, Vv=VM code, C=native code)
V  [jvm.dll+0x32b4ca]


Current CompileTask:
C2:   3133 1579       4       com.android.dx.dex.code.OutputFinisher::addConstants (93 bytes)


---------------  P R O C E S S  ---------------

Java Threads: ( => current thread )
  0x000000001767a000 JavaThread "pool-1-thread-1" [_thread_in_Java, id=17572, stack(0x0000000019cc0000,0x0000000019dc0000)]
  0x00000000174df000 JavaThread "Service Thread" daemon [_thread_blocked, id=6584, stack(0x0000000017df0000,0x0000000017ef0000)]
  0x0000000017481000 JavaThread "C1 CompilerThread3" daemon [_thread_blocked, id=18024, stack(0x0000000017cf0000,0x0000000017df0000)]
  0x0000000017476800 JavaThread "C2 CompilerThread2" daemon [_thread_blocked, id=12040, stack(0x0000000017bf0000,0x0000000017cf0000)]
  0x0000000017424000 JavaThread "C2 CompilerThread1" daemon [_thread_blocked, id=14220, stack(0x0000000017af0000,0x0000000017bf0000)]
=>0x0000000017421000 JavaThread "C2 CompilerThread0" daemon [_thread_in_native, id=14080, stack(0x00000000179f0000,0x0000000017af0000)]
  0x000000001741e800 JavaThread "Attach Listener" daemon [_thread_blocked, id=16748, stack(0x00000000178f0000,0x00000000179f0000)]
  0x0000000017473800 JavaThread "Signal Dispatcher" daemon [_thread_blocked, id=8768, stack(0x00000000177f0000,0x00000000178f0000)]
  0x0000000002903800 JavaThread "Finalizer" daemon [_thread_blocked, id=1296, stack(0x00000000172f0000,0x00000000173f0000)]
  0x0000000002902000 JavaThread "Reference Handler" daemon [_thread_blocked, id=12220, stack(0x00000000171f0000,0x00000000172f0000)]
  0x0000000002813000 JavaThread "main" [_thread_blocked, id=8572, stack(0x0000000002710000,0x0000000002810000)]

Other Threads:
  0x0000000015429800 VMThread [stack: 0x00000000170f0000,0x00000000171f0000] [id=13652]
  0x00000000174df800 WatcherThread [stack: 0x0000000017ef0000,0x0000000017ff0000] [id=11940]

VM state:not at safepoint (normal execution)

VM Mutex/Monitor currently owned by a thread: None

Heap:
 PSYoungGen      total 76288K, used 16850K [0x00000000eab00000, 0x00000000f4000000, 0x0000000100000000)
  eden space 65536K, 11% used [0x00000000eab00000,0x00000000eb23dbd8,0x00000000eeb00000)
  from space 10752K, 87% used [0x00000000eeb00000,0x00000000ef436f50,0x00000000ef580000)
  to   space 10752K, 0% used [0x00000000f3580000,0x00000000f3580000,0x00000000f4000000)
 ParOldGen       total 175104K, used 24K [0x00000000c0000000, 0x00000000cab00000, 0x00000000eab00000)
  object space 175104K, 0% used [0x00000000c0000000,0x00000000c0006000,0x00000000cab00000)
 Metaspace       used 6324K, capacity 7216K, committed 7296K, reserved 1056768K
  class space    used 613K, capacity 616K, committed 640K, reserved 1048576K

Card table byte_map: [0x0000000011cd0000,0x0000000011ee0000] byte_map_base: 0x00000000116d0000

Marking Bits: (ParMarkBitMap*) 0x0000000077a14040
 Begin Bits: [0x0000000012840000, 0x0000000013840000)
 End Bits:   [0x0000000013840000, 0x0000000014840000)

Polling page: 0x00000000021f0000

CodeCache: size=245760Kb used=7310Kb max_used=7310Kb free=238449Kb
 bounds [0x0000000002910000, 0x0000000003040000, 0x0000000011910000]
 total_blobs=2007 nmethods=1736 adapters=184
 compilation: enabled

Compilation events (10 events):
Event: 3.129 Thread 0x0000000017481000 1741       3       com.android.dx.dex.code.OutputFinisher::calculateReservedCount (122 bytes)
Event: 3.129 Thread 0x0000000017476800 nmethod 1740 0x0000000003035310 code [0x0000000003035460, 0x0000000003035518]
Event: 3.130 Thread 0x0000000017481000 nmethod 1741 0x0000000003033e10 code [0x0000000003034020, 0x0000000003034b58]
Event: 3.130 Thread 0x0000000017481000 1743       3       com.android.dx.dex.code.LocalList$Entry::compareTo (9 bytes)
Event: 3.130 Thread 0x0000000017481000 nmethod 1743 0x0000000003033950 code [0x0000000003033ac0, 0x0000000003033d48]
Event: 3.130 Thread 0x0000000017481000 1742       1       com.android.dx.dex.file.Section::getFile (5 bytes)
Event: 3.130 Thread 0x0000000017481000 nmethod 1742 0x0000000003033690 code [0x00000000030337e0, 0x00000000030338f0]
Event: 3.130 Thread 0x0000000017481000 1746       3       com.android.dx.dex.code.LocalList::set (7 bytes)
Event: 3.130 Thread 0x0000000017481000 nmethod 1746 0x0000000003032650 code [0x0000000003032820, 0x0000000003033008]
Event: 3.130 Thread 0x0000000017481000 1744       3       com.android.dx.dex.code.LocalList$MakeState::startLocal (266 bytes)

GC Heap History (2 events):
Event: 1.813 GC heap before
{Heap before GC invocations=1 (full 0):
 PSYoungGen      total 76288K, used 65536K [0x00000000eab00000, 0x00000000f0000000, 0x0000000100000000)
  eden space 65536K, 100% used [0x00000000eab00000,0x00000000eeb00000,0x00000000eeb00000)
  from space 10752K, 0% used [0x00000000ef580000,0x00000000ef580000,0x00000000f0000000)
  to   space 10752K, 0% used [0x00000000eeb00000,0x00000000eeb00000,0x00000000ef580000)
 ParOldGen       total 175104K, used 0K [0x00000000c0000000, 0x00000000cab00000, 0x00000000eab00000)
  object space 175104K, 0% used [0x00000000c0000000,0x00000000c0000000,0x00000000cab00000)
 Metaspace       used 6052K, capacity 7024K, committed 7296K, reserved 1056768K
  class space    used 595K, capacity 616K, committed 640K, reserved 1048576K
Event: 1.837 GC heap after
Heap after GC invocations=1 (full 0):
 PSYoungGen      total 76288K, used 9435K [0x00000000eab00000, 0x00000000f4000000, 0x0000000100000000)
  eden space 65536K, 0% used [0x00000000eab00000,0x00000000eab00000,0x00000000eeb00000)
  from space 10752K, 87% used [0x00000000eeb00000,0x00000000ef436f50,0x00000000ef580000)
  to   space 10752K, 0% used [0x00000000f3580000,0x00000000f3580000,0x00000000f4000000)
 ParOldGen       total 175104K, used 24K [0x00000000c0000000, 0x00000000cab00000, 0x00000000eab00000)
  object space 175104K, 0% used [0x00000000c0000000,0x00000000c0006000,0x00000000cab00000)
 Metaspace       used 6052K, capacity 7024K, committed 7296K, reserved 1056768K
  class space    used 595K, capacity 616K, committed 640K, reserved 1048576K
}

Deoptimization events (10 events):
Event: 2.991 Thread 0x000000001767a000 Uncommon trap: reason=class_check action=maybe_recompile pc=0x0000000002e4fd0c method=java.util.HashMap.putVal(ILjava/lang/Object;Ljava/lang/Object;ZZ)Ljava/lang/Object; @ 203
Event: 2.991 Thread 0x000000001767a000 Uncommon trap: reason=class_check action=maybe_recompile pc=0x0000000002e4fd0c method=java.util.HashMap.putVal(ILjava/lang/Object;Ljava/lang/Object;ZZ)Ljava/lang/Object; @ 203
Event: 3.059 Thread 0x000000001767a000 Uncommon trap: reason=speculate_class_check action=maybe_recompile pc=0x0000000002c935a8 method=com.android.dx.util.FixedSizeList.equals(Ljava/lang/Object;)Z @ 25
Event: 3.059 Thread 0x000000001767a000 Uncommon trap: reason=class_check action=maybe_recompile pc=0x0000000002c723e4 method=java.util.Arrays.equals([Ljava/lang/Object;[Ljava/lang/Object;)Z @ 62
Event: 3.059 Thread 0x000000001767a000 Uncommon trap: reason=speculate_class_check action=maybe_recompile pc=0x0000000002c935a8 method=com.android.dx.util.FixedSizeList.equals(Ljava/lang/Object;)Z @ 25
Event: 3.059 Thread 0x000000001767a000 Uncommon trap: reason=class_check action=maybe_recompile pc=0x0000000002c723e4 method=java.util.Arrays.equals([Ljava/lang/Object;[Ljava/lang/Object;)Z @ 62
Event: 3.059 Thread 0x000000001767a000 Uncommon trap: reason=speculate_class_check action=maybe_recompile pc=0x0000000002c935a8 method=com.android.dx.util.FixedSizeList.equals(Ljava/lang/Object;)Z @ 25
Event: 3.059 Thread 0x000000001767a000 Uncommon trap: reason=class_check action=maybe_recompile pc=0x0000000002c723e4 method=java.util.Arrays.equals([Ljava/lang/Object;[Ljava/lang/Object;)Z @ 62
Event: 3.059 Thread 0x000000001767a000 Uncommon trap: reason=speculate_class_check action=maybe_recompile pc=0x0000000002c935a8 method=com.android.dx.util.FixedSizeList.equals(Ljava/lang/Object;)Z @ 25
Event: 3.059 Thread 0x000000001767a000 Uncommon trap: reason=unstable_if action=reinterpret pc=0x0000000002c7241c method=java.util.Arrays.equals([Ljava/lang/Object;[Ljava/lang/Object;)Z @ 23

Internal exceptions (3 events):
Event: 0.051 Thread 0x0000000002813000 Exception <a 'java/lang/NoSuchMethodError': Method sun.misc.Unsafe.defineClass(Ljava/lang/String;[BII)Ljava/lang/Class; name or signature does not match> (0x00000000eab12f08) thrown at [C:\re\workspace\8-2-build-windows-amd64-cygwin\jdk8u51\3951\hotspot\srã1É&M™?
Event: 0.051 Thread 0x0000000002813000 Exception <a 'java/lang/NoSuchMethodError': Method sun.misc.Unsafe.prefetchRead(Ljava/lang/Object;J)V name or signature does not match> (0x00000000eab13198) thrown at [C:\re\workspace\8-2-build-windows-amd64-cygwin\jdk8u51\3951\hotspot\src\share\vm\prims\j0):©ñÅ‰?
Event: 0.641 Thread 0x0000000017677000 Implicit null exception at 0x0000000002baed62 to 0x0000000002baee52

Events (10 events):
Event: 3.059 Thread 0x000000001767a000 Uncommon trap: trap_request=0xffffff76 fr.pc=0x0000000002c935a8
Event: 3.059 Thread 0x000000001767a000 DEOPT PACKING pc=0x0000000002c935a8 sp=0x0000000019dbecc0
Event: 3.059 Thread 0x000000001767a000 DEOPT UNPACKING pc=0x000000000295582a sp=0x0000000019dbec80 mode 2
Event: 3.059 Thread 0x000000001767a000 Uncommon trap: trap_request=0xffffff65 fr.pc=0x0000000002c7241c
Event: 3.059 Thread 0x000000001767a000 DEOPT PACKING pc=0x0000000002c7241c sp=0x0000000019dbec50
Event: 3.059 Thread 0x000000001767a000 DEOPT UNPACKING pc=0x000000000295582a sp=0x0000000019dbebf0 mode 2
Event: 3.059 loading class com/android/dx/dex/code/CatchTable$Entry
Event: 3.059 loading class com/android/dx/dex/code/CatchTable$Entry done
Event: 3.060 loading class com/android/dx/util/ByteArrayAnnotatedOutput
Event: 3.060 loading class com/android/dx/util/ByteArrayAnnotatedOutput done


Dynamic libraries:
0x00007ff760050000 - 0x00007ff760087000 	C:\Program Files\Java\jdk1.8.0_51\bin\java.exe
0x00007ff9ddac0000 - 0x00007ff9ddc81000 	C:\WINDOWS\SYSTEM32\ntdll.dll
0x00007ff9dbcd0000 - 0x00007ff9dbd7d000 	C:\WINDOWS\system32\KERNEL32.DLL
0x00007ff9dabd0000 - 0x00007ff9dadb8000 	C:\WINDOWS\system32\KERNELBASE.dll
0x00007ff9dba60000 - 0x00007ff9dbb07000 	C:\WINDOWS\system32\ADVAPI32.dll
0x00007ff9dda20000 - 0x00007ff9ddabd000 	C:\WINDOWS\system32\msvcrt.dll
0x00007ff9dd850000 - 0x00007ff9dd8ab000 	C:\WINDOWS\system32\sechost.dll
0x00007ff9db760000 - 0x00007ff9db87c000 	C:\WINDOWS\system32\RPCRT4.dll
0x00007ff9dd8c0000 - 0x00007ff9dda16000 	C:\WINDOWS\system32\USER32.dll
0x00007ff9dd500000 - 0x00007ff9dd686000 	C:\WINDOWS\system32\GDI32.dll
0x00007ff9cab00000 - 0x00007ff9cad74000 	C:\WINDOWS\WinSxS\amd64_microsoft.windows.common-controls_6595b64144ccf1df_6.0.10586.672_none_a2d6b3cea53ff843\COMCTL32.dll
0x00007ff9db4e0000 - 0x00007ff9db75d000 	C:\WINDOWS\system32\combase.dll
0x00007ff9dab60000 - 0x00007ff9dabca000 	C:\WINDOWS\system32\bcryptPrimitives.dll
0x00007ff9db880000 - 0x00007ff9db8bb000 	C:\WINDOWS\system32\IMM32.DLL
0x0000000077030000 - 0x0000000077102000 	C:\Program Files\Java\jdk1.8.0_51\jre\bin\msvcr100.dll
0x0000000077210000 - 0x0000000077a93000 	C:\Program Files\Java\jdk1.8.0_51\jre\bin\server\jvm.dll
0x00007ff9dd8b0000 - 0x00007ff9dd8b8000 	C:\WINDOWS\system32\PSAPI.DLL
0x00007ff9c9f90000 - 0x00007ff9c9f99000 	C:\WINDOWS\SYSTEM32\WSOCK32.dll
0x00007ff9dd430000 - 0x00007ff9dd49b000 	C:\WINDOWS\system32\WS2_32.dll
0x00007ff9d69a0000 - 0x00007ff9d69c3000 	C:\WINDOWS\SYSTEM32\WINMM.dll
0x00007ff9d7520000 - 0x00007ff9d752a000 	C:\WINDOWS\SYSTEM32\VERSION.dll
0x00007ff9d6870000 - 0x00007ff9d689c000 	C:\WINDOWS\SYSTEM32\WINMMBASE.dll
0x00007ff9dadc0000 - 0x00007ff9dae03000 	C:\WINDOWS\system32\cfgmgr32.dll
0x0000000052390000 - 0x000000005239f000 	C:\Program Files\Java\jdk1.8.0_51\jre\bin\verify.dll
0x0000000052360000 - 0x0000000052389000 	C:\Program Files\Java\jdk1.8.0_51\jre\bin\java.dll
0x0000000051d20000 - 0x0000000051d36000 	C:\Program Files\Java\jdk1.8.0_51\jre\bin\zip.dll
0x00007ff9dbed0000 - 0x00007ff9dd42c000 	C:\WINDOWS\system32\SHELL32.dll
0x00007ff9da510000 - 0x00007ff9dab55000 	C:\WINDOWS\system32\windows.storage.dll
0x00007ff9dd4a0000 - 0x00007ff9dd4f2000 	C:\WINDOWS\system32\shlwapi.dll
0x00007ff9da160000 - 0x00007ff9da16f000 	C:\WINDOWS\system32\kernel.appcore.dll
0x00007ff9da450000 - 0x00007ff9da505000 	C:\WINDOWS\system32\shcore.dll
0x00007ff9da110000 - 0x00007ff9da15b000 	C:\WINDOWS\system32\powrprof.dll
0x00007ff9da0f0000 - 0x00007ff9da104000 	C:\WINDOWS\system32\profapi.dll

VM Arguments:
jvm_args: -Djava.awt.headless=true -Xmx1024M -Dfile.encoding=windows-31j -Duser.country=CA -Duser.language=en -Duser.variant 
java_command: com.android.dx.command.Main --dex --force-jumbo --num-threads=4 --multi-dex --output D:\Downloads\CookHelper\CookHelper\app\build\intermediates\transforms\dex\debug\folders\1000\10\com.rengwuxian.materialedittext-library-2.0.3_b76b37f0151eda99c59316eb528f79d51f604817 D:\Downloads\CookHelper\CookHelper\app\build\intermediates\exploded-aar\com.rengwuxian.materialedittext\library\2.0.3\jars\classes.jar
java_class_path (initial): C:\Users\Ahns\AppData\Local\Android\Sdk\build-tools\24.0.1\lib\dx.jar
Launcher Type: SUN_STANDARD

Environment Variables:
PATH=C:\Program Files (x86)\NVIDIA Corporation\PhysX\Common;c:\programdata\oracle\java\javapath;c:\windows\system32;c:\windows;c:\windows\system32\wbem;c:\windows\system32\windowspowershell\v1.0\;c:\program files\widcomm\bluetooth software\;c:\program files\widcomm\bluetooth software\syswow64;c:/python34;c:\program files (x86)\quicktime\qtsystem\;C:\Program Files (x86)\Skype\Phone\;C:\Program Files (x86)\ATI Technologies\ATI.ACE\Core-Static;C:\Program Files\Git\cmd;C:\WINDOWS\system32;C:\WINDOWS;C:\WINDOWS\System32\Wbem;C:\WINDOWS\System32\WindowsPowerShell\v1.0\;C:\Program Files (x86)\Windows Kits\8.1\Windows Performance Toolkit\;C:\Program Files\Microsoft SQL Server\110\Tools\Binn\;C:\Users\Ahns\AppData\Local\Programs\Python\Python35-32\Scripts\;C:\Users\Ahns\AppData\Local\Programs\Python\Python35-32\;C:\Program Files (x86)\Java\jdk1.8.0_51\bin
USERNAME=Ahns
OS=Windows_NT
PROCESSOR_IDENTIFIER=Intel64 Family 6 Model 62 Stepping 4, GenuineIntel



---------------  S Y S T E M  ---------------

OS: Windows 10.0 , 64 bit Build 10586 (10.0.10586.589)

CPU:total 8 (4 cores per cpu, 2 threads per core) family 6 model 62 stepping 4, cmov, cx8, fxsr, mmx, sse, sse2, sse3, ssse3, sse4.1, sse4.2, popcnt, avx, aes, clmul, erms, ht, tsc, tscinvbit

Memory: 4k page, physical 16689932k(4558196k free), swap 20339580k(3748k free)

vm_info: Java HotSpot(TM) 64-Bit Server VM (25.51-b03) for windows-amd64 JRE (1.8.0_51-b16), built on Jun  8 2015 18:03:07 by "java_re" with MS VC++ 10.0 (VS2010)

time: Sat Nov 19 16:19:08 2016
elapsed time: 3 seconds (0d 0h 0m 3s)

