#
# There is insufficient memory for the Java Runtime Environment to continue.
# Native memory allocation (malloc) failed to allocate 451216 bytes for Chunk::new
# Possible reasons:
#   The system is out of physical RAM or swap space
#   In 32 bit mode, the process size limit was hit
# Possible solutions:
#   Reduce memory load on the system
#   Increase physical memory or swap space
#   Check if swap backing store is full
#   Use 64 bit Java on a 64 bit OS
#   Decrease Java heap size (-Xmx/-Xms)
#   Decrease number of Java threads
#   Decrease Java thread stack sizes (-Xss)
#   Set larger code cache with -XX:ReservedCodeCacheSize=
# This output file may be truncated or incomplete.
#
#  Out of Memory Error (allocation.cpp:390), pid=9332, tid=18784
#
# JRE version: Java(TM) SE Runtime Environment (8.0_51-b16) (build 1.8.0_51-b16)
# Java VM: Java HotSpot(TM) 64-Bit Server VM (25.51-b03 mixed mode windows-amd64 compressed oops)
# Failed to write core dump. Minidumps are not enabled by default on client versions of Windows
#

---------------  T H R E A D  ---------------

Current thread (0x0000000017266000):  JavaThread "C2 CompilerThread1" daemon [_thread_in_native, id=18784, stack(0x0000000017930000,0x0000000017a30000)]

Stack: [0x0000000017930000,0x0000000017a30000]
Native frames: (J=compiled Java code, j=interpreted, Vv=VM code, C=native code)
V  [jvm.dll+0x32b4ca]


Current CompileTask:
C2:   1197 1013       4       com.android.dx.ssa.SsaMethod::forEachInsn (36 bytes)


---------------  P R O C E S S  ---------------

Java Threads: ( => current thread )
  0x00000000174b6800 JavaThread "pool-2-thread-4" [_thread_blocked, id=6660, stack(0x0000000018230000,0x0000000018330000)]
  0x00000000174af800 JavaThread "pool-2-thread-3" [_thread_blocked, id=17492, stack(0x0000000018130000,0x0000000018230000)]
  0x00000000174ae000 JavaThread "pool-2-thread-2" [_thread_in_Java, id=6940, stack(0x0000000018030000,0x0000000018130000)]
  0x00000000174ad000 JavaThread "pool-3-thread-1" [_thread_blocked, id=6556, stack(0x0000000017f30000,0x0000000018030000)]
  0x00000000174aa000 JavaThread "pool-2-thread-1" [_thread_in_vm, id=13388, stack(0x0000000017e30000,0x0000000017f30000)]
  0x0000000017313800 JavaThread "Service Thread" daemon [_thread_blocked, id=11724, stack(0x0000000017c30000,0x0000000017d30000)]
  0x000000001730d800 JavaThread "C1 CompilerThread3" daemon [_thread_in_vm, id=10684, stack(0x0000000017b30000,0x0000000017c30000)]
  0x00000000172b8800 JavaThread "C2 CompilerThread2" daemon [_thread_blocked, id=16312, stack(0x0000000017a30000,0x0000000017b30000)]
=>0x0000000017266000 JavaThread "C2 CompilerThread1" daemon [_thread_in_native, id=18784, stack(0x0000000017930000,0x0000000017a30000)]
  0x0000000017263000 JavaThread "C2 CompilerThread0" daemon [_thread_in_native, id=12040, stack(0x0000000017830000,0x0000000017930000)]
  0x0000000017260800 JavaThread "Attach Listener" daemon [_thread_blocked, id=15356, stack(0x0000000017730000,0x0000000017830000)]
  0x000000001725f800 JavaThread "Signal Dispatcher" daemon [_thread_blocked, id=15320, stack(0x0000000017630000,0x0000000017730000)]
  0x0000000002729000 JavaThread "Finalizer" daemon [_thread_blocked, id=18220, stack(0x0000000017130000,0x0000000017230000)]
  0x0000000002722000 JavaThread "Reference Handler" daemon [_thread_blocked, id=14832, stack(0x0000000017030000,0x0000000017130000)]
  0x0000000002633000 JavaThread "main" [_thread_in_Java, id=19204, stack(0x0000000002010000,0x0000000002110000)]

Other Threads:
  0x0000000015249800 VMThread [stack: 0x0000000016f30000,0x0000000017030000] [id=18452]
  0x0000000017314000 WatcherThread [stack: 0x0000000017d30000,0x0000000017e30000] [id=8932]

VM state:not at safepoint (normal execution)

VM Mutex/Monitor currently owned by a thread: None

Heap:
 PSYoungGen      total 76288K, used 27529K [0x00000000eab00000, 0x00000000f0000000, 0x0000000100000000)
  eden space 65536K, 42% used [0x00000000eab00000,0x00000000ec5e2700,0x00000000eeb00000)
  from space 10752K, 0% used [0x00000000ef580000,0x00000000ef580000,0x00000000f0000000)
  to   space 10752K, 0% used [0x00000000eeb00000,0x00000000eeb00000,0x00000000ef580000)
 ParOldGen       total 175104K, used 0K [0x00000000c0000000, 0x00000000cab00000, 0x00000000eab00000)
  object space 175104K, 0% used [0x00000000c0000000,0x00000000c0000000,0x00000000cab00000)
 Metaspace       used 5866K, capacity 6832K, committed 7040K, reserved 1056768K
  class space    used 593K, capacity 616K, committed 640K, reserved 1048576K

Card table byte_map: [0x0000000011af0000,0x0000000011d00000] byte_map_base: 0x00000000114f0000

Marking Bits: (ParMarkBitMap*) 0x0000000077a14040
 Begin Bits: [0x0000000012660000, 0x0000000013660000)
 End Bits:   [0x0000000013660000, 0x0000000014660000)

Polling page: 0x00000000008a0000

CodeCache: size=245760Kb used=3731Kb max_used=3731Kb free=242028Kb
 bounds [0x0000000002730000, 0x0000000002ae0000, 0x0000000011730000]
 total_blobs=1292 nmethods=1020 adapters=184
 compilation: enabled

Compilation events (10 events):
Event: 1.185 Thread 0x000000001730d800 nmethod 945 0x0000000002ac5a50 code [0x0000000002ac5ba0, 0x0000000002ac5cb0]
Event: 1.185 Thread 0x000000001730d800  958       1       com.android.dx.ssa.SsaInsn::isNormalMoveInsn (2 bytes)
Event: 1.185 Thread 0x0000000017263000 nmethod 1008 0x0000000002acb450 code [0x0000000002acb5e0, 0x0000000002acbbb8]
Event: 1.185 Thread 0x000000001730d800 nmethod 958 0x0000000002ac5790 code [0x0000000002ac58e0, 0x0000000002ac59f0]
Event: 1.185 Thread 0x000000001730d800  935       1       com.android.dx.dex.file.DexFile::getStringIds (5 bytes)
Event: 1.185 Thread 0x000000001730d800 nmethod 935 0x0000000002ac5410 code [0x0000000002ac5560, 0x0000000002ac5670]
Event: 1.185 Thread 0x000000001730d800 1010       1       com.android.dx.rop.code.LocalItem::getName (5 bytes)
Event: 1.185 Thread 0x000000001730d800 nmethod 1010 0x0000000002acb190 code [0x0000000002acb2e0, 0x0000000002acb3f0]
Event: 1.190 Thread 0x000000001730d800 1014       3       com.android.dx.ssa.ConstCollector::getConstsSortedByCountUse (386 bytes)
Event: 1.193 Thread 0x0000000017263000 1031       4       com.android.dx.util.LabeledList::addLabelIndex (43 bytes)

GC Heap History (0 events):
No events

Deoptimization events (5 events):
Event: 0.600 Thread 0x0000000002633000 Uncommon trap: reason=unstable_if action=reinterpret pc=0x000000000287db10 method=java.lang.String.indexOf(II)I @ 49
Event: 0.968 Thread 0x00000000174b6800 Uncommon trap: reason=unstable_if action=reinterpret pc=0x000000000293e8fc method=java.util.HashMap.getNode(ILjava/lang/Object;)Ljava/util/HashMap$Node; @ 62
Event: 1.120 Thread 0x00000000174ae000 Uncommon trap: reason=unstable_if action=reinterpret pc=0x00000000029331b0 method=java.util.BitSet.nextSetBit(I)I @ 87
Event: 1.143 Thread 0x0000000002633000 Uncommon trap: reason=unstable_if action=reinterpret pc=0x000000000294816c method=java.util.HashMap.getNode(ILjava/lang/Object;)Ljava/util/HashMap$Node; @ 129
Event: 1.155 Thread 0x00000000174aa000 Uncommon trap: reason=unstable_if action=reinterpret pc=0x0000000002a5d65c method=com.android.dx.ssa.SsaMethod.onSourcesChanged(Lcom/android/dx/ssa/SsaInsn;Lcom/android/dx/rop/code/RegisterSpecList;)V @ 4

Internal exceptions (2 events):
Event: 0.110 Thread 0x0000000002633000 Exception <a 'java/lang/NoSuchMethodError': Method sun.misc.Unsafe.defineClass(Ljava/lang/String;[BII)Ljava/lang/Class; name or signature does not match> (0x00000000eab12f08) thrown at [C:\re\workspace\8-2-build-windows-amd64-cygwin\jdk8u51\3951\hotspot\sräl‡B¼?
Event: 0.110 Thread 0x0000000002633000 Exception <a 'java/lang/NoSuchMethodError': Method sun.misc.Unsafe.prefetchRead(Ljava/lang/Object;J)V name or signature does not match> (0x00000000eab13198) thrown at [C:\re\workspace\8-2-build-windows-amd64-cygwin\jdk8u51\3951\hotspot\src\share\vm\prims\j

Events (10 events):
Event: 1.136 loading class java/util/TreeMap$EntryIterator
Event: 1.136 loading class java/util/TreeMap$EntryIterator done
Event: 1.143 Thread 0x0000000002633000 Uncommon trap: trap_request=0xffffff65 fr.pc=0x000000000294816c
Event: 1.143 Thread 0x0000000002633000 DEOPT PACKING pc=0x000000000294816c sp=0x000000000210e040
Event: 1.143 Thread 0x0000000002633000 DEOPT UNPACKING pc=0x000000000277582a sp=0x000000000210df60 mode 2
Event: 1.152 loading class com/android/dx/cf/code/SwitchList
Event: 1.152 loading class com/android/dx/cf/code/SwitchList done
Event: 1.155 Thread 0x00000000174aa000 Uncommon trap: trap_request=0xffffff65 fr.pc=0x0000000002a5d65c
Event: 1.155 Thread 0x00000000174aa000 DEOPT PACKING pc=0x0000000002a5d65c sp=0x0000000017f2e560
Event: 1.155 Thread 0x00000000174aa000 DEOPT UNPACKING pc=0x000000000277582a sp=0x0000000017f2e480 mode 2


Dynamic libraries:
0x00007ff760050000 - 0x00007ff760087000 	C:\Program Files\Java\jdk1.8.0_51\bin\java.exe
0x00007ff9ddac0000 - 0x00007ff9ddc81000 	C:\WINDOWS\SYSTEM32\ntdll.dll
0x00007ff9dbcd0000 - 0x00007ff9dbd7d000 	C:\WINDOWS\system32\KERNEL32.DLL
0x00007ff9dabd0000 - 0x00007ff9dadb8000 	C:\WINDOWS\system32\KERNELBASE.dll
0x00007ff9dba60000 - 0x00007ff9dbb07000 	C:\WINDOWS\system32\ADVAPI32.dll
0x00007ff9dda20000 - 0x00007ff9ddabd000 	C:\WINDOWS\system32\msvcrt.dll
0x00007ff9dd850000 - 0x00007ff9dd8ab000 	C:\WINDOWS\system32\sechost.dll
0x00007ff9db760000 - 0x00007ff9db87c000 	C:\WINDOWS\system32\RPCRT4.dll
0x00007ff9dd8c0000 - 0x00007ff9dda16000 	C:\WINDOWS\system32\USER32.dll
0x00007ff9dd500000 - 0x00007ff9dd686000 	C:\WINDOWS\system32\GDI32.dll
0x00007ff9cab00000 - 0x00007ff9cad74000 	C:\WINDOWS\WinSxS\amd64_microsoft.windows.common-controls_6595b64144ccf1df_6.0.10586.672_none_a2d6b3cea53ff843\COMCTL32.dll
0x00007ff9db4e0000 - 0x00007ff9db75d000 	C:\WINDOWS\system32\combase.dll
0x00007ff9dab60000 - 0x00007ff9dabca000 	C:\WINDOWS\system32\bcryptPrimitives.dll
0x00007ff9db880000 - 0x00007ff9db8bb000 	C:\WINDOWS\system32\IMM32.DLL
0x0000000074fa0000 - 0x0000000075072000 	C:\Program Files\Java\jdk1.8.0_51\jre\bin\msvcr100.dll
0x0000000077210000 - 0x0000000077a93000 	C:\Program Files\Java\jdk1.8.0_51\jre\bin\server\jvm.dll
0x00007ff9dd8b0000 - 0x00007ff9dd8b8000 	C:\WINDOWS\system32\PSAPI.DLL
0x00007ff9c9f90000 - 0x00007ff9c9f99000 	C:\WINDOWS\SYSTEM32\WSOCK32.dll
0x00007ff9dd430000 - 0x00007ff9dd49b000 	C:\WINDOWS\system32\WS2_32.dll
0x00007ff9d69a0000 - 0x00007ff9d69c3000 	C:\WINDOWS\SYSTEM32\WINMM.dll
0x00007ff9d7520000 - 0x00007ff9d752a000 	C:\WINDOWS\SYSTEM32\VERSION.dll
0x00007ff9d6870000 - 0x00007ff9d689c000 	C:\WINDOWS\SYSTEM32\WINMMBASE.dll
0x00007ff9dadc0000 - 0x00007ff9dae03000 	C:\WINDOWS\system32\cfgmgr32.dll
0x0000000052390000 - 0x000000005239f000 	C:\Program Files\Java\jdk1.8.0_51\jre\bin\verify.dll
0x0000000052360000 - 0x0000000052389000 	C:\Program Files\Java\jdk1.8.0_51\jre\bin\java.dll
0x0000000051d20000 - 0x0000000051d36000 	C:\Program Files\Java\jdk1.8.0_51\jre\bin\zip.dll
0x00007ff9dbed0000 - 0x00007ff9dd42c000 	C:\WINDOWS\system32\SHELL32.dll
0x00007ff9da510000 - 0x00007ff9dab55000 	C:\WINDOWS\system32\windows.storage.dll
0x00007ff9dd4a0000 - 0x00007ff9dd4f2000 	C:\WINDOWS\system32\shlwapi.dll
0x00007ff9da160000 - 0x00007ff9da16f000 	C:\WINDOWS\system32\kernel.appcore.dll
0x00007ff9da450000 - 0x00007ff9da505000 	C:\WINDOWS\system32\shcore.dll
0x00007ff9da110000 - 0x00007ff9da15b000 	C:\WINDOWS\system32\powrprof.dll
0x00007ff9da0f0000 - 0x00007ff9da104000 	C:\WINDOWS\system32\profapi.dll
0x00007ff9a6800000 - 0x00007ff9a698c000 	C:\WINDOWS\SYSTEM32\dbghelp.dll

VM Arguments:
jvm_args: -Djava.awt.headless=true -Xmx1024M -Dfile.encoding=windows-31j -Duser.country=CA -Duser.language=en -Duser.variant 
java_command: com.android.dx.command.Main --dex --force-jumbo --num-threads=4 --multi-dex --output D:\Downloads\CookHelper\CookHelper\app\build\intermediates\transforms\dex\debug\folders\1000\10\internal_impl-24.2.0_aa72c3d45aa257c5f5e25d2be7c3237d035e17be D:\Downloads\CookHelper\CookHelper\app\build\intermediates\exploded-aar\com.android.support\support-media-compat\24.2.0\jars\libs\internal_impl-24.2.0.jar
java_class_path (initial): C:\Users\Ahns\AppData\Local\Android\Sdk\build-tools\24.0.1\lib\dx.jar
Launcher Type: SUN_STANDARD

Environment Variables:
PATH=C:\Program Files (x86)\NVIDIA Corporation\PhysX\Common;c:\programdata\oracle\java\javapath;c:\windows\system32;c:\windows;c:\windows\system32\wbem;c:\windows\system32\windowspowershell\v1.0\;c:\program files\widcomm\bluetooth software\;c:\program files\widcomm\bluetooth software\syswow64;c:/python34;c:\program files (x86)\quicktime\qtsystem\;C:\Program Files (x86)\Skype\Phone\;C:\Program Files (x86)\ATI Technologies\ATI.ACE\Core-Static;C:\Program Files\Git\cmd;C:\WINDOWS\system32;C:\WINDOWS;C:\WINDOWS\System32\Wbem;C:\WINDOWS\System32\WindowsPowerShell\v1.0\;C:\Program Files (x86)\Windows Kits\8.1\Windows Performance Toolkit\;C:\Program Files\Microsoft SQL Server\110\Tools\Binn\;C:\Users\Ahns\AppData\Local\Programs\Python\Python35-32\Scripts\;C:\Users\Ahns\AppData\Local\Programs\Python\Python35-32\;C:\Program Files (x86)\Java\jdk1.8.0_51\bin
USERNAME=Ahns
OS=Windows_NT
PROCESSOR_IDENTIFIER=Intel64 Family 6 Model 62 Stepping 4, GenuineIntel



---------------  S Y S T E M  ---------------

OS: Windows 10.0 , 64 bit Build 10586 (10.0.10586.589)

CPU:total 8 (4 cores per cpu, 2 threads per core) family 6 model 62 stepping 4, cmov, cx8, fxsr, mmx, sse, sse2, sse3, ssse3, sse4.1, sse4.2, popcnt, avx, aes, clmul, erms, ht, tsc, tscinvbit

Memory: 4k page, physical 16689932k(4810004k free), swap 20726176k(4012k free)

vm_info: Java HotSpot(TM) 64-Bit Server VM (25.51-b03) for windows-amd64 JRE (1.8.0_51-b16), built on Jun  8 2015 18:03:07 by "java_re" with MS VC++ 10.0 (VS2010)

time: Sun Nov 20 16:06:00 2016
elapsed time: 1 seconds (0d 0h 0m 1s)

